#
# There is insufficient memory for the Java Runtime Environment to continue.
# Native memory allocation (malloc) failed to allocate 1678352 bytes. Error detail: Chunk::new
# Possible reasons:
#   The system is out of physical RAM or swap space
#   This process is running with CompressedOops enabled, and the Java Heap may be blocking the growth of the native heap
# Possible solutions:
#   Reduce memory load on the system
#   Increase physical memory or swap space
#   Check if swap backing store is full
#   Decrease Java heap size (-Xmx/-Xms)
#   Decrease number of Java threads
#   Decrease Java thread stack sizes (-Xss)
#   Set larger code cache with -XX:ReservedCodeCacheSize=
#   JVM is running with Unscaled Compressed Oops mode in which the Java heap is
#     placed in the first 4GB address space. The Java Heap base address is the
#     maximum limit for the native heap growth. Please use -XX:HeapBaseMinAddress
#     to set the Java Heap base and to place the Java Heap above 4GB virtual address.
# This output file may be truncated or incomplete.
#
#  Out of Memory Error (arena.cpp:191), pid=3296, tid=13968
#
# JRE version: OpenJDK Runtime Environment Temurin-17.0.16+8 (17.0.16+8) (build 17.0.16+8)
# Java VM: OpenJDK 64-Bit Server VM Temurin-17.0.16+8 (17.0.16+8, mixed mode, sharing, tiered, compressed oops, compressed class ptrs, g1 gc, windows-amd64)
# No core dump will be written. Minidumps are not enabled by default on client versions of Windows
#

---------------  S U M M A R Y ------------

Command Line: -Dfile.encoding=UTF-8 -Dclojure.compile.path=C:\Users\Admin\Documents\FP\functional_programming\lab2\sc-bag/target/classes -Dleiningen.original.pwd=C:\Users\Admin\Documents\FP\functional_programming\lab2\sc-bag clojure.main -m leiningen.core.main test

Host: Intel(R) Core(TM) i5-1035G1 CPU @ 1.00GHz, 8 cores, 7G,  Windows 11 , 64 bit Build 26100 (10.0.26100.6725)
Time: Mon Nov 17 20:10:55 2025 RTZ 2 (s 11 , 64 bit Build 26100 (10.0.26100.6725) elapsed time: 5.729825 seconds (0d 0h 0m 5s)

---------------  T H R E A D  ---------------

Current thread (0x000001f70f0de160):  JavaThread "C2 CompilerThread1" daemon [_thread_in_native, id=13968, stack(0x000000a638800000,0x000000a638900000)]


Current CompileTask:
C2:   5730 1819   !   4       jdk.internal.loader.BuiltinClassLoader::loadClassOrNull (143 bytes)

Stack: [0x000000a638800000,0x000000a638900000]
Native frames: (J=compiled Java code, j=interpreted, Vv=VM code, C=native code)
V  [jvm.dll+0x683169]
V  [jvm.dll+0x839ac8]
V  [jvm.dll+0x83b573]
V  [jvm.dll+0x83bbe3]
V  [jvm.dll+0x2473ff]
V  [jvm.dll+0xace94]
V  [jvm.dll+0xad52c]
V  [jvm.dll+0x365e0e]
V  [jvm.dll+0x32fff8]
V  [jvm.dll+0x32f47a]
V  [jvm.dll+0x21831f]
V  [jvm.dll+0x21775f]
V  [jvm.dll+0x1a32a0]
V  [jvm.dll+0x227b3c]
V  [jvm.dll+0x225ccb]
V  [jvm.dll+0x7ef2d8]
V  [jvm.dll+0x7e979c]
V  [jvm.dll+0x682047]
C  [ucrtbase.dll+0x37b0]
C  [KERNEL32.DLL+0x2e8d7]
C  [ntdll.dll+0x8c53c]


---------------  P R O C E S S  ---------------

Threads class SMR info:
_java_thread_list=0x000001f7103b8650, length=13, elements={
0x000001f6ab6c96f0, 0x000001f6c9922fb0, 0x000001f6c9924980, 0x000001f6c993efb0,
0x000001f6c993f970, 0x000001f6c9940330, 0x000001f6c9942d00, 0x000001f6c99439f0,
0x000001f6c994e690, 0x000001f6c99504a0, 0x000001f6c9ba6b70, 0x000001f6c9baa700,
0x000001f70f0de160
}

Java Threads: ( => current thread )
  0x000001f6ab6c96f0 JavaThread "main" [_thread_in_vm, id=2752, stack(0x000000a637500000,0x000000a637600000)]
  0x000001f6c9922fb0 JavaThread "Reference Handler" daemon [_thread_blocked, id=7128, stack(0x000000a637c00000,0x000000a637d00000)]
  0x000001f6c9924980 JavaThread "Finalizer" daemon [_thread_blocked, id=10220, stack(0x000000a637d00000,0x000000a637e00000)]
  0x000001f6c993efb0 JavaThread "Signal Dispatcher" daemon [_thread_blocked, id=15696, stack(0x000000a637e00000,0x000000a637f00000)]
  0x000001f6c993f970 JavaThread "Attach Listener" daemon [_thread_blocked, id=2504, stack(0x000000a637f00000,0x000000a638000000)]
  0x000001f6c9940330 JavaThread "Service Thread" daemon [_thread_blocked, id=6216, stack(0x000000a638000000,0x000000a638100000)]
  0x000001f6c9942d00 JavaThread "Monitor Deflation Thread" daemon [_thread_blocked, id=7808, stack(0x000000a638100000,0x000000a638200000)]
  0x000001f6c99439f0 JavaThread "C2 CompilerThread0" daemon [_thread_blocked, id=2336, stack(0x000000a638200000,0x000000a638300000)]
  0x000001f6c994e690 JavaThread "C1 CompilerThread0" daemon [_thread_blocked, id=1596, stack(0x000000a638300000,0x000000a638400000)]
  0x000001f6c99504a0 JavaThread "Sweeper thread" daemon [_thread_blocked, id=1992, stack(0x000000a638400000,0x000000a638500000)]
  0x000001f6c9ba6b70 JavaThread "Notification Thread" daemon [_thread_blocked, id=8148, stack(0x000000a638500000,0x000000a638600000)]
  0x000001f6c9baa700 JavaThread "Common-Cleaner" daemon [_thread_blocked, id=5704, stack(0x000000a638700000,0x000000a638800000)]
=>0x000001f70f0de160 JavaThread "C2 CompilerThread1" daemon [_thread_in_native, id=13968, stack(0x000000a638800000,0x000000a638900000)]

Other Threads:
  0x000001f6c991fb80 VMThread "VM Thread" [stack: 0x000000a637b00000,0x000000a637c00000] [id=7320]
  0x000001f6c9ba9060 WatcherThread [stack: 0x000000a638600000,0x000000a638700000] [id=13388]
  0x000001f6ab723f20 GCTaskThread "GC Thread#0" [stack: 0x000000a637600000,0x000000a637700000] [id=14436]
  0x000001f6c9d42730 GCTaskThread "GC Thread#1" [stack: 0x000000a638a00000,0x000000a638b00000] [id=9180]
  0x000001f70f38e2e0 GCTaskThread "GC Thread#2" [stack: 0x000000a638b00000,0x000000a638c00000] [id=8448]
  0x000001f70f5d1b10 GCTaskThread "GC Thread#3" [stack: 0x000000a638c00000,0x000000a638d00000] [id=8760]
  0x000001f70f6f0120 GCTaskThread "GC Thread#4" [stack: 0x000000a638d00000,0x000000a638e00000] [id=11300]
  0x000001f70f00bd10 GCTaskThread "GC Thread#5" [stack: 0x000000a638e00000,0x000000a638f00000] [id=356]
  0x000001f70f268a50 GCTaskThread "GC Thread#6" [stack: 0x000000a638f00000,0x000000a639000000] [id=10452]
  0x000001f70f203f10 GCTaskThread "GC Thread#7" [stack: 0x000000a639000000,0x000000a639100000] [id=8500]
  0x000001f6ab735680 ConcurrentGCThread "G1 Main Marker" [stack: 0x000000a637700000,0x000000a637800000] [id=10252]
  0x000001f6ab736d70 ConcurrentGCThread "G1 Conc#0" [stack: 0x000000a637800000,0x000000a637900000] [id=8832]
  0x000001f6ab77d080 ConcurrentGCThread "G1 Refine#0" [stack: 0x000000a637900000,0x000000a637a00000] [id=4060]
  0x000001f6ab77e860 ConcurrentGCThread "G1 Service" [stack: 0x000000a637a00000,0x000000a637b00000] [id=2528]

Threads with active compile tasks:
C2 CompilerThread1     5792 1819   !   4       jdk.internal.loader.BuiltinClassLoader::loadClassOrNull (143 bytes)

VM state: not at safepoint (normal execution)

VM Mutex/Monitor currently owned by a thread: None

Heap address: 0x0000000084000000, size: 1984 MB, Compressed Oops mode: 32-bit

CDS archive(s) mapped at: [0x000001f6ca000000-0x000001f6cabb0000-0x000001f6cabb0000), size 12255232, SharedBaseAddress: 0x000001f6ca000000, ArchiveRelocationMode: 1.
Compressed class space mapped at: 0x000001f6cb000000-0x000001f70b000000, reserved size: 1073741824
Narrow klass base: 0x000001f6ca000000, Narrow klass shift: 0, Narrow klass range: 0x100000000

GC Precious Log:
 CPUs: 8 total, 8 available
 Memory: 7932M
 Large Page Support: Disabled
 NUMA Support: Disabled
 Compressed Oops: Enabled (32-bit)
 Heap Region Size: 1M
 Heap Min Capacity: 8M
 Heap Initial Capacity: 124M
 Heap Max Capacity: 1984M
 Pre-touch: Disabled
 Parallel Workers: 8
 Concurrent Workers: 2
 Concurrent Refinement Workers: 8
 Periodic GC: Disabled

Heap:
 garbage-first heap   total 126976K, used 25927K [0x0000000084000000, 0x0000000100000000)
  region size 1024K, 22 young (22528K), 3 survivors (3072K)
 Metaspace       used 16537K, committed 16832K, reserved 1114112K
  class space    used 3383K, committed 3520K, reserved 1048576K

Heap Regions: E=young(eden), S=young(survivor), O=old, HS=humongous(starts), HC=humongous(continues), CS=collection set, F=free, OA=open archive, CA=closed archive, TAMS=top-at-mark-start (previous, next)
|   0|0x0000000084000000, 0x0000000084100000, 0x0000000084100000|100%|HS|  |TAMS 0x0000000084000000, 0x0000000084000000| Complete 
|   1|0x0000000084100000, 0x0000000084200000, 0x0000000084200000|100%|HC|  |TAMS 0x0000000084100000, 0x0000000084100000| Complete 
|   2|0x0000000084200000, 0x0000000084300000, 0x0000000084300000|100%| O|  |TAMS 0x0000000084200000, 0x0000000084200000| Untracked 
|   3|0x0000000084300000, 0x0000000084400000, 0x0000000084400000|100%| O|  |TAMS 0x0000000084300000, 0x0000000084300000| Untracked 
|   4|0x0000000084400000, 0x0000000084500000, 0x0000000084500000|100%| O|  |TAMS 0x0000000084400000, 0x0000000084400000| Untracked 
|   5|0x0000000084500000, 0x000000008450f200, 0x0000000084600000|  5%| O|  |TAMS 0x0000000084500000, 0x0000000084500000| Untracked 
|   6|0x0000000084600000, 0x0000000084600000, 0x0000000084700000|  0%| F|  |TAMS 0x0000000084600000, 0x0000000084600000| Untracked 
|   7|0x0000000084700000, 0x0000000084700000, 0x0000000084800000|  0%| F|  |TAMS 0x0000000084700000, 0x0000000084700000| Untracked 
|   8|0x0000000084800000, 0x0000000084800000, 0x0000000084900000|  0%| F|  |TAMS 0x0000000084800000, 0x0000000084800000| Untracked 
|   9|0x0000000084900000, 0x0000000084900000, 0x0000000084a00000|  0%| F|  |TAMS 0x0000000084900000, 0x0000000084900000| Untracked 
|  10|0x0000000084a00000, 0x0000000084a00000, 0x0000000084b00000|  0%| F|  |TAMS 0x0000000084a00000, 0x0000000084a00000| Untracked 
|  11|0x0000000084b00000, 0x0000000084b00000, 0x0000000084c00000|  0%| F|  |TAMS 0x0000000084b00000, 0x0000000084b00000| Untracked 
|  12|0x0000000084c00000, 0x0000000084c00000, 0x0000000084d00000|  0%| F|  |TAMS 0x0000000084c00000, 0x0000000084c00000| Untracked 
|  13|0x0000000084d00000, 0x0000000084d00000, 0x0000000084e00000|  0%| F|  |TAMS 0x0000000084d00000, 0x0000000084d00000| Untracked 
|  14|0x0000000084e00000, 0x0000000084e00000, 0x0000000084f00000|  0%| F|  |TAMS 0x0000000084e00000, 0x0000000084e00000| Untracked 
|  15|0x0000000084f00000, 0x0000000084f00000, 0x0000000085000000|  0%| F|  |TAMS 0x0000000084f00000, 0x0000000084f00000| Untracked 
|  16|0x0000000085000000, 0x0000000085000000, 0x0000000085100000|  0%| F|  |TAMS 0x0000000085000000, 0x0000000085000000| Untracked 
|  17|0x0000000085100000, 0x0000000085100000, 0x0000000085200000|  0%| F|  |TAMS 0x0000000085100000, 0x0000000085100000| Untracked 
|  18|0x0000000085200000, 0x0000000085200000, 0x0000000085300000|  0%| F|  |TAMS 0x0000000085200000, 0x0000000085200000| Untracked 
|  19|0x0000000085300000, 0x0000000085300000, 0x0000000085400000|  0%| F|  |TAMS 0x0000000085300000, 0x0000000085300000| Untracked 
|  20|0x0000000085400000, 0x0000000085400000, 0x0000000085500000|  0%| F|  |TAMS 0x0000000085400000, 0x0000000085400000| Untracked 
|  21|0x0000000085500000, 0x0000000085500000, 0x0000000085600000|  0%| F|  |TAMS 0x0000000085500000, 0x0000000085500000| Untracked 
|  22|0x0000000085600000, 0x0000000085600000, 0x0000000085700000|  0%| F|  |TAMS 0x0000000085600000, 0x0000000085600000| Untracked 
|  23|0x0000000085700000, 0x0000000085700000, 0x0000000085800000|  0%| F|  |TAMS 0x0000000085700000, 0x0000000085700000| Untracked 
|  24|0x0000000085800000, 0x0000000085800000, 0x0000000085900000|  0%| F|  |TAMS 0x0000000085800000, 0x0000000085800000| Untracked 
|  25|0x0000000085900000, 0x0000000085900000, 0x0000000085a00000|  0%| F|  |TAMS 0x0000000085900000, 0x0000000085900000| Untracked 
|  26|0x0000000085a00000, 0x0000000085a00000, 0x0000000085b00000|  0%| F|  |TAMS 0x0000000085a00000, 0x0000000085a00000| Untracked 
|  27|0x0000000085b00000, 0x0000000085b00000, 0x0000000085c00000|  0%| F|  |TAMS 0x0000000085b00000, 0x0000000085b00000| Untracked 
|  28|0x0000000085c00000, 0x0000000085c00000, 0x0000000085d00000|  0%| F|  |TAMS 0x0000000085c00000, 0x0000000085c00000| Untracked 
|  29|0x0000000085d00000, 0x0000000085d00000, 0x0000000085e00000|  0%| F|  |TAMS 0x0000000085d00000, 0x0000000085d00000| Untracked 
|  30|0x0000000085e00000, 0x0000000085e00000, 0x0000000085f00000|  0%| F|  |TAMS 0x0000000085e00000, 0x0000000085e00000| Untracked 
|  31|0x0000000085f00000, 0x0000000085f00000, 0x0000000086000000|  0%| F|  |TAMS 0x0000000085f00000, 0x0000000085f00000| Untracked 
|  32|0x0000000086000000, 0x0000000086000000, 0x0000000086100000|  0%| F|  |TAMS 0x0000000086000000, 0x0000000086000000| Untracked 
|  33|0x0000000086100000, 0x0000000086100000, 0x0000000086200000|  0%| F|  |TAMS 0x0000000086100000, 0x0000000086100000| Untracked 
|  34|0x0000000086200000, 0x0000000086200000, 0x0000000086300000|  0%| F|  |TAMS 0x0000000086200000, 0x0000000086200000| Untracked 
|  35|0x0000000086300000, 0x0000000086300000, 0x0000000086400000|  0%| F|  |TAMS 0x0000000086300000, 0x0000000086300000| Untracked 
|  36|0x0000000086400000, 0x0000000086400000, 0x0000000086500000|  0%| F|  |TAMS 0x0000000086400000, 0x0000000086400000| Untracked 
|  37|0x0000000086500000, 0x0000000086500000, 0x0000000086600000|  0%| F|  |TAMS 0x0000000086500000, 0x0000000086500000| Untracked 
|  38|0x0000000086600000, 0x0000000086600000, 0x0000000086700000|  0%| F|  |TAMS 0x0000000086600000, 0x0000000086600000| Untracked 
|  39|0x0000000086700000, 0x0000000086700000, 0x0000000086800000|  0%| F|  |TAMS 0x0000000086700000, 0x0000000086700000| Untracked 
|  40|0x0000000086800000, 0x0000000086800000, 0x0000000086900000|  0%| F|  |TAMS 0x0000000086800000, 0x0000000086800000| Untracked 
|  41|0x0000000086900000, 0x0000000086900000, 0x0000000086a00000|  0%| F|  |TAMS 0x0000000086900000, 0x0000000086900000| Untracked 
|  42|0x0000000086a00000, 0x0000000086a00000, 0x0000000086b00000|  0%| F|  |TAMS 0x0000000086a00000, 0x0000000086a00000| Untracked 
|  43|0x0000000086b00000, 0x0000000086b00000, 0x0000000086c00000|  0%| F|  |TAMS 0x0000000086b00000, 0x0000000086b00000| Untracked 
|  44|0x0000000086c00000, 0x0000000086c00000, 0x0000000086d00000|  0%| F|  |TAMS 0x0000000086c00000, 0x0000000086c00000| Untracked 
|  45|0x0000000086d00000, 0x0000000086d00000, 0x0000000086e00000|  0%| F|  |TAMS 0x0000000086d00000, 0x0000000086d00000| Untracked 
|  46|0x0000000086e00000, 0x0000000086e00000, 0x0000000086f00000|  0%| F|  |TAMS 0x0000000086e00000, 0x0000000086e00000| Untracked 
|  47|0x0000000086f00000, 0x0000000086f00000, 0x0000000087000000|  0%| F|  |TAMS 0x0000000086f00000, 0x0000000086f00000| Untracked 
|  48|0x0000000087000000, 0x0000000087000000, 0x0000000087100000|  0%| F|  |TAMS 0x0000000087000000, 0x0000000087000000| Untracked 
|  49|0x0000000087100000, 0x0000000087100000, 0x0000000087200000|  0%| F|  |TAMS 0x0000000087100000, 0x0000000087100000| Untracked 
|  50|0x0000000087200000, 0x0000000087200000, 0x0000000087300000|  0%| F|  |TAMS 0x0000000087200000, 0x0000000087200000| Untracked 
|  51|0x0000000087300000, 0x0000000087300000, 0x0000000087400000|  0%| F|  |TAMS 0x0000000087300000, 0x0000000087300000| Untracked 
|  52|0x0000000087400000, 0x0000000087400000, 0x0000000087500000|  0%| F|  |TAMS 0x0000000087400000, 0x0000000087400000| Untracked 
|  53|0x0000000087500000, 0x0000000087500000, 0x0000000087600000|  0%| F|  |TAMS 0x0000000087500000, 0x0000000087500000| Untracked 
|  54|0x0000000087600000, 0x0000000087600000, 0x0000000087700000|  0%| F|  |TAMS 0x0000000087600000, 0x0000000087600000| Untracked 
|  55|0x0000000087700000, 0x0000000087700000, 0x0000000087800000|  0%| F|  |TAMS 0x0000000087700000, 0x0000000087700000| Untracked 
|  56|0x0000000087800000, 0x0000000087800000, 0x0000000087900000|  0%| F|  |TAMS 0x0000000087800000, 0x0000000087800000| Untracked 
|  57|0x0000000087900000, 0x0000000087900000, 0x0000000087a00000|  0%| F|  |TAMS 0x0000000087900000, 0x0000000087900000| Untracked 
|  58|0x0000000087a00000, 0x0000000087a00000, 0x0000000087b00000|  0%| F|  |TAMS 0x0000000087a00000, 0x0000000087a00000| Untracked 
|  59|0x0000000087b00000, 0x0000000087b00000, 0x0000000087c00000|  0%| F|  |TAMS 0x0000000087b00000, 0x0000000087b00000| Untracked 
|  60|0x0000000087c00000, 0x0000000087c00000, 0x0000000087d00000|  0%| F|  |TAMS 0x0000000087c00000, 0x0000000087c00000| Untracked 
|  61|0x0000000087d00000, 0x0000000087d00000, 0x0000000087e00000|  0%| F|  |TAMS 0x0000000087d00000, 0x0000000087d00000| Untracked 
|  62|0x0000000087e00000, 0x0000000087e00000, 0x0000000087f00000|  0%| F|  |TAMS 0x0000000087e00000, 0x0000000087e00000| Untracked 
|  63|0x0000000087f00000, 0x0000000087f00000, 0x0000000088000000|  0%| F|  |TAMS 0x0000000087f00000, 0x0000000087f00000| Untracked 
|  64|0x0000000088000000, 0x0000000088000000, 0x0000000088100000|  0%| F|  |TAMS 0x0000000088000000, 0x0000000088000000| Untracked 
|  65|0x0000000088100000, 0x0000000088100000, 0x0000000088200000|  0%| F|  |TAMS 0x0000000088100000, 0x0000000088100000| Untracked 
|  66|0x0000000088200000, 0x0000000088200000, 0x0000000088300000|  0%| F|  |TAMS 0x0000000088200000, 0x0000000088200000| Untracked 
|  67|0x0000000088300000, 0x0000000088300000, 0x0000000088400000|  0%| F|  |TAMS 0x0000000088300000, 0x0000000088300000| Untracked 
|  68|0x0000000088400000, 0x0000000088400000, 0x0000000088500000|  0%| F|  |TAMS 0x0000000088400000, 0x0000000088400000| Untracked 
|  69|0x0000000088500000, 0x0000000088500000, 0x0000000088600000|  0%| F|  |TAMS 0x0000000088500000, 0x0000000088500000| Untracked 
|  70|0x0000000088600000, 0x0000000088600000, 0x0000000088700000|  0%| F|  |TAMS 0x0000000088600000, 0x0000000088600000| Untracked 
|  71|0x0000000088700000, 0x0000000088700000, 0x0000000088800000|  0%| F|  |TAMS 0x0000000088700000, 0x0000000088700000| Untracked 
|  72|0x0000000088800000, 0x0000000088800000, 0x0000000088900000|  0%| F|  |TAMS 0x0000000088800000, 0x0000000088800000| Untracked 
|  73|0x0000000088900000, 0x0000000088900000, 0x0000000088a00000|  0%| F|  |TAMS 0x0000000088900000, 0x0000000088900000| Untracked 
|  74|0x0000000088a00000, 0x0000000088a00000, 0x0000000088b00000|  0%| F|  |TAMS 0x0000000088a00000, 0x0000000088a00000| Untracked 
|  75|0x0000000088b00000, 0x0000000088b00000, 0x0000000088c00000|  0%| F|  |TAMS 0x0000000088b00000, 0x0000000088b00000| Untracked 
|  76|0x0000000088c00000, 0x0000000088c00000, 0x0000000088d00000|  0%| F|  |TAMS 0x0000000088c00000, 0x0000000088c00000| Untracked 
|  77|0x0000000088d00000, 0x0000000088d00000, 0x0000000088e00000|  0%| F|  |TAMS 0x0000000088d00000, 0x0000000088d00000| Untracked 
|  78|0x0000000088e00000, 0x0000000088e00000, 0x0000000088f00000|  0%| F|  |TAMS 0x0000000088e00000, 0x0000000088e00000| Untracked 
|  79|0x0000000088f00000, 0x0000000088f00000, 0x0000000089000000|  0%| F|  |TAMS 0x0000000088f00000, 0x0000000088f00000| Untracked 
|  80|0x0000000089000000, 0x0000000089000000, 0x0000000089100000|  0%| F|  |TAMS 0x0000000089000000, 0x0000000089000000| Untracked 
|  81|0x0000000089100000, 0x0000000089100000, 0x0000000089200000|  0%| F|  |TAMS 0x0000000089100000, 0x0000000089100000| Untracked 
|  82|0x0000000089200000, 0x0000000089200000, 0x0000000089300000|  0%| F|  |TAMS 0x0000000089200000, 0x0000000089200000| Untracked 
|  83|0x0000000089300000, 0x0000000089300000, 0x0000000089400000|  0%| F|  |TAMS 0x0000000089300000, 0x0000000089300000| Untracked 
|  84|0x0000000089400000, 0x0000000089400000, 0x0000000089500000|  0%| F|  |TAMS 0x0000000089400000, 0x0000000089400000| Untracked 
|  85|0x0000000089500000, 0x0000000089500000, 0x0000000089600000|  0%| F|  |TAMS 0x0000000089500000, 0x0000000089500000| Untracked 
|  86|0x0000000089600000, 0x0000000089600000, 0x0000000089700000|  0%| F|  |TAMS 0x0000000089600000, 0x0000000089600000| Untracked 
|  87|0x0000000089700000, 0x0000000089742ce0, 0x0000000089800000| 26%| S|CS|TAMS 0x0000000089700000, 0x0000000089700000| Complete 
|  88|0x0000000089800000, 0x0000000089900000, 0x0000000089900000|100%| S|CS|TAMS 0x0000000089800000, 0x0000000089800000| Complete 
|  89|0x0000000089900000, 0x0000000089a00000, 0x0000000089a00000|100%| S|CS|TAMS 0x0000000089900000, 0x0000000089900000| Complete 
|  90|0x0000000089a00000, 0x0000000089a00000, 0x0000000089b00000|  0%| F|  |TAMS 0x0000000089a00000, 0x0000000089a00000| Untracked 
|  91|0x0000000089b00000, 0x0000000089b00000, 0x0000000089c00000|  0%| F|  |TAMS 0x0000000089b00000, 0x0000000089b00000| Untracked 
|  92|0x0000000089c00000, 0x0000000089c00000, 0x0000000089d00000|  0%| F|  |TAMS 0x0000000089c00000, 0x0000000089c00000| Untracked 
|  93|0x0000000089d00000, 0x0000000089d00000, 0x0000000089e00000|  0%| F|  |TAMS 0x0000000089d00000, 0x0000000089d00000| Untracked 
|  94|0x0000000089e00000, 0x0000000089e00000, 0x0000000089f00000|  0%| F|  |TAMS 0x0000000089e00000, 0x0000000089e00000| Untracked 
|  95|0x0000000089f00000, 0x0000000089f00000, 0x000000008a000000|  0%| F|  |TAMS 0x0000000089f00000, 0x0000000089f00000| Untracked 
|  96|0x000000008a000000, 0x000000008a000000, 0x000000008a100000|  0%| F|  |TAMS 0x000000008a000000, 0x000000008a000000| Untracked 
|  97|0x000000008a100000, 0x000000008a100000, 0x000000008a200000|  0%| F|  |TAMS 0x000000008a100000, 0x000000008a100000| Untracked 
|  98|0x000000008a200000, 0x000000008a200000, 0x000000008a300000|  0%| F|  |TAMS 0x000000008a200000, 0x000000008a200000| Untracked 
|  99|0x000000008a300000, 0x000000008a300000, 0x000000008a400000|  0%| F|  |TAMS 0x000000008a300000, 0x000000008a300000| Untracked 
| 100|0x000000008a400000, 0x000000008a400000, 0x000000008a500000|  0%| F|  |TAMS 0x000000008a400000, 0x000000008a400000| Untracked 
| 101|0x000000008a500000, 0x000000008a500000, 0x000000008a600000|  0%| F|  |TAMS 0x000000008a500000, 0x000000008a500000| Untracked 
| 102|0x000000008a600000, 0x000000008a600000, 0x000000008a700000|  0%| F|  |TAMS 0x000000008a600000, 0x000000008a600000| Untracked 
| 103|0x000000008a700000, 0x000000008a700000, 0x000000008a800000|  0%| F|  |TAMS 0x000000008a700000, 0x000000008a700000| Untracked 
| 104|0x000000008a800000, 0x000000008a800000, 0x000000008a900000|  0%| F|  |TAMS 0x000000008a800000, 0x000000008a800000| Untracked 
| 105|0x000000008a900000, 0x000000008aa00000, 0x000000008aa00000|100%| E|  |TAMS 0x000000008a900000, 0x000000008a900000| Complete 
| 106|0x000000008aa00000, 0x000000008ab00000, 0x000000008ab00000|100%| E|CS|TAMS 0x000000008aa00000, 0x000000008aa00000| Complete 
| 107|0x000000008ab00000, 0x000000008ac00000, 0x000000008ac00000|100%| E|CS|TAMS 0x000000008ab00000, 0x000000008ab00000| Complete 
| 108|0x000000008ac00000, 0x000000008ad00000, 0x000000008ad00000|100%| E|CS|TAMS 0x000000008ac00000, 0x000000008ac00000| Complete 
| 109|0x000000008ad00000, 0x000000008ae00000, 0x000000008ae00000|100%| E|CS|TAMS 0x000000008ad00000, 0x000000008ad00000| Complete 
| 110|0x000000008ae00000, 0x000000008af00000, 0x000000008af00000|100%| E|CS|TAMS 0x000000008ae00000, 0x000000008ae00000| Complete 
| 111|0x000000008af00000, 0x000000008b000000, 0x000000008b000000|100%| E|CS|TAMS 0x000000008af00000, 0x000000008af00000| Complete 
| 112|0x000000008b000000, 0x000000008b100000, 0x000000008b100000|100%| E|CS|TAMS 0x000000008b000000, 0x000000008b000000| Complete 
| 113|0x000000008b100000, 0x000000008b200000, 0x000000008b200000|100%| E|CS|TAMS 0x000000008b100000, 0x000000008b100000| Complete 
| 114|0x000000008b200000, 0x000000008b300000, 0x000000008b300000|100%| E|CS|TAMS 0x000000008b200000, 0x000000008b200000| Complete 
| 115|0x000000008b300000, 0x000000008b400000, 0x000000008b400000|100%| E|CS|TAMS 0x000000008b300000, 0x000000008b300000| Complete 
| 116|0x000000008b400000, 0x000000008b500000, 0x000000008b500000|100%| E|CS|TAMS 0x000000008b400000, 0x000000008b400000| Complete 
| 117|0x000000008b500000, 0x000000008b600000, 0x000000008b600000|100%| E|CS|TAMS 0x000000008b500000, 0x000000008b500000| Complete 
| 118|0x000000008b600000, 0x000000008b700000, 0x000000008b700000|100%| E|CS|TAMS 0x000000008b600000, 0x000000008b600000| Complete 
| 119|0x000000008b700000, 0x000000008b800000, 0x000000008b800000|100%| E|CS|TAMS 0x000000008b700000, 0x000000008b700000| Complete 
| 120|0x000000008b800000, 0x000000008b900000, 0x000000008b900000|100%| E|CS|TAMS 0x000000008b800000, 0x000000008b800000| Complete 
| 121|0x000000008b900000, 0x000000008ba00000, 0x000000008ba00000|100%| E|CS|TAMS 0x000000008b900000, 0x000000008b900000| Complete 
| 122|0x000000008ba00000, 0x000000008bb00000, 0x000000008bb00000|100%| E|CS|TAMS 0x000000008ba00000, 0x000000008ba00000| Complete 
| 123|0x000000008bb00000, 0x000000008bc00000, 0x000000008bc00000|100%| E|CS|TAMS 0x000000008bb00000, 0x000000008bb00000| Complete 

Card table byte_map: [0x000001f6c2930000,0x000001f6c2d10000] _byte_map_base: 0x000001f6c2510000

Marking Bits (Prev, Next): (CMBitMap*) 0x000001f6ab725550, (CMBitMap*) 0x000001f6ab725590
 Prev Bits: [0x000001f6c30f0000, 0x000001f6c4ff0000)
 Next Bits: [0x000001f6c4ff0000, 0x000001f6c6ef0000)

Polling page: 0x000001f6a95d0000

Metaspace:

Usage:
  Non-class:     12.87 MB used.
      Class:      3.31 MB used.
       Both:     16.18 MB used.

Virtual space:
  Non-class space:       64.00 MB reserved,      13.06 MB ( 20%) committed,  1 nodes.
      Class space:        1.00 GB reserved,       3.44 MB ( <1%) committed,  1 nodes.
             Both:        1.06 GB reserved,      16.50 MB (  2%) committed. 

Chunk freelists:
   Non-Class:  1.42 MB
       Class:  12.53 MB
        Both:  13.95 MB

MaxMetaspaceSize: unlimited
CompressedClassSpaceSize: 1.00 GB
Initial GC threshold: 21.00 MB
Current GC threshold: 21.00 MB
CDS: on
MetaspaceReclaimPolicy: balanced
 - commit_granule_bytes: 65536.
 - commit_granule_words: 8192.
 - virtual_space_node_default_size: 8388608.
 - enlarge_chunks_in_place: 1.
 - new_chunks_are_fully_committed: 0.
 - uncommit_free_chunks: 1.
 - use_allocation_guard: 0.
 - handle_deallocations: 1.


Internal statistics:

num_allocs_failed_limit: 0.
num_arena_births: 122.
num_arena_deaths: 0.
num_vsnodes_births: 2.
num_vsnodes_deaths: 0.
num_space_committed: 262.
num_space_uncommitted: 0.
num_chunks_returned_to_freelist: 0.
num_chunks_taken_from_freelist: 643.
num_chunk_merges: 0.
num_chunk_splits: 510.
num_chunks_enlarged: 418.
num_inconsistent_stats: 0.

CodeHeap 'non-profiled nmethods': size=120000Kb used=998Kb max_used=998Kb free=119001Kb
 bounds [0x000001f6bacf0000, 0x000001f6baf60000, 0x000001f6c2220000]
CodeHeap 'profiled nmethods': size=120000Kb used=3877Kb max_used=3877Kb free=116122Kb
 bounds [0x000001f6b3220000, 0x000001f6b35f0000, 0x000001f6ba750000]
CodeHeap 'non-nmethods': size=5760Kb used=1196Kb max_used=1222Kb free=4563Kb
 bounds [0x000001f6ba750000, 0x000001f6ba9c0000, 0x000001f6bacf0000]
 total_blobs=2341 nmethods=1861 adapters=391
 compilation: enabled
              stopped_count=0, restarted_count=0
 full_count=0

Compilation events (20 events):
Event: 4.622 Thread 0x000001f6c994e690 nmethod 1844 0x000001f6b35e2c90 code [0x000001f6b35e2e40, 0x000001f6b35e31a8]
Event: 4.622 Thread 0x000001f6c994e690 1845       3       java.util.regex.Pattern$CharPredicate::lambda$negate$3 (16 bytes)
Event: 4.623 Thread 0x000001f6c994e690 nmethod 1845 0x000001f6b35e3290 code [0x000001f6b35e3440, 0x000001f6b35e3668]
Event: 4.668 Thread 0x000001f6c994e690 1846       1       java.lang.invoke.DirectMethodHandle::internalMemberName (5 bytes)
Event: 4.668 Thread 0x000001f6c994e690 nmethod 1846 0x000001f6bade4010 code [0x000001f6bade41a0, 0x000001f6bade4278]
Event: 4.668 Thread 0x000001f6c994e690 1848       3       jdk.internal.org.objectweb.asm.Handler::getExceptionTableSize (10 bytes)
Event: 4.669 Thread 0x000001f6c994e690 nmethod 1848 0x000001f6b35e3710 code [0x000001f6b35e38c0, 0x000001f6b35e3ab8]
Event: 4.669 Thread 0x000001f6c994e690 1847       3       jdk.internal.org.objectweb.asm.MethodWriter::visitInsn (115 bytes)
Event: 4.669 Thread 0x000001f6c994e690 nmethod 1847 0x000001f6b35e3c10 code [0x000001f6b35e3e00, 0x000001f6b35e41e8]
Event: 4.669 Thread 0x000001f6c994e690 1849       1       jdk.internal.org.objectweb.asm.MethodWriter::hasAsmInstructions (5 bytes)
Event: 4.669 Thread 0x000001f6c994e690 nmethod 1849 0x000001f6bade4310 code [0x000001f6bade44a0, 0x000001f6bade4578]
Event: 4.673 Thread 0x000001f6c994e690 1850       1       java.lang.invoke.MethodHandles$Lookup::previousLookupClass (5 bytes)
Event: 4.674 Thread 0x000001f6c994e690 nmethod 1850 0x000001f6bade4610 code [0x000001f6bade47a0, 0x000001f6bade4878]
Event: 4.675 Thread 0x000001f6c994e690 1851       3       java.lang.invoke.LambdaForm::uncustomize (57 bytes)
Event: 4.676 Thread 0x000001f6c994e690 nmethod 1851 0x000001f6b35e4390 code [0x000001f6b35e4560, 0x000001f6b35e4888]
Event: 4.683 Thread 0x000001f6c994e690 1852       3       sun.invoke.util.VerifyAccess::isClassAccessible (230 bytes)
Event: 4.685 Thread 0x000001f6c994e690 nmethod 1852 0x000001f6b35e4990 code [0x000001f6b35e4ca0, 0x000001f6b35e5b38]
Event: 4.688 Thread 0x000001f6c99439f0 nmethod 1837 0x000001f6bade4910 code [0x000001f6bade4ba0, 0x000001f6bade7340]
Event: 4.688 Thread 0x000001f6c99439f0 1838   !   4       java.util.zip.ZipFile$ZipFileInputStream::close (59 bytes)
Event: 4.710 Thread 0x000001f6c99439f0 nmethod 1838 0x000001f6bade8810 code [0x000001f6bade89e0, 0x000001f6bade9358]

GC Heap History (4 events):
Event: 2.620 GC heap before
{Heap before GC invocations=0 (full 0):
 garbage-first heap   total 126976K, used 25600K [0x0000000084000000, 0x0000000100000000)
  region size 1024K, 23 young (23552K), 0 survivors (0K)
 Metaspace       used 7500K, committed 7616K, reserved 1114112K
  class space    used 1704K, committed 1792K, reserved 1048576K
}
Event: 2.632 GC heap after
{Heap after GC invocations=1 (full 0):
 garbage-first heap   total 126976K, used 5344K [0x0000000084000000, 0x0000000100000000)
  region size 1024K, 3 young (3072K), 3 survivors (3072K)
 Metaspace       used 7500K, committed 7616K, reserved 1114112K
  class space    used 1704K, committed 1792K, reserved 1048576K
}
Event: 3.318 GC heap before
{Heap before GC invocations=1 (full 0):
 garbage-first heap   total 126976K, used 37088K [0x0000000084000000, 0x0000000100000000)
  region size 1024K, 34 young (34816K), 3 survivors (3072K)
 Metaspace       used 12248K, committed 12352K, reserved 1114112K
  class space    used 2787K, committed 2816K, reserved 1048576K
}
Event: 3.330 GC heap after
{Heap after GC invocations=2 (full 0):
 garbage-first heap   total 126976K, used 7495K [0x0000000084000000, 0x0000000100000000)
  region size 1024K, 3 young (3072K), 3 survivors (3072K)
 Metaspace       used 12248K, committed 12352K, reserved 1114112K
  class space    used 2787K, committed 2816K, reserved 1048576K
}

Dll operation events (7 events):
Event: 0.010 Loaded shared library C:\Program Files\Eclipse Adoptium\jdk-17.0.16.8-hotspot\bin\java.dll
Event: 0.032 Loaded shared library C:\Program Files\Eclipse Adoptium\jdk-17.0.16.8-hotspot\bin\jsvml.dll
Event: 0.066 Loaded shared library C:\Program Files\Eclipse Adoptium\jdk-17.0.16.8-hotspot\bin\net.dll
Event: 0.068 Loaded shared library C:\Program Files\Eclipse Adoptium\jdk-17.0.16.8-hotspot\bin\nio.dll
Event: 0.082 Loaded shared library C:\Program Files\Eclipse Adoptium\jdk-17.0.16.8-hotspot\bin\zip.dll
Event: 0.228 Loaded shared library C:\Program Files\Eclipse Adoptium\jdk-17.0.16.8-hotspot\bin\jimage.dll
Event: 4.289 Loaded shared library C:\Program Files\Eclipse Adoptium\jdk-17.0.16.8-hotspot\bin\verify.dll

Deoptimization events (20 events):
Event: 4.615 Thread 0x000001f6ab6c96f0 Uncommon trap: trap_request=0xffffff45 fr.pc=0x000001f6badb2050 relative=0x0000000000000130
Event: 4.615 Thread 0x000001f6ab6c96f0 Uncommon trap: reason=unstable_if action=reinterpret pc=0x000001f6badb2050 method=java.util.regex.Pattern$CharPredicate.lambda$negate$3(I)Z @ 7 c2
Event: 4.615 Thread 0x000001f6ab6c96f0 DEOPT PACKING pc=0x000001f6badb2050 sp=0x000000a6375f8170
Event: 4.615 Thread 0x000001f6ab6c96f0 DEOPT UNPACKING pc=0x000001f6ba7aa1a3 sp=0x000000a6375f80a8 mode 2
Event: 4.615 Thread 0x000001f6ab6c96f0 Uncommon trap: trap_request=0xffffff45 fr.pc=0x000001f6badaf448 relative=0x0000000000000208
Event: 4.615 Thread 0x000001f6ab6c96f0 Uncommon trap: reason=unstable_if action=reinterpret pc=0x000001f6badaf448 method=java.util.regex.Pattern$BmpCharProperty.match(Ljava/util/regex/Matcher;ILjava/lang/CharSequence;)Z @ 39 c2
Event: 4.615 Thread 0x000001f6ab6c96f0 DEOPT PACKING pc=0x000001f6badaf448 sp=0x000000a6375f7d80
Event: 4.615 Thread 0x000001f6ab6c96f0 DEOPT UNPACKING pc=0x000001f6ba7aa1a3 sp=0x000000a6375f7d20 mode 2
Event: 4.620 Thread 0x000001f6ab6c96f0 Uncommon trap: trap_request=0xffffffc6 fr.pc=0x000001f6badccc30 relative=0x0000000000000630
Event: 4.620 Thread 0x000001f6ab6c96f0 Uncommon trap: reason=bimorphic_or_optimized_type_check action=maybe_recompile pc=0x000001f6badccc30 method=java.util.regex.Matcher.match(II)Z @ 121 c2
Event: 4.620 Thread 0x000001f6ab6c96f0 DEOPT PACKING pc=0x000001f6badccc30 sp=0x000000a6375f8760
Event: 4.620 Thread 0x000001f6ab6c96f0 DEOPT UNPACKING pc=0x000001f6ba7aa1a3 sp=0x000000a6375f86e8 mode 2
Event: 4.622 Thread 0x000001f6ab6c96f0 Uncommon trap: trap_request=0xffffffc6 fr.pc=0x000001f6badccc30 relative=0x0000000000000630
Event: 4.622 Thread 0x000001f6ab6c96f0 Uncommon trap: reason=bimorphic_or_optimized_type_check action=maybe_recompile pc=0x000001f6badccc30 method=java.util.regex.Matcher.match(II)Z @ 121 c2
Event: 4.622 Thread 0x000001f6ab6c96f0 DEOPT PACKING pc=0x000001f6badccc30 sp=0x000000a6375f86d0
Event: 4.622 Thread 0x000001f6ab6c96f0 DEOPT UNPACKING pc=0x000001f6ba7aa1a3 sp=0x000000a6375f8658 mode 2
Event: 4.666 Thread 0x000001f6ab6c96f0 Uncommon trap: trap_request=0xffffffc6 fr.pc=0x000001f6badccc30 relative=0x0000000000000630
Event: 4.666 Thread 0x000001f6ab6c96f0 Uncommon trap: reason=bimorphic_or_optimized_type_check action=maybe_recompile pc=0x000001f6badccc30 method=java.util.regex.Matcher.match(II)Z @ 121 c2
Event: 4.666 Thread 0x000001f6ab6c96f0 DEOPT PACKING pc=0x000001f6badccc30 sp=0x000000a6375f8350
Event: 4.666 Thread 0x000001f6ab6c96f0 DEOPT UNPACKING pc=0x000001f6ba7aa1a3 sp=0x000000a6375f82d8 mode 2

Classes loaded (20 events):
Event: 4.715 Loading class sun/nio/ch/NativeDispatcher
Event: 4.715 Loading class sun/nio/ch/NativeDispatcher done
Event: 4.715 Loading class sun/nio/ch/FileDispatcher done
Event: 4.715 Loading class sun/nio/ch/FileDispatcherImpl done
Event: 4.715 Loading class sun/nio/ch/FileChannelImpl$Closer
Event: 4.715 Loading class sun/nio/ch/FileChannelImpl$Closer done
Event: 4.715 Loading class java/nio/channels/Channels
Event: 4.715 Loading class java/nio/channels/Channels done
Event: 4.715 Loading class sun/nio/ch/ChannelInputStream
Event: 4.716 Loading class sun/nio/ch/ChannelInputStream done
Event: 4.716 Loading class java/nio/channels/SelectableChannel
Event: 4.716 Loading class java/nio/channels/SelectableChannel done
Event: 4.716 Loading class sun/nio/ch/NativeThread
Event: 4.716 Loading class sun/nio/ch/NativeThread done
Event: 4.716 Loading class sun/nio/ch/Util
Event: 4.716 Loading class sun/nio/ch/Util done
Event: 4.716 Loading class sun/nio/ch/Util$1
Event: 4.717 Loading class sun/nio/ch/Util$1 done
Event: 4.717 Loading class sun/nio/ch/Util$BufferCache
Event: 4.717 Loading class sun/nio/ch/Util$BufferCache done

Classes unloaded (0 events):
No events

Classes redefined (0 events):
No events

Internal exceptions (20 events):
Event: 2.837 Thread 0x000001f6ab6c96f0 Implicit null exception at 0x000001f6bad480cc to 0x000001f6bad497e0
Event: 2.837 Thread 0x000001f6ab6c96f0 Implicit null exception at 0x000001f6bad43aac to 0x000001f6bad44c70
Event: 2.838 Thread 0x000001f6ab6c96f0 Implicit null exception at 0x000001f6bad46fa5 to 0x000001f6bad4734c
Event: 3.137 Thread 0x000001f6ab6c96f0 Exception <a 'java/lang/NoSuchMethodError'{0x0000000089d78400}: 'int java.lang.invoke.DirectMethodHandle$Holder.invokeSpecial(java.lang.Object, java.lang.Object, java.lang.Object)'> (0x0000000089d78400) 
thrown [s\src\hotspot\share\interpreter\linkResolver.cpp, line 759]
Event: 3.138 Thread 0x000001f6ab6c96f0 Exception <a 'java/lang/NoSuchMethodError'{0x0000000089d7eca0}: 'int java.lang.invoke.DirectMethodHandle$Holder.invokeSpecial(java.lang.Object, java.lang.Object, java.lang.Object, java.lang.Object)'> (0x0000000089d7eca0) 
thrown [s\src\hotspot\share\interpreter\linkResolver.cpp, line 759]
Event: 3.149 Thread 0x000001f6ab6c96f0 Exception <a 'java/lang/NoSuchMethodError'{0x0000000089d93e08}: 'java.lang.Object java.lang.invoke.DirectMethodHandle$Holder.invokeStatic(java.lang.Object, java.lang.Object, int)'> (0x0000000089d93e08) 
thrown [s\src\hotspot\share\interpreter\linkResolver.cpp, line 759]
Event: 3.151 Thread 0x000001f6ab6c96f0 Exception <a 'java/lang/NoSuchMethodError'{0x0000000089d9fe20}: 'void java.lang.invoke.DelegatingMethodHandle$Holder.delegate(java.lang.Object, java.lang.Object, int, java.lang.Object)'> (0x0000000089d9fe20) 
thrown [s\src\hotspot\share\interpreter\linkResolver.cpp, line 759]
Event: 3.157 Thread 0x000001f6ab6c96f0 Exception <a 'java/lang/NoSuchMethodError'{0x0000000089db65e8}: 'int java.lang.invoke.DirectMethodHandle$Holder.invokeStatic(java.lang.Object, java.lang.Object, int)'> (0x0000000089db65e8) 
thrown [s\src\hotspot\share\interpreter\linkResolver.cpp, line 759]
Event: 3.159 Thread 0x000001f6ab6c96f0 Exception <a 'java/lang/NoSuchMethodError'{0x0000000089dba698}: 'int java.lang.invoke.DirectMethodHandle$Holder.invokeSpecial(java.lang.Object, java.lang.Object, java.lang.Object, int)'> (0x0000000089dba698) 
thrown [s\src\hotspot\share\interpreter\linkResolver.cpp, line 759]
Event: 3.168 Thread 0x000001f6ab6c96f0 Exception <a 'java/lang/NoSuchMethodError'{0x0000000089dcd748}: 'java.lang.Object java.lang.invoke.DirectMethodHandle$Holder.invokeStatic(java.lang.Object, java.lang.Object, java.lang.Object, java.lang.Object, int)'> (0x0000000089dcd748) 
thrown [s\src\hotspot\share\interpreter\linkResolver.cpp, line 759]
Event: 3.175 Thread 0x000001f6ab6c96f0 Exception <a 'java/lang/NoSuchMethodError'{0x0000000089df4a18}: 'int java.lang.invoke.Invokers$Holder.invoke_MT(java.lang.Object, java.lang.Object, java.lang.Object, java.lang.Object)'> (0x0000000089df4a18) 
thrown [s\src\hotspot\share\interpreter\linkResolver.cpp, line 759]
Event: 3.177 Thread 0x000001f6ab6c96f0 Exception <a 'java/lang/NoSuchMethodError'{0x0000000089df8e30}: 'java.lang.Object java.lang.invoke.Invokers$Holder.invokeExact_MT(java.lang.Object, java.lang.Object, java.lang.Object)'> (0x0000000089df8e30) 
thrown [s\src\hotspot\share\interpreter\linkResolver.cpp, line 759]
Event: 3.489 Thread 0x000001f6ab6c96f0 Exception <a 'java/lang/NoSuchMethodError'{0x000000008b8cdaa8}: 'java.lang.Object java.lang.invoke.DirectMethodHandle$Holder.invokeStaticInit(java.lang.Object, int, int, int, int)'> (0x000000008b8cdaa8) 
thrown [s\src\hotspot\share\interpreter\linkResolver.cpp, line 759]
Event: 3.566 Thread 0x000001f6ab6c96f0 Exception <a 'java/lang/NoSuchMethodError'{0x000000008b734740}: 'java.lang.Object java.lang.invoke.DirectMethodHandle$Holder.invokeStaticInit(java.lang.Object, java.lang.Object, int, int, int, int)'> (0x000000008b734740) 
thrown [s\src\hotspot\share\interpreter\linkResolver.cpp, line 759]
Event: 3.602 Thread 0x000001f6ab6c96f0 Implicit null exception at 0x000001f6bad941cc to 0x000001f6bad942b1
Event: 3.932 Thread 0x000001f6ab6c96f0 Implicit null exception at 0x000001f6badb7ac1 to 0x000001f6badb85d8
Event: 3.950 Thread 0x000001f6ab6c96f0 Implicit null exception at 0x000001f6badb3865 to 0x000001f6badb4500
Event: 4.121 Thread 0x000001f6ab6c96f0 Implicit null exception at 0x000001f6badc9c10 to 0x000001f6badcb038
Event: 4.399 Thread 0x000001f6ab6c96f0 Exception <a 'java/lang/NoSuchMethodError'{0x000000008add78c8}: 'void java.lang.invoke.DirectMethodHandle$Holder.invokeVirtual(java.lang.Object, java.lang.Object)'> (0x000000008add78c8) 
thrown [s\src\hotspot\share\interpreter\linkResolver.cpp, line 759]
Event: 4.522 Thread 0x000001f6ab6c96f0 Implicit null exception at 0x000001f6bad142d5 to 0x000001f6bad148e8

VM Operations (20 events):
Event: 2.632 Executing VM operation: G1CollectForAllocation done
Event: 2.919 Executing VM operation: HandshakeAllThreads
Event: 2.919 Executing VM operation: HandshakeAllThreads done
Event: 3.122 Executing VM operation: ICBufferFull
Event: 3.122 Executing VM operation: ICBufferFull done
Event: 3.136 Executing VM operation: HandshakeAllThreads
Event: 3.136 Executing VM operation: HandshakeAllThreads done
Event: 3.146 Executing VM operation: HandshakeAllThreads
Event: 3.146 Executing VM operation: HandshakeAllThreads done
Event: 3.318 Executing VM operation: G1CollectForAllocation
Event: 3.330 Executing VM operation: G1CollectForAllocation done
Event: 3.506 Executing VM operation: HandshakeAllThreads
Event: 3.506 Executing VM operation: HandshakeAllThreads done
Event: 3.712 Executing VM operation: ICBufferFull
Event: 3.712 Executing VM operation: ICBufferFull done
Event: 4.148 Executing VM operation: ICBufferFull
Event: 4.149 Executing VM operation: ICBufferFull done
Event: 4.330 Executing VM operation: HandshakeAllThreads
Event: 4.331 Executing VM operation: HandshakeAllThreads done
Event: 5.331 Executing VM operation: Cleanup

Memory protections (0 events):
No events

Nmethod flushes (0 events):
No events

Events (17 events):
Event: 0.032 Thread 0x000001f6ab6c96f0 Thread added: 0x000001f6ab6c96f0
Event: 0.034 Thread 0x000001f6ab6c96f0 Thread added: 0x000001f6c9922fb0
Event: 0.034 Thread 0x000001f6ab6c96f0 Thread added: 0x000001f6c9924980
Event: 0.045 Thread 0x000001f6ab6c96f0 Thread added: 0x000001f6c993efb0
Event: 0.045 Thread 0x000001f6ab6c96f0 Thread added: 0x000001f6c993f970
Event: 0.045 Thread 0x000001f6ab6c96f0 Thread added: 0x000001f6c9940330
Event: 0.046 Thread 0x000001f6ab6c96f0 Thread added: 0x000001f6c9942d00
Event: 0.046 Thread 0x000001f6ab6c96f0 Thread added: 0x000001f6c99439f0
Event: 0.046 Thread 0x000001f6ab6c96f0 Thread added: 0x000001f6c994e690
Event: 0.046 Thread 0x000001f6ab6c96f0 Thread added: 0x000001f6c99504a0
Event: 0.056 Thread 0x000001f6ab6c96f0 Thread added: 0x000001f6c9ba6b70
Event: 0.060 Thread 0x000001f6ab6c96f0 Thread added: 0x000001f6c9baa700
Event: 0.077 Thread 0x000001f6c99439f0 Thread added: 0x000001f6c9bed3d0
Event: 0.648 Thread 0x000001f6c9bed3d0 Thread exited: 0x000001f6c9bed3d0
Event: 2.194 Thread 0x000001f6c994e690 Thread added: 0x000001f70f0de160
Event: 2.403 Thread 0x000001f6c99439f0 Thread added: 0x000001f70f3a0620
Event: 4.399 Thread 0x000001f70f3a0620 Thread exited: 0x000001f70f3a0620


Dynamic libraries:
0x00007ff711660000 - 0x00007ff71166e000 	C:\Program Files\Eclipse Adoptium\jdk-17.0.16.8-hotspot\bin\java.exe
0x00007ffc75640000 - 0x00007ffc758a8000 	C:\WINDOWS\SYSTEM32\ntdll.dll
0x00007ffc74f40000 - 0x00007ffc75009000 	C:\WINDOWS\System32\KERNEL32.DLL
0x00007ffc72cc0000 - 0x00007ffc730b2000 	C:\WINDOWS\System32\KERNELBASE.dll
0x00007ffc72ad0000 - 0x00007ffc72c1b000 	C:\WINDOWS\System32\ucrtbase.dll
0x00007ffc6b100000 - 0x00007ffc6b11e000 	C:\Program Files\Eclipse Adoptium\jdk-17.0.16.8-hotspot\bin\VCRUNTIME140.dll
0x00007ffc6b120000 - 0x00007ffc6b137000 	C:\Program Files\Eclipse Adoptium\jdk-17.0.16.8-hotspot\bin\jli.dll
0x00007ffc74920000 - 0x00007ffc74ae5000 	C:\WINDOWS\System32\USER32.dll
0x00007ffc5cdb0000 - 0x00007ffc5d043000 	C:\WINDOWS\WinSxS\amd64_microsoft.windows.common-controls_6595b64144ccf1df_6.0.26100.6899_none_3e0efeeae32e88c1\COMCTL32.dll
0x00007ffc72aa0000 - 0x00007ffc72ac7000 	C:\WINDOWS\System32\win32u.dll
0x00007ffc73570000 - 0x00007ffc73619000 	C:\WINDOWS\System32\msvcrt.dll
0x00007ffc75030000 - 0x00007ffc7505b000 	C:\WINDOWS\System32\GDI32.dll
0x00007ffc730c0000 - 0x00007ffc731ed000 	C:\WINDOWS\System32\gdi32full.dll
0x00007ffc73360000 - 0x00007ffc73403000 	C:\WINDOWS\System32\msvcp_win.dll
0x00007ffc74570000 - 0x00007ffc7459f000 	C:\WINDOWS\System32\IMM32.DLL
0x00007ffc6b0a0000 - 0x00007ffc6b0ac000 	C:\Program Files\Eclipse Adoptium\jdk-17.0.16.8-hotspot\bin\vcruntime140_1.dll
0x00007ffc63c00000 - 0x00007ffc63c8d000 	C:\Program Files\Eclipse Adoptium\jdk-17.0.16.8-hotspot\bin\msvcp140.dll
0x00007ffbfaa40000 - 0x00007ffbfb6ab000 	C:\Program Files\Eclipse Adoptium\jdk-17.0.16.8-hotspot\bin\server\jvm.dll
0x00007ffc75110000 - 0x00007ffc751c4000 	C:\WINDOWS\System32\ADVAPI32.dll
0x00007ffc74870000 - 0x00007ffc74916000 	C:\WINDOWS\System32\sechost.dll
0x00007ffc752d0000 - 0x00007ffc753e8000 	C:\WINDOWS\System32\RPCRT4.dll
0x00007ffc73d70000 - 0x00007ffc73de4000 	C:\WINDOWS\System32\WS2_32.dll
0x00007ffc72650000 - 0x00007ffc726ae000 	C:\WINDOWS\SYSTEM32\POWRPROF.dll
0x00007ffc5cd70000 - 0x00007ffc5cda5000 	C:\WINDOWS\SYSTEM32\WINMM.dll
0x00007ffc68610000 - 0x00007ffc6861b000 	C:\WINDOWS\SYSTEM32\VERSION.dll
0x00007ffc72630000 - 0x00007ffc72644000 	C:\WINDOWS\SYSTEM32\UMPDC.dll
0x00007ffc715a0000 - 0x00007ffc715bb000 	C:\WINDOWS\SYSTEM32\kernel.appcore.dll
0x00007ffc68600000 - 0x00007ffc6860a000 	C:\Program Files\Eclipse Adoptium\jdk-17.0.16.8-hotspot\bin\jimage.dll
0x00007ffc70080000 - 0x00007ffc702c2000 	C:\WINDOWS\SYSTEM32\DBGHELP.DLL
0x00007ffc74b00000 - 0x00007ffc74e7b000 	C:\WINDOWS\System32\combase.dll
0x00007ffc745b0000 - 0x00007ffc74687000 	C:\WINDOWS\System32\OLEAUT32.dll
0x00007ffc5cc90000 - 0x00007ffc5cccc000 	C:\WINDOWS\SYSTEM32\dbgcore.DLL
0x00007ffc72c20000 - 0x00007ffc72cb8000 	C:\WINDOWS\System32\bcryptPrimitives.dll
0x00007ffc685d0000 - 0x00007ffc685f5000 	C:\Program Files\Eclipse Adoptium\jdk-17.0.16.8-hotspot\bin\java.dll
0x00007ffc5a6b0000 - 0x00007ffc5a787000 	C:\Program Files\Eclipse Adoptium\jdk-17.0.16.8-hotspot\bin\jsvml.dll
0x00007ffc73620000 - 0x00007ffc73d6d000 	C:\WINDOWS\System32\SHELL32.dll
0x00007ffc731f0000 - 0x00007ffc7335b000 	C:\WINDOWS\System32\wintypes.dll
0x00007ffc70460000 - 0x00007ffc70cbd000 	C:\WINDOWS\SYSTEM32\windows.storage.dll
0x00007ffc754e0000 - 0x00007ffc755d2000 	C:\WINDOWS\System32\SHCORE.dll
0x00007ffc73ed0000 - 0x00007ffc73f32000 	C:\WINDOWS\System32\shlwapi.dll
0x00007ffc726f0000 - 0x00007ffc72719000 	C:\WINDOWS\SYSTEM32\profapi.dll
0x00007ffc685b0000 - 0x00007ffc685c9000 	C:\Program Files\Eclipse Adoptium\jdk-17.0.16.8-hotspot\bin\net.dll
0x00007ffc64d70000 - 0x00007ffc64e8f000 	C:\WINDOWS\SYSTEM32\WINHTTP.dll
0x00007ffc71b10000 - 0x00007ffc71b7b000 	C:\WINDOWS\system32\mswsock.dll
0x00007ffc64260000 - 0x00007ffc64276000 	C:\Program Files\Eclipse Adoptium\jdk-17.0.16.8-hotspot\bin\nio.dll
0x00007ffc64240000 - 0x00007ffc64258000 	C:\Program Files\Eclipse Adoptium\jdk-17.0.16.8-hotspot\bin\zip.dll
0x00007ffc71dc0000 - 0x00007ffc71ddb000 	C:\WINDOWS\SYSTEM32\CRYPTSP.dll
0x00007ffc71500000 - 0x00007ffc7153b000 	C:\WINDOWS\system32\rsaenh.dll
0x00007ffc71bb0000 - 0x00007ffc71bdb000 	C:\WINDOWS\SYSTEM32\USERENV.dll
0x00007ffc726c0000 - 0x00007ffc726e6000 	C:\WINDOWS\SYSTEM32\bcrypt.dll
0x00007ffc71de0000 - 0x00007ffc71dec000 	C:\WINDOWS\SYSTEM32\CRYPTBASE.dll
0x00007ffc70fc0000 - 0x00007ffc70ff4000 	C:\WINDOWS\SYSTEM32\IPHLPAPI.DLL
0x00007ffc73e70000 - 0x00007ffc73e7a000 	C:\WINDOWS\System32\NSI.dll
0x00007ffc68620000 - 0x00007ffc6863e000 	C:\WINDOWS\SYSTEM32\dhcpcsvc6.DLL
0x00007ffc64b00000 - 0x00007ffc64b23000 	C:\WINDOWS\SYSTEM32\dhcpcsvc.DLL
0x00007ffc71050000 - 0x00007ffc71176000 	C:\WINDOWS\SYSTEM32\DNSAPI.dll
0x00007ffc682f0000 - 0x00007ffc68300000 	C:\Program Files\Eclipse Adoptium\jdk-17.0.16.8-hotspot\bin\verify.dll
0x00007ffc50c60000 - 0x00007ffc50c78000 	C:\WINDOWS\system32\napinsp.dll
0x00007ffc43fb0000 - 0x00007ffc43fc2000 	C:\WINDOWS\System32\winrnr.dll
0x00007ffbfca90000 - 0x00007ffbfcab8000 	C:\WINDOWS\system32\nlansp_c.dll
0x00007ffc64ea0000 - 0x00007ffc64eb6000 	C:\WINDOWS\system32\wshbth.dll
0x00007ffc694b0000 - 0x00007ffc694bb000 	C:\Windows\System32\rasadhlp.dll
0x00007ffc637f0000 - 0x00007ffc63876000 	C:\WINDOWS\System32\fwpuclnt.dll

dbghelp: loaded successfully - version: 4.0.5 - missing functions: none
symbol engine: initialized successfully - sym options: 0x614 - pdb path: .;C:\Program Files\Eclipse Adoptium\jdk-17.0.16.8-hotspot\bin;C:\WINDOWS\SYSTEM32;C:\WINDOWS\WinSxS\amd64_microsoft.windows.common-controls_6595b64144ccf1df_6.0.26100.6899_none_3e0efeeae32e88c1;C:\Program Files\Eclipse Adoptium\jdk-17.0.16.8-hotspot\bin\server

VM Arguments:
jvm_args: -Dfile.encoding=UTF-8 -Dclojure.compile.path=C:\Users\Admin\Documents\FP\functional_programming\lab2\sc-bag/target/classes -Dleiningen.original.pwd=C:\Users\Admin\Documents\FP\functional_programming\lab2\sc-bag 
java_command: clojure.main -m leiningen.core.main test
java_class_path (initial): C:\Users\Admin\.lein\self-installs\leiningen-2.12.0-standalone.jar
Launcher Type: SUN_STANDARD

[Global flags]
     intx CICompilerCount                          = 4                                         {product} {ergonomic}
     uint ConcGCThreads                            = 2                                         {product} {ergonomic}
     uint G1ConcRefinementThreads                  = 8                                         {product} {ergonomic}
   size_t G1HeapRegionSize                         = 1048576                                   {product} {ergonomic}
    uintx GCDrainStackTargetSize                   = 64                                        {product} {ergonomic}
   size_t InitialHeapSize                          = 130023424                                 {product} {ergonomic}
   size_t MarkStackSize                            = 4194304                                   {product} {ergonomic}
   size_t MaxHeapSize                              = 2080374784                                {product} {ergonomic}
   size_t MaxNewSize                               = 1247805440                                {product} {ergonomic}
   size_t MinHeapDeltaBytes                        = 1048576                                   {product} {ergonomic}
   size_t MinHeapSize                              = 8388608                                   {product} {ergonomic}
    uintx NonNMethodCodeHeapSize                   = 5839372                                {pd product} {ergonomic}
    uintx NonProfiledCodeHeapSize                  = 122909434                              {pd product} {ergonomic}
    uintx ProfiledCodeHeapSize                     = 122909434                              {pd product} {ergonomic}
    uintx ReservedCodeCacheSize                    = 251658240                              {pd product} {ergonomic}
     bool SegmentedCodeCache                       = true                                      {product} {ergonomic}
   size_t SoftMaxHeapSize                          = 2080374784                             {manageable} {ergonomic}
     bool UseCompressedClassPointers               = true                           {product lp64_product} {ergonomic}
     bool UseCompressedOops                        = true                           {product lp64_product} {ergonomic}
     bool UseG1GC                                  = true                                      {product} {ergonomic}
     bool UseLargePagesIndividualAllocation        = false                                  {pd product} {ergonomic}

Logging:
Log output configuration:
 #0: stdout all=warning uptime,level,tags
 #1: stderr all=off uptime,level,tags

Environment Variables:
JAVA_HOME=C:\Program Files\Java\jdk-17
CLASSPATH=C:\Users\Admin\.lein\self-installs\leiningen-2.12.0-standalone.jar
PATH=C:\Users\Admin\miniconda3\condabin;C:\Program Files\Eclipse Adoptium\jdk-17.0.16.8-hotspot\bin;C:\Program Files\Common Files\Oracle\Java\javapath;C:\Python313\Scripts\;C:\Python313\;C:\Program Files (x86)\Common Files\Intel\Shared Libraries\redist\intel64\compiler;C:\WINDOWS\system32;C:\WINDOWS;C:\WINDOWS\System32\Wbem;C:\WINDOWS\System32\WindowsPowerShell\v1.0\;C:\WINDOWS\System32\OpenSSH\;C:\Program Files\dotnet\;C:\Program Files\Microsoft SQL Server\150\Tools\Binn\;C:\Program Files\GitHub CLI\;C:\Program Files (x86)\Nodist\bin;C:\Program Files\nodejs\;C:\ProgramData\chocolatey\bin;C:\Program Files\Git\cmd;C:\tools\groovy-3.0.25\bin;C:\Users\Admin\miniconda3;C:\Users\Admin\miniconda3\Library\mingw-w64\bin;C:\Users\Admin\miniconda3\Library\usr\bin;C:\Users\Admin\miniconda3\Library\bin;C:\Users\Admin\miniconda3\Scripts;C:\Users\Admin\AppData\Local\Microsoft\WindowsApps;C:\Users\Admin\AppData\Local\Programs\Microsoft VS Code\bin;C:\Users\Admin\.dotnet\tools;C:\Users\Admin\AppData\Local\GitHubDesktop\bin;C:\Users\Admin\AppData\Local\Programs\cursor\resources\app\bin;C:\Users\Admin\AppData\Roaming\npm;C:\Users\Admin\lein;C:\iverilog\bin;C:\iverilog\gtkwave\bin
USERNAME=Admin
LANG=en_US.UTF-8
OS=Windows_NT
PROCESSOR_IDENTIFIER=Intel64 Family 6 Model 126 Stepping 5, GenuineIntel
TMP=C:\Users\Admin\AppData\Local\Temp
TEMP=C:\Users\Admin\AppData\Local\Temp



Periodic native trim disabled


---------------  S Y S T E M  ---------------

OS:
 Windows 11 , 64 bit Build 26100 (10.0.26100.6725)
OS uptime: 0 days 6:04 hours

CPU: total 8 (initial active 8) (4 cores per cpu, 2 threads per core) family 6 model 126 stepping 5 microcode 0xa6, cx8, cmov, fxsr, ht, mmx, 3dnowpref, sse, sse2, sse3, ssse3, sse4.1, sse4.2, popcnt, lzcnt, tsc, tscinvbit, avx, avx2, aes, erms, clmul, bmi1, bmi2, adx, avx512f, avx512dq, avx512cd, avx512bw, avx512vl, sha, fma, vzeroupper, avx512_vpopcntdq, avx512_vpclmulqdq, avx512_vaes, avx512_vnni, clflush, clflushopt, avx512_vbmi2, avx512_vbmi
Processor Information for processor 0
  Max Mhz: 1201, Current Mhz: 1201, Mhz Limit: 1201
Processor Information for processor 1
  Max Mhz: 1201, Current Mhz: 1201, Mhz Limit: 1201
Processor Information for processor 2
  Max Mhz: 1201, Current Mhz: 1201, Mhz Limit: 1201
Processor Information for processor 3
  Max Mhz: 1201, Current Mhz: 1000, Mhz Limit: 1201
Processor Information for processor 4
  Max Mhz: 1201, Current Mhz: 1201, Mhz Limit: 1201
Processor Information for processor 5
  Max Mhz: 1201, Current Mhz: 1201, Mhz Limit: 1201
Processor Information for processor 6
  Max Mhz: 1201, Current Mhz: 1201, Mhz Limit: 1201
Processor Information for processor 7
  Max Mhz: 1201, Current Mhz: 1201, Mhz Limit: 1201

Memory: 4k page, system-wide physical 7932M (1752M free)
TotalPageFile size 7932M (AvailPageFile size 12M)
current process WorkingSet (physical memory assigned to process): 118M, peak: 124M
current process commit charge ("private bytes"): 244M, peak: 250M

vm_info: OpenJDK 64-Bit Server VM (17.0.16+8) for windows-amd64 JRE (17.0.16+8), built on Jul 16 2025 10:37:56 by "admin" with MS VC++ 17.7 (VS2022)

END.
