#
# There is insufficient memory for the Java Runtime Environment to continue.
# Native memory allocation (mmap) failed to map 65536 bytes. Error detail: Failed to commit metaspace.
# Possible reasons:
#   The system is out of physical RAM or swap space
#   This process is running with CompressedOops enabled, and the Java Heap may be blocking the growth of the native heap
# Possible solutions:
#   Reduce memory load on the system
#   Increase physical memory or swap space
#   Check if swap backing store is full
#   Decrease Java heap size (-Xmx/-Xms)
#   Decrease number of Java threads
#   Decrease Java thread stack sizes (-Xss)
#   Set larger code cache with -XX:ReservedCodeCacheSize=
#   JVM is running with Unscaled Compressed Oops mode in which the Java heap is
#     placed in the first 4GB address space. The Java Heap base address is the
#     maximum limit for the native heap growth. Please use -XX:HeapBaseMinAddress
#     to set the Java Heap base and to place the Java Heap above 4GB virtual address.
# This output file may be truncated or incomplete.
#
#  Out of Memory Error (virtualSpaceNode.cpp:110), pid=11300, tid=9396
#
# JRE version: OpenJDK Runtime Environment Temurin-17.0.16+8 (17.0.16+8) (build 17.0.16+8)
# Java VM: OpenJDK 64-Bit Server VM Temurin-17.0.16+8 (17.0.16+8, mixed mode, sharing, tiered, compressed oops, compressed class ptrs, serial gc, windows-amd64)
# No core dump will be written. Minidumps are not enabled by default on client versions of Windows
#

---------------  S U M M A R Y ------------

Command Line: -Xmx256m -Xms128m -XX:+UseSerialGC -Dfile.encoding=UTF-8 -Dclojure.compile.path=C:\Users\Admin\Documents\FP\functional_programming\lab2\sc-bag/target/classes -Dleiningen.original.pwd=C:\Users\Admin\Documents\FP\functional_programming\lab2\sc-bag clojure.main -m leiningen.core.main compile

Host: Intel(R) Core(TM) i5-1035G1 CPU @ 1.00GHz, 8 cores, 7G,  Windows 11 , 64 bit Build 26100 (10.0.26100.6725)
Time: Mon Nov 17 20:38:54 2025 RTZ 2 (s 11 , 64 bit Build 26100 (10.0.26100.6725) elapsed time: 8.451667 seconds (0d 0h 0m 8s)

---------------  T H R E A D  ---------------

Current thread (0x0000021cd0a7a740):  JavaThread "main" [_thread_in_vm, id=9396, stack(0x0000009e08e00000,0x0000009e08f00000)]

Stack: [0x0000009e08e00000,0x0000009e08f00000]
Native frames: (J=compiled Java code, j=interpreted, Vv=VM code, C=native code)
V  [jvm.dll+0x683169]
V  [jvm.dll+0x839ac8]
V  [jvm.dll+0x83b573]
V  [jvm.dll+0x83bbe3]
V  [jvm.dll+0x2473ff]
V  [jvm.dll+0x83589d]
V  [jvm.dll+0x627dae]
V  [jvm.dll+0x1bf274]
V  [jvm.dll+0x62a71f]
V  [jvm.dll+0x628776]
V  [jvm.dll+0x639829]
V  [jvm.dll+0x6329a4]
V  [jvm.dll+0x3821e1]
C  0x0000021ce12dc7a7

The last pc belongs to method entry point (kind = zerolocals) (printed below).
Java frames: (J=compiled Java code, j=interpreted, Vv=VM code)
j  cemerick.pomegranate.aether$register_wagon_factory_BANG_.<clinit>()V+0
v  ~StubRoutines::call_stub
j  cemerick.pomegranate.aether__init.load()V+233
j  cemerick.pomegranate.aether__init.<clinit>()V+21
v  ~StubRoutines::call_stub
J 679  java.lang.Class.forName0(Ljava/lang/String;ZLjava/lang/ClassLoader;Ljava/lang/Class;)Ljava/lang/Class; java.base@17.0.16 (0 bytes) @ 0x0000021ce189a6af [0x0000021ce189a620+0x000000000000008f]
J 801 c1 java.lang.Class.forName(Ljava/lang/String;ZLjava/lang/ClassLoader;)Ljava/lang/Class; java.base@17.0.16 (47 bytes) @ 0x0000021cd9f1a7b4 [0x0000021cd9f1a420+0x0000000000000394]
J 803 c1 clojure.lang.RT.classForName(Ljava/lang/String;ZLjava/lang/ClassLoader;)Ljava/lang/Class; (33 bytes) @ 0x0000021cd9f1b4d4 [0x0000021cd9f1b280+0x0000000000000254]
J 819 c1 clojure.lang.RT.classForName(Ljava/lang/String;)Ljava/lang/Class; (9 bytes) @ 0x0000021cd9f1dd64 [0x0000021cd9f1dcc0+0x00000000000000a4]
j  clojure.lang.RT.loadClassForName(Ljava/lang/String;)Ljava/lang/Class;+24
j  clojure.lang.RT.load(Ljava/lang/String;Z)V+224
j  clojure.lang.RT.load(Ljava/lang/String;)V+2
j  clojure.core$load$fn__6933.invoke()Ljava/lang/Object;+22
j  clojure.core$load.invokeStatic(Lclojure/lang/ISeq;)Ljava/lang/Object;+531
j  clojure.core$load.doInvoke(Ljava/lang/Object;)Ljava/lang/Object;+6
j  clojure.lang.RestFn.invoke(Ljava/lang/Object;)Ljava/lang/Object;+50
j  clojure.core$load_one.invokeStatic(Ljava/lang/Object;Ljava/lang/Object;Ljava/lang/Object;)Ljava/lang/Object;+13
j  clojure.core$load_one.invoke(Ljava/lang/Object;Ljava/lang/Object;Ljava/lang/Object;)Ljava/lang/Object;+9
j  clojure.core$load_lib$fn__6875.invoke()Ljava/lang/Object;+34
j  clojure.core$load_lib.invokeStatic(Ljava/lang/Object;Ljava/lang/Object;Lclojure/lang/ISeq;)Ljava/lang/Object;+610
j  clojure.core$load_lib.doInvoke(Ljava/lang/Object;Ljava/lang/Object;Ljava/lang/Object;)Ljava/lang/Object;+12
j  clojure.lang.RestFn.applyTo(Lclojure/lang/ISeq;)Ljava/lang/Object;+195
j  clojure.core$apply.invokeStatic(Ljava/lang/Object;Ljava/lang/Object;Ljava/lang/Object;)Ljava/lang/Object;+18
j  clojure.core$load_libs.invokeStatic(Lclojure/lang/ISeq;)Ljava/lang/Object;+693
j  clojure.core$load_libs.doInvoke(Ljava/lang/Object;)Ljava/lang/Object;+6
j  clojure.lang.RestFn.applyTo(Lclojure/lang/ISeq;)Ljava/lang/Object;+136
j  clojure.core$apply.invokeStatic(Ljava/lang/Object;Ljava/lang/Object;Ljava/lang/Object;)Ljava/lang/Object;+18
j  clojure.core$require.invokeStatic(Lclojure/lang/ISeq;)Ljava/lang/Object;+12
j  clojure.core$require.doInvoke(Ljava/lang/Object;)Ljava/lang/Object;+6
j  clojure.lang.RestFn.invoke(Ljava/lang/Object;Ljava/lang/Object;Ljava/lang/Object;)Ljava/lang/Object;+74
j  cemerick.pomegranate$loading__6814__auto____12437.invoke()Ljava/lang/Object;+50
j  cemerick.pomegranate__init.load()V+48
j  cemerick.pomegranate__init.<clinit>()V+15
v  ~StubRoutines::call_stub
J 679  java.lang.Class.forName0(Ljava/lang/String;ZLjava/lang/ClassLoader;Ljava/lang/Class;)Ljava/lang/Class; java.base@17.0.16 (0 bytes) @ 0x0000021ce189a6af [0x0000021ce189a620+0x000000000000008f]
J 801 c1 java.lang.Class.forName(Ljava/lang/String;ZLjava/lang/ClassLoader;)Ljava/lang/Class; java.base@17.0.16 (47 bytes) @ 0x0000021cd9f1a7b4 [0x0000021cd9f1a420+0x0000000000000394]
J 803 c1 clojure.lang.RT.classForName(Ljava/lang/String;ZLjava/lang/ClassLoader;)Ljava/lang/Class; (33 bytes) @ 0x0000021cd9f1b4d4 [0x0000021cd9f1b280+0x0000000000000254]
J 819 c1 clojure.lang.RT.classForName(Ljava/lang/String;)Ljava/lang/Class; (9 bytes) @ 0x0000021cd9f1dd64 [0x0000021cd9f1dcc0+0x00000000000000a4]
j  clojure.lang.RT.loadClassForName(Ljava/lang/String;)Ljava/lang/Class;+24
j  clojure.lang.RT.load(Ljava/lang/String;Z)V+224
j  clojure.lang.RT.load(Ljava/lang/String;)V+2
j  clojure.core$load$fn__6933.invoke()Ljava/lang/Object;+22
j  clojure.core$load.invokeStatic(Lclojure/lang/ISeq;)Ljava/lang/Object;+531
j  clojure.core$load.doInvoke(Ljava/lang/Object;)Ljava/lang/Object;+6
j  clojure.lang.RestFn.invoke(Ljava/lang/Object;)Ljava/lang/Object;+50
j  clojure.core$load_one.invokeStatic(Ljava/lang/Object;Ljava/lang/Object;Ljava/lang/Object;)Ljava/lang/Object;+13
j  clojure.core$load_one.invoke(Ljava/lang/Object;Ljava/lang/Object;Ljava/lang/Object;)Ljava/lang/Object;+9
j  clojure.core$load_lib$fn__6875.invoke()Ljava/lang/Object;+34
j  clojure.core$load_lib.invokeStatic(Ljava/lang/Object;Ljava/lang/Object;Lclojure/lang/ISeq;)Ljava/lang/Object;+610
j  clojure.core$load_lib.doInvoke(Ljava/lang/Object;Ljava/lang/Object;Ljava/lang/Object;)Ljava/lang/Object;+12
j  clojure.lang.RestFn.applyTo(Lclojure/lang/ISeq;)Ljava/lang/Object;+195
j  clojure.core$apply.invokeStatic(Ljava/lang/Object;Ljava/lang/Object;Ljava/lang/Object;)Ljava/lang/Object;+18
j  clojure.core$load_libs.invokeStatic(Lclojure/lang/ISeq;)Ljava/lang/Object;+693
j  clojure.core$load_libs.doInvoke(Ljava/lang/Object;)Ljava/lang/Object;+6
j  clojure.lang.RestFn.applyTo(Lclojure/lang/ISeq;)Ljava/lang/Object;+136
j  clojure.core$apply.invokeStatic(Ljava/lang/Object;Ljava/lang/Object;Ljava/lang/Object;)Ljava/lang/Object;+18
j  clojure.core$require.invokeStatic(Lclojure/lang/ISeq;)Ljava/lang/Object;+12
j  clojure.core$require.doInvoke(Ljava/lang/Object;)Ljava/lang/Object;+6
j  clojure.lang.RestFn.invoke(Ljava/lang/Object;Ljava/lang/Object;Ljava/lang/Object;Ljava/lang/Object;Ljava/lang/Object;Ljava/lang/Object;Ljava/lang/Object;Ljava/lang/Object;Ljava/lang/Object;)Ljava/lang/Object;+174
j  leiningen.core.project$loading__6814__auto____7786.invoke()Ljava/lang/Object;+92
j  leiningen.core.project__init.load()V+48
j  leiningen.core.project__init.<clinit>()V+33
v  ~StubRoutines::call_stub
J 679  java.lang.Class.forName0(Ljava/lang/String;ZLjava/lang/ClassLoader;Ljava/lang/Class;)Ljava/lang/Class; java.base@17.0.16 (0 bytes) @ 0x0000021ce189a6af [0x0000021ce189a620+0x000000000000008f]
J 801 c1 java.lang.Class.forName(Ljava/lang/String;ZLjava/lang/ClassLoader;)Ljava/lang/Class; java.base@17.0.16 (47 bytes) @ 0x0000021cd9f1a7b4 [0x0000021cd9f1a420+0x0000000000000394]
J 803 c1 clojure.lang.RT.classForName(Ljava/lang/String;ZLjava/lang/ClassLoader;)Ljava/lang/Class; (33 bytes) @ 0x0000021cd9f1b4d4 [0x0000021cd9f1b280+0x0000000000000254]
J 819 c1 clojure.lang.RT.classForName(Ljava/lang/String;)Ljava/lang/Class; (9 bytes) @ 0x0000021cd9f1dd64 [0x0000021cd9f1dcc0+0x00000000000000a4]
j  clojure.lang.RT.loadClassForName(Ljava/lang/String;)Ljava/lang/Class;+24
j  clojure.lang.RT.load(Ljava/lang/String;Z)V+224
j  clojure.lang.RT.load(Ljava/lang/String;)V+2
j  clojure.core$load$fn__6933.invoke()Ljava/lang/Object;+22
j  clojure.core$load.invokeStatic(Lclojure/lang/ISeq;)Ljava/lang/Object;+531
j  clojure.core$load.doInvoke(Ljava/lang/Object;)Ljava/lang/Object;+6
j  clojure.lang.RestFn.invoke(Ljava/lang/Object;)Ljava/lang/Object;+50
j  clojure.core$load_one.invokeStatic(Ljava/lang/Object;Ljava/lang/Object;Ljava/lang/Object;)Ljava/lang/Object;+13
j  clojure.core$load_one.invoke(Ljava/lang/Object;Ljava/lang/Object;Ljava/lang/Object;)Ljava/lang/Object;+9
j  clojure.core$load_lib$fn__6875.invoke()Ljava/lang/Object;+34
j  clojure.core$load_lib.invokeStatic(Ljava/lang/Object;Ljava/lang/Object;Lclojure/lang/ISeq;)Ljava/lang/Object;+610
j  clojure.core$load_lib.doInvoke(Ljava/lang/Object;Ljava/lang/Object;Ljava/lang/Object;)Ljava/lang/Object;+12
j  clojure.lang.RestFn.applyTo(Lclojure/lang/ISeq;)Ljava/lang/Object;+195
j  clojure.core$apply.invokeStatic(Ljava/lang/Object;Ljava/lang/Object;Ljava/lang/Object;)Ljava/lang/Object;+18
j  clojure.core$load_libs.invokeStatic(Lclojure/lang/ISeq;)Ljava/lang/Object;+693
j  clojure.core$load_libs.doInvoke(Ljava/lang/Object;)Ljava/lang/Object;+6
j  clojure.lang.RestFn.applyTo(Lclojure/lang/ISeq;)Ljava/lang/Object;+136
j  clojure.core$apply.invokeStatic(Ljava/lang/Object;Ljava/lang/Object;Ljava/lang/Object;)Ljava/lang/Object;+18
j  clojure.core$require.invokeStatic(Lclojure/lang/ISeq;)Ljava/lang/Object;+12
j  clojure.core$require.doInvoke(Ljava/lang/Object;)Ljava/lang/Object;+6
j  clojure.lang.RestFn.invoke(Ljava/lang/Object;Ljava/lang/Object;Ljava/lang/Object;Ljava/lang/Object;Ljava/lang/Object;Ljava/lang/Object;Ljava/lang/Object;Ljava/lang/Object;Ljava/lang/Object;)Ljava/lang/Object;+174
j  leiningen.core.main$loading__6814__auto____7295.invoke()Ljava/lang/Object;+86
j  leiningen.core.main__init.load()V+27
j  leiningen.core.main__init.<clinit>()V+21
v  ~StubRoutines::call_stub
J 679  java.lang.Class.forName0(Ljava/lang/String;ZLjava/lang/ClassLoader;Ljava/lang/Class;)Ljava/lang/Class; java.base@17.0.16 (0 bytes) @ 0x0000021ce189a6af [0x0000021ce189a620+0x000000000000008f]
J 801 c1 java.lang.Class.forName(Ljava/lang/String;ZLjava/lang/ClassLoader;)Ljava/lang/Class; java.base@17.0.16 (47 bytes) @ 0x0000021cd9f1a7b4 [0x0000021cd9f1a420+0x0000000000000394]
J 803 c1 clojure.lang.RT.classForName(Ljava/lang/String;ZLjava/lang/ClassLoader;)Ljava/lang/Class; (33 bytes) @ 0x0000021cd9f1b4d4 [0x0000021cd9f1b280+0x0000000000000254]
J 819 c1 clojure.lang.RT.classForName(Ljava/lang/String;)Ljava/lang/Class; (9 bytes) @ 0x0000021cd9f1dd64 [0x0000021cd9f1dcc0+0x00000000000000a4]
j  clojure.lang.RT.loadClassForName(Ljava/lang/String;)Ljava/lang/Class;+24
j  clojure.lang.RT.load(Ljava/lang/String;Z)V+224
j  clojure.lang.RT.load(Ljava/lang/String;)V+2
j  clojure.core$load$fn__6933.invoke()Ljava/lang/Object;+22
j  clojure.core$load.invokeStatic(Lclojure/lang/ISeq;)Ljava/lang/Object;+531
j  clojure.core$load.doInvoke(Ljava/lang/Object;)Ljava/lang/Object;+6
j  clojure.lang.RestFn.invoke(Ljava/lang/Object;)Ljava/lang/Object;+50
j  clojure.core$load_one.invokeStatic(Ljava/lang/Object;Ljava/lang/Object;Ljava/lang/Object;)Ljava/lang/Object;+13
j  clojure.core$load_one.invoke(Ljava/lang/Object;Ljava/lang/Object;Ljava/lang/Object;)Ljava/lang/Object;+9
j  clojure.core$load_lib$fn__6875.invoke()Ljava/lang/Object;+34
j  clojure.core$load_lib.invokeStatic(Ljava/lang/Object;Ljava/lang/Object;Lclojure/lang/ISeq;)Ljava/lang/Object;+610
j  clojure.core$load_lib.doInvoke(Ljava/lang/Object;Ljava/lang/Object;Ljava/lang/Object;)Ljava/lang/Object;+12
j  clojure.lang.RestFn.applyTo(Lclojure/lang/ISeq;)Ljava/lang/Object;+195
j  clojure.core$apply.invokeStatic(Ljava/lang/Object;Ljava/lang/Object;Ljava/lang/Object;)Ljava/lang/Object;+18
j  clojure.core$load_libs.invokeStatic(Lclojure/lang/ISeq;)Ljava/lang/Object;+693
j  clojure.core$load_libs.doInvoke(Ljava/lang/Object;)Ljava/lang/Object;+6
j  clojure.lang.RestFn.applyTo(Lclojure/lang/ISeq;)Ljava/lang/Object;+136
j  clojure.core$apply.invokeStatic(Ljava/lang/Object;Ljava/lang/Object;Ljava/lang/Object;)Ljava/lang/Object;+18
j  clojure.core$require.invokeStatic(Lclojure/lang/ISeq;)Ljava/lang/Object;+12
j  clojure.main$main_opt.invokeStatic(Ljava/lang/Object;Ljava/lang/Object;)Ljava/lang/Object;+392
j  clojure.main$main_opt.invoke(Ljava/lang/Object;Ljava/lang/Object;)Ljava/lang/Object;+6
j  clojure.main$main.invokeStatic(Lclojure/lang/ISeq;)Ljava/lang/Object;+376
j  clojure.main$main.doInvoke(Ljava/lang/Object;)Ljava/lang/Object;+6
j  clojure.lang.RestFn.applyTo(Lclojure/lang/ISeq;)Ljava/lang/Object;+136
j  clojure.lang.Var.applyTo(Lclojure/lang/ISeq;)Ljava/lang/Object;+5
j  clojure.main.main([Ljava/lang/String;)V+20
v  ~StubRoutines::call_stub
method entry point (kind = zerolocals)  [0x0000021ce12dc5c0, 0x0000021ce12dc980]  960 bytes
[MachCode]
  0x0000021ce12dc5c0: 488b 5308 | 0fb7 4a2c | 0fb7 522a | 2bd1 81fa | f501 0000 | 0f86 2500 | 0000 488b | c248 c1e0 
  0x0000021ce12dc5e0: 0348 83c0 | 5849 0387 | b803 0000 | 483b e00f | 870a 0000 | 0058 498b | e550 e981 | c2ff ff58 
  0x0000021ce12dc600: 4c8d 74cc | f885 d20f | 8e09 0000 | 0068 0000 | 0000 ffca | 7ff7 5055 | 488b ec41 | 5568 0000 
  0x0000021ce12dc620: 0000 4c8b | 6b08 4d8d | 6d30 5348 | 8b53 0848 | 8b52 0848 | 8b52 1848 | 8b52 7048 | 8b12 5248 
  0x0000021ce12dc640: 8b53 1048 | 85d2 0f84 | 0700 0000 | 4881 c208 | 0100 0052 | 488b 5308 | 488b 5208 | 488b 5210 
  0x0000021ce12dc660: 5241 5641 | 5568 0000 | 0000 4889 | 2424 41c6 | 8771 0300 | 0001 488b | 45d8 4885 | c00f 84a3 
  0x0000021ce12dc680: 0000 008b | 48fc 85c9 | 0f88 9800 | 0000 4803 | c148 8b48 | 0848 83e9 | 0248 8b54 | c810 48f7 
  0x0000021ce12dc6a0: da49 8b14 | d648 85d2 | 7514 48f7 | 44c8 1801 | 0000 0075 | 67f0 4883 | 4cc8 1801 | eb5e 8b52 
  0x0000021ce12dc6c0: 0849 ba00 | 0000 801c | 0200 0049 | 03d2 4c8b | d248 3354 | c818 48f7 | c2fc ffff | ff74 3d48 
  0x0000021ce12dc6e0: f7c2 0200 | 0000 7534 | 4881 7cc8 | 1800 0000 | 0074 2448 | 817c c818 | 0100 0000 | 7419 498b 
  0x0000021ce12dc700: d248 3354 | c818 48f7 | c2fc ffff | ff74 0d48 | 834c c818 | 02eb 0548 | 8954 c818 | 4883 e902 
  0x0000021ce12dc720: 0f89 73ff | ffff 488b | 4310 4885 | c074 208b | 88cc 0000 | 0083 c102 | 8988 cc00 | 0000 2388 
  0x0000021ce12dc740: e000 0000 | 0f84 7801 | 0000 e9d1 | 0000 0048 | 8b43 1848 | 85c0 0f85 | b200 0000 | e805 0000 
  0x0000021ce12dc760: 00e9 9b00 | 0000 488b | d348 8d44 | 2408 4c89 | 6dc0 498b | cfc5 f877 | 4989 afa8 | 0200 0049 
  0x0000021ce12dc780: 8987 9802 | 0000 4883 | ec20 f7c4 | 0f00 0000 | 0f84 1a00 | 0000 4883 | ec08 49ba | c021 dcfa 
  0x0000021ce12dc7a0: fb7f 0000 | 41ff d248 | 83c4 08e9 | 0d00 0000 | 49ba c021 | dcfa fb7f | 0000 41ff | d248 83c4 
  0x0000021ce12dc7c0: 2049 c787 | 9802 0000 | 0000 0000 | 49c7 87a8 | 0200 0000 | 0000 0049 | c787 a002 | 0000 0000 
  0x0000021ce12dc7e0: 0000 c5f8 | 7749 817f | 0800 0000 | 000f 8405 | 0000 00e9 | 0847 ffff | 4c8b 6dc0 | 4c8b 75c8 
  0x0000021ce12dc800: c348 8b43 | 1848 85c0 | 0f84 1200 | 0000 8b48 | 0883 c102 | 8948 0823 | 4820 0f84 | a200 0000 
  0x0000021ce12dc820: 8984 2400 | f0ff ff89 | 8424 00e0 | ffff 8984 | 2400 d0ff | ff89 8424 | 00c0 ffff | 8984 2400 
  0x0000021ce12dc840: b0ff ff89 | 8424 00a0 | ffff 8984 | 2400 90ff | ff41 c687 | 7103 0000 | 0049 bac2 | c65c fbfb 
  0x0000021ce12dc860: 7f00 0041 | 803a 000f | 8442 0000 | 0048 8b55 | e849 8bcf | 4883 ec20 | f7c4 0f00 | 0000 0f84 
  0x0000021ce12dc880: 1a00 0000 | 4883 ec08 | 49ba 508d | 12fb fb7f | 0000 41ff | d248 83c4 | 08e9 0d00 | 0000 49ba 
  0x0000021ce12dc8a0: 508d 12fb | fb7f 0000 | 41ff d248 | 83c4 2041 | 0fb6 5d00 | 49ba 103f | 5ffb fb7f | 0000 41ff 
  0x0000021ce12dc8c0: 24da ba00 | 0000 00e8 | 0500 0000 | e998 0000 | 0048 8d44 | 2408 4c89 | 6dc0 498b | cfc5 f877 
  0x0000021ce12dc8e0: 4989 afa8 | 0200 0049 | 8987 9802 | 0000 4883 | ec20 f7c4 | 0f00 0000 | 0f84 1a00 | 0000 4883 
  0x0000021ce12dc900: ec08 49ba | e02c dcfa | fb7f 0000 | 41ff d248 | 83c4 08e9 | 0d00 0000 | 49ba e02c | dcfa fb7f 
  0x0000021ce12dc920: 0000 41ff | d248 83c4 | 2049 c787 | 9802 0000 | 0000 0000 | 49c7 87a8 | 0200 0000 | 0000 0049 
  0x0000021ce12dc940: c787 a002 | 0000 0000 | 0000 c5f8 | 7749 817f | 0800 0000 | 000f 8405 | 0000 00e9 | a045 ffff 
  0x0000021ce12dc960: 4c8b 6dc0 | 4c8b 75c8 | c348 8b5d | e8e9 aefe | ffff 660f | 1f44 0000 | 0000 0000 | 0000 0000 
[/MachCode]

Compiled method (n/a)    8502  679     n 0       java.lang.Class::forName0 (native)
 total in heap  [0x0000021ce189a490,0x0000021ce189a8c0] = 1072
 relocation     [0x0000021ce189a5f0,0x0000021ce189a620] = 48
 main code      [0x0000021ce189a620,0x0000021ce189a8c0] = 672

[Constant Pool (empty)]

[MachCode]
[Entry Point]
  # {method} {0x0000021c8043dc78} 'forName0' '(Ljava/lang/String;ZLjava/lang/ClassLoader;Ljava/lang/Class;)Ljava/lang/Class;' in 'java/lang/Class'
  # parm0:    rdx:rdx   = 'java/lang/String'
  # parm1:    r8        = boolean
  # parm2:    r9:r9     = 'java/lang/ClassLoader'
  # parm3:    rdi:rdi   = 'java/lang/Class'
  #           [sp+0x80]  (sp of caller)
  0x0000021ce189a620: 448b 5208 | 49bb 0000 | 0080 1c02 | 0000 4d03 | d349 3bc2 | 0f84 0600 

  0x0000021ce189a638: ;   {runtime_call ic_miss_stub}
  0x0000021ce189a638: 0000 e941 | 6fa8 ff90 
[Verified Entry Point]
  0x0000021ce189a640: 8984 2400 | 90ff ff55 | 488b ec48 | 83ec 7048 | 897c 2448 | 4883 ff00 | 488d 4424 | 4848 0f44 
  0x0000021ce189a660: 4424 4848 | 8944 2428 | 4c89 4c24 | 4049 83f9 | 0048 8d44 | 2440 480f | 4444 2440 | 4889 4424 
  0x0000021ce189a680: 204d 8bc8 | 4889 5424 | 3048 83fa | 004c 8d44 | 2430 4c0f | 4444 2430 

  0x0000021ce189a698: ;   {oop(a 'java/lang/Class'{0x00000000f26d2fa0} = 'java/lang/Class')}
  0x0000021ce189a698: 49be a02f | 6df2 0000 | 0000 4c89 | 7424 604c | 8d74 2460 | 498b d6c5 

  0x0000021ce189a6b0: ;   {internal_word}
  0x0000021ce189a6b0: f877 49ba | afa6 89e1 | 1c02 0000 | 4d89 97a0 | 0200 0049 | 89a7 9802 

  0x0000021ce189a6c8: ;   {external_word}
  0x0000021ce189a6c8: 0000 49ba | c2c6 5cfb | fb7f 0000 | 4180 3a00 | 0f84 5200 | 0000 5241 

  0x0000021ce189a6e0: ;   {metadata({method} {0x0000021c8043dc78} 'forName0' '(Ljava/lang/String;ZLjava/lang/ClassLoader;Ljava/lang/Class;)Ljava/lang/Class;' in 'java/lang/Class')}
  0x0000021ce189a6e0: 5041 5148 | ba70 dc43 | 801c 0200 | 0049 8bcf | 4883 ec20 | f7c4 0f00 | 0000 0f84 | 1a00 0000 
  0x0000021ce189a700: 4883 ec08 

  0x0000021ce189a704: ;   {runtime_call}
  0x0000021ce189a704: 49ba 508d | 12fb fb7f | 0000 41ff | d248 83c4 | 08e9 0d00 

  0x0000021ce189a718: ;   {runtime_call}
  0x0000021ce189a718: 0000 49ba | 508d 12fb | fb7f 0000 | 41ff d248 | 83c4 2041 | 5941 585a | 498d 8fb8 | 0200 0041 
  0x0000021ce189a738: c787 4003 | 0000 0400 

  0x0000021ce189a740: ;   {runtime_call}
  0x0000021ce189a740: 0000 49ba | d412 5d68 | fc7f 0000 | 41ff d2c5 | f877 41c7 | 8740 0300 | 0005 0000 | 00f0 8344 
  0x0000021ce189a760: 24c0 0049 | 3baf 4803 | 0000 0f87 | 1100 0000 | 4181 bf30 | 0300 0000 | 0000 000f | 842c 0000 
  0x0000021ce189a780: 00c5 f877 | 4889 45f8 | 498b cf4c | 8be4 4883 | ec20 4883 

  0x0000021ce189a794: ;   {runtime_call}
  0x0000021ce189a794: e4f0 49ba | 509c 22fb | fb7f 0000 | 41ff d249 | 8be4 4d33 | e448 8b45 | f841 c787 | 4003 0000 
  0x0000021ce189a7b4: 0800 0000 | 4181 bfb0 | 0300 0002 | 0000 000f | 84c5 0000 

  0x0000021ce189a7c8: ;   {external_word}
  0x0000021ce189a7c8: 0049 bac2 | c65c fbfb | 7f00 0041 | 803a 000f | 8450 0000 | 0048 8945 

  0x0000021ce189a7e0: ;   {metadata({method} {0x0000021c8043dc78} 'forName0' '(Ljava/lang/String;ZLjava/lang/ClassLoader;Ljava/lang/Class;)Ljava/lang/Class;' in 'java/lang/Class')}
  0x0000021ce189a7e0: f848 ba70 | dc43 801c | 0200 0049 | 8bcf 4883 | ec20 f7c4 | 0f00 0000 | 0f84 1a00 | 0000 4883 
  0x0000021ce189a800: ;   {runtime_call}
  0x0000021ce189a800: ec08 49ba | 508d 12fb | fb7f 0000 | 41ff d248 | 83c4 08e9 | 0d00 0000 

  0x0000021ce189a818: ;   {runtime_call}
  0x0000021ce189a818: 49ba 508d | 12fb fb7f | 0000 41ff | d248 83c4 | 2048 8b45 | f849 c787 | 9802 0000 | 0000 0000 
  0x0000021ce189a838: 49c7 87a0 | 0200 0000 | 0000 00c5 | f877 4885 | c00f 8419 | 0000 0048 | f7c0 0100 | 0000 0f84 
  0x0000021ce189a858: 0900 0000 | 488b 40ff | e903 0000 | 0048 8b00 | 498b 8fd8 | 0000 00c7 | 8100 0100 | 0000 0000 
  0x0000021ce189a878: 00c9 4981 | 7f08 0000 | 0000 0f85 | 0100 0000 

  0x0000021ce189a888: ;   {runtime_call StubRoutines (1)}
  0x0000021ce189a888: c3e9 7266 | a3ff c5f8 | 7748 8945 | f84c 8be4 | 4883 ec20 | 4883 e4f0 

  0x0000021ce189a8a0: ;   {runtime_call}
  0x0000021ce189a8a0: 49ba 70be | 12fb fb7f | 0000 41ff | d249 8be4 | 4d33 e448 | 8b45 f8e9 | 0dff ffff | f4f4 f4f4 
[/MachCode]


Compiled method (c1)    8510  801       3       java.lang.Class::forName (47 bytes)
 total in heap  [0x0000021cd9f1a210,0x0000021cd9f1ab88] = 2424
 relocation     [0x0000021cd9f1a370,0x0000021cd9f1a408] = 152
 main code      [0x0000021cd9f1a420,0x0000021cd9f1a940] = 1312
 stub code      [0x0000021cd9f1a940,0x0000021cd9f1a9a8] = 104
 metadata       [0x0000021cd9f1a9a8,0x0000021cd9f1a9c8] = 32
 scopes data    [0x0000021cd9f1a9c8,0x0000021cd9f1aa80] = 184
 scopes pcs     [0x0000021cd9f1aa80,0x0000021cd9f1ab60] = 224
 dependencies   [0x0000021cd9f1ab60,0x0000021cd9f1ab68] = 8
 nul chk table  [0x0000021cd9f1ab68,0x0000021cd9f1ab88] = 32

[Constant Pool (empty)]

[MachCode]
[Verified Entry Point]
  # {method} {0x0000021c8043dd90} 'forName' '(Ljava/lang/String;ZLjava/lang/ClassLoader;)Ljava/lang/Class;' in 'java/lang/Class'
  # parm0:    rdx:rdx   = 'java/lang/String'
  # parm1:    r8        = boolean
  # parm2:    r9:r9     = 'java/lang/ClassLoader'
  #           [sp+0x90]  (sp of caller)
  0x0000021cd9f1a420: 8984 2400 | 90ff ff55 | 4881 ec80 | 0000 004c | 894c 2450 

  0x0000021cd9f1a434: ;   {metadata(method data for {method} {0x0000021c8043dd90} 'forName' '(Ljava/lang/String;ZLjava/lang/ClassLoader;)Ljava/lang/Class;' in 'java/lang/Class')}
  0x0000021cd9f1a434: 48be 289a | 0fea 1c02 | 0000 8bbe | cc00 0000 | 83c7 0289 | becc 0000 | 0081 e7fe | 0700 0083 
  0x0000021cd9f1a454: ff00 0f84 | 6e03 0000 

  0x0000021cd9f1a45c: ;   {metadata(method data for {method} {0x0000021c8043dd90} 'forName' '(Ljava/lang/String;ZLjava/lang/ClassLoader;)Ljava/lang/Class;' in 'java/lang/Class')}
  0x0000021cd9f1a45c: 48be 289a | 0fea 1c02 | 0000 4883 | 8610 0100 

  0x0000021cd9f1a46c: ;   {metadata(method data for {method} {0x0000021c8001e1c0} 'getSecurityManager' '()Ljava/lang/SecurityManager;' in 'java/lang/System')}
  0x0000021cd9f1a46c: 0001 48be | 80e6 03ea | 1c02 0000 | 8bbe cc00 | 0000 83c7 | 0289 becc | 0000 0081 | e7fe ff1f 
  0x0000021cd9f1a48c: 0083 ff00 | 0f84 5503 

  0x0000021cd9f1a494: ;   {metadata(method data for {method} {0x0000021c8001e1c0} 'getSecurityManager' '()Ljava/lang/SecurityManager;' in 'java/lang/System')}
  0x0000021cd9f1a494: 0000 48be | 80e6 03ea | 1c02 0000 | 4883 8610 | 0100 0001 

  0x0000021cd9f1a4a8: ;   {metadata(method data for {method} {0x0000021c8001e2d8} 'allowSecurityManager' '()Z' in 'java/lang/System')}
  0x0000021cd9f1a4a8: 48be f8e7 | 03ea 1c02 | 0000 8bbe | cc00 0000 | 83c7 0289 | becc 0000 | 0081 e7fe | ff1f 0083 
  0x0000021cd9f1a4c8: ff00 0f84 | 3c03 0000 

  0x0000021cd9f1a4d0: ;   {metadata(method data for {method} {0x0000021c8001e2d8} 'allowSecurityManager' '()Z' in 'java/lang/System')}
  0x0000021cd9f1a4d0: 48be f8e7 | 03ea 1c02 | 0000 ff86 | 2001 0000 

  0x0000021cd9f1a4e0: ;   {metadata(method data for {method} {0x0000021c8001e2d8} 'allowSecurityManager' '()Z' in 'java/lang/System')}
  0x0000021cd9f1a4e0: 48be f8e7 | 03ea 1c02 | 0000 ff86 | 3001 0000 

  0x0000021cd9f1a4f0: ;   {metadata(method data for {method} {0x0000021c8001e1c0} 'getSecurityManager' '()Ljava/lang/SecurityManager;' in 'java/lang/System')}
  0x0000021cd9f1a4f0: 48be 80e6 | 03ea 1c02 | 0000 ff86 | 3001 0000 

  0x0000021cd9f1a500: ;   {oop(a 'java/lang/Class'{0x00000000f26d1628} = 'java/lang/System')}
  0x0000021cd9f1a500: 48be 2816 | 6df2 0000 | 0000 8b76 | 7c48 83fe 

  0x0000021cd9f1a510: ;   {metadata(method data for {method} {0x0000021c8043dd90} 'forName' '(Ljava/lang/String;ZLjava/lang/ClassLoader;)Ljava/lang/Class;' in 'java/lang/Class')}
  0x0000021cd9f1a510: 0048 bf28 | 9a0f ea1c | 0200 0048 | c7c3 3001 | 0000 0f85 | 0700 0000 | 48c7 c320 | 0100 0048 
  0x0000021cd9f1a530: 8b04 1f48 | 8d40 0148 | 8904 1f0f | 850f 0000 

  0x0000021cd9f1a540: ;   {oop(NULL)}
  0x0000021cd9f1a540: 0048 be00 | 0000 0000 | 0000 00e9 | 4802 0000 | 4889 7424 | 5844 8944 | 2468 4889 

  0x0000021cd9f1a55c: ;   {metadata(method data for {method} {0x0000021c8043dd90} 'forName' '(Ljava/lang/String;ZLjava/lang/ClassLoader;)Ljava/lang/Class;' in 'java/lang/Class')}
  0x0000021cd9f1a55c: 5424 6048 | bf28 9a0f | ea1c 0200 | 0048 8387 | 4001 0000 | 0166 0f1f 

  0x0000021cd9f1a574: ;   {static_call}
  0x0000021cd9f1a574: 4400 00e8 

  0x0000021cd9f1a578: ; ImmutableOopMap {[80]=Oop [96]=Oop [88]=Oop }
                      ;*invokestatic getCallerClass {reexecute=0 rethrow=0 return_oop=0}
                      ; - java.lang.Class::forName@12 (line 458)
  0x0000021cd9f1a578: 8480 4007 | 4c8b 4c24 | 5049 83f9 

  0x0000021cd9f1a584: ;   {metadata(method data for {method} {0x0000021c8043dd90} 'forName' '(Ljava/lang/String;ZLjava/lang/ClassLoader;)Ljava/lang/Class;' in 'java/lang/Class')}
  0x0000021cd9f1a584: 0049 b828 | 9a0f ea1c | 0200 0048 | c7c2 6001 | 0000 0f84 | 0700 0000 | 48c7 c250 | 0100 0049 
  0x0000021cd9f1a5a4: 8b34 1048 | 8d76 0149 | 8934 100f | 8412 0000 | 0048 8bf0 | 448b 4424 | 6848 8b54 | 2460 e9d1 
  0x0000021cd9f1a5c4: ;   {metadata(method data for {method} {0x0000021c8043dd90} 'forName' '(Ljava/lang/String;ZLjava/lang/ClassLoader;)Ljava/lang/Class;' in 'java/lang/Class')}
  0x0000021cd9f1a5c4: 0100 0049 | b828 9a0f | ea1c 0200 | 0049 8380 | 7001 0000 

  0x0000021cd9f1a5d8: ;   {metadata(method data for {method} {0x0000021c80010788} 'getClassLoader' '(Ljava/lang/Class;)Ljava/lang/ClassLoader;' in 'java/lang/ClassLoader')}
  0x0000021cd9f1a5d8: 0149 b8c8 | 310d ea1c | 0200 0041 | 8b90 cc00 | 0000 83c2 | 0241 8990 | cc00 0000 | 81e2 feff 
  0x0000021cd9f1a5f8: 1f00 83fa | 000f 842a | 0200 0048 

  0x0000021cd9f1a604: ;   {metadata(method data for {method} {0x0000021c80010788} 'getClassLoader' '(Ljava/lang/Class;)Ljava/lang/ClassLoader;' in 'java/lang/ClassLoader')}
  0x0000021cd9f1a604: 83f8 0049 | b8c8 310d | ea1c 0200 | 0048 c7c2 | 1001 0000 | 0f85 0700 | 0000 48c7 | c220 0100 
  0x0000021cd9f1a624: 0049 8b34 | 1048 8d76 | 0149 8934 | 100f 850f 

  0x0000021cd9f1a634: ;   {oop(NULL)}
  0x0000021cd9f1a634: 0000 0049 | b800 0000 | 0000 0000 | 00e9 1c00 | 0000 483b | 004c 8bc0 

  0x0000021cd9f1a64c: ;   {metadata(method data for {method} {0x0000021c80010788} 'getClassLoader' '(Ljava/lang/Class;)Ljava/lang/ClassLoader;' in 'java/lang/ClassLoader')}
  0x0000021cd9f1a64c: 48ba c831 | 0dea 1c02 | 0000 4883 | 8230 0100 | 0001 448b | 4034 4983 

  0x0000021cd9f1a664: ;   {metadata(method data for {method} {0x0000021c8043dd90} 'forName' '(Ljava/lang/String;ZLjava/lang/ClassLoader;)Ljava/lang/Class;' in 'java/lang/Class')}
  0x0000021cd9f1a664: f800 49b8 | 289a 0fea | 1c02 0000 | 48c7 c290 | 0100 000f | 8507 0000 | 0048 c7c2 | 8001 0000 
  0x0000021cd9f1a684: 498b 3410 | 488d 7601 | 4989 3410 | 0f85 1200 | 0000 488b | f044 8b44 | 2468 488b | 5424 60e9 
  0x0000021cd9f1a6a4: f000 0000 | 4889 4424 | 7048 8b74 | 2458 660f | 1f44 0000 

  0x0000021cd9f1a6b8: ;   {no_reloc}
  0x0000021cd9f1a6b8: e912 0200 | 0000 0000 | 0000 660f | 1f44 0000 

  0x0000021cd9f1a6c8: ; implicit exception: dispatches to 0x0000021cd9f1a8d9
  0x0000021cd9f1a6c8: e91d 0200 | 0090 9048 | 3b06 488b 

  0x0000021cd9f1a6d4: ;   {metadata(method data for {method} {0x0000021c8043dd90} 'forName' '(Ljava/lang/String;ZLjava/lang/ClassLoader;)Ljava/lang/Class;' in 'java/lang/Class')}
  0x0000021cd9f1a6d4: d648 bf28 | 9a0f ea1c | 0200 008b | 5208 49ba | 0000 0080 | 1c02 0000 | 4903 d248 | 3b97 b001 
  0x0000021cd9f1a6f4: 0000 750d | 4883 87b8 | 0100 0001 | e966 0000 | 0048 3b97 | c001 0000 | 750d 4883 | 87c8 0100 
  0x0000021cd9f1a714: 0001 e950 | 0000 0048 | 81bf b001 | 0000 0000 | 0000 7517 | 4889 97b0 | 0100 0048 | c787 b801 
  0x0000021cd9f1a734: 0000 0100 | 0000 e92c | 0000 0048 | 81bf c001 | 0000 0000 | 0000 7517 | 4889 97c0 | 0100 0048 
  0x0000021cd9f1a754: c787 c801 | 0000 0100 | 0000 e908 | 0000 0048 | 8387 a001 | 0000 0148 | 8bd6 0f1f | 8000 0000 
  0x0000021cd9f1a774: 0048 b8ff | ffff ffff 

  0x0000021cd9f1a77c: ;   {virtual_call}
  0x0000021cd9f1a77c: ffff ffe8 

  0x0000021cd9f1a780: ; ImmutableOopMap {[96]=Oop [80]=Oop [112]=Oop }
                      ;*invokevirtual checkPermission {reexecute=0 rethrow=0 return_oop=0}
                      ; - java.lang.Class::forName@36 (line 462)
  0x0000021cd9f1a780: fc78 4007 | 488b 7424 | 704c 8b4c | 2450 448b | 4424 6848 | 8b54 2460 

  0x0000021cd9f1a798: ;   {metadata(method data for {method} {0x0000021c8043dd90} 'forName' '(Ljava/lang/String;ZLjava/lang/ClassLoader;)Ljava/lang/Class;' in 'java/lang/Class')}
  0x0000021cd9f1a798: 48bf 289a | 0fea 1c02 | 0000 4883 | 87d8 0100 | 0001 488b 

  0x0000021cd9f1a7ac: ;   {static_call}
  0x0000021cd9f1a7ac: fe66 90e8 

  0x0000021cd9f1a7b0: ; ImmutableOopMap {}
                      ;*invokestatic forName0 {reexecute=0 rethrow=0 return_oop=0}
                      ; - java.lang.Class::forName@43 (line 467)
  0x0000021cd9f1a7b0: 8cfe 9707 | 4881 c480 | 0000 005d 

  0x0000021cd9f1a7bc: ;   {poll_return}
  0x0000021cd9f1a7bc: 493b a748 | 0300 000f | 8730 0100 

  0x0000021cd9f1a7c8: ;   {metadata({method} {0x0000021c8043dd90} 'forName' '(Ljava/lang/String;ZLjava/lang/ClassLoader;)Ljava/lang/Class;' in 'java/lang/Class')}
  0x0000021cd9f1a7c8: 00c3 49ba | 88dd 4380 | 1c02 0000 | 4c89 5424 | 0848 c704 | 24ff ffff 

  0x0000021cd9f1a7e0: ;   {runtime_call counter_overflow Runtime1 stub}
  0x0000021cd9f1a7e0: ffe8 1a31 

  0x0000021cd9f1a7e4: ; ImmutableOopMap {rdx=Oop r9=Oop [80]=Oop }
                      ;*synchronization entry
                      ; - java.lang.Class::forName@-1 (line 452)
  0x0000021cd9f1a7e4: 4b07 e971 

  0x0000021cd9f1a7e8: ;   {metadata({method} {0x0000021c8001e1c0} 'getSecurityManager' '()Ljava/lang/SecurityManager;' in 'java/lang/System')}
  0x0000021cd9f1a7e8: fcff ff49 | bab8 e101 | 801c 0200 | 004c 8954 | 2408 48c7 | 0424 ffff 

  0x0000021cd9f1a800: ;   {runtime_call counter_overflow Runtime1 stub}
  0x0000021cd9f1a800: ffff e8f9 

  0x0000021cd9f1a804: ; ImmutableOopMap {rdx=Oop r9=Oop [80]=Oop }
                      ;*synchronization entry
                      ; - java.lang.System::getSecurityManager@-1 (line 484)
                      ; - java.lang.Class::forName@2 (line 454)
  0x0000021cd9f1a804: 304b 07e9 | 8afc ffff 

  0x0000021cd9f1a80c: ;   {metadata({method} {0x0000021c8001e2d8} 'allowSecurityManager' '()Z' in 'java/lang/System')}
  0x0000021cd9f1a80c: 49ba d0e2 | 0180 1c02 | 0000 4c89 | 5424 0848 | c704 24ff 

  0x0000021cd9f1a820: ;   {runtime_call counter_overflow Runtime1 stub}
  0x0000021cd9f1a820: ffff ffe8 

  0x0000021cd9f1a824: ; ImmutableOopMap {rdx=Oop r9=Oop [80]=Oop }
                      ;*synchronization entry
                      ; - java.lang.System::allowSecurityManager@-1 (line 194)
                      ; - java.lang.System::getSecurityManager@0 (line 484)
                      ; - java.lang.Class::forName@2 (line 454)
  0x0000021cd9f1a824: d830 4b07 | e9a3 fcff 

  0x0000021cd9f1a82c: ;   {metadata({method} {0x0000021c80010788} 'getClassLoader' '(Ljava/lang/Class;)Ljava/lang/ClassLoader;' in 'java/lang/ClassLoader')}
  0x0000021cd9f1a82c: ff49 ba80 | 0701 801c | 0200 004c | 8954 2408 | 48c7 0424 | ffff ffff 

  0x0000021cd9f1a844: ;   {runtime_call counter_overflow Runtime1 stub}
  0x0000021cd9f1a844: e8b7 304b 

  0x0000021cd9f1a848: ; ImmutableOopMap {[96]=Oop r9=Oop [80]=Oop rax=Oop [88]=Oop }
                      ;*synchronization entry
                      ; - java.lang.ClassLoader::getClassLoader@-1 (line 2041)
                      ; - java.lang.Class::forName@21 (line 460)
  0x0000021cd9f1a848: 07e9 b5fd 

  0x0000021cd9f1a84c: ;   {runtime_call throw_null_pointer_exception Runtime1 stub}
  0x0000021cd9f1a84c: ffff e8cd 

  0x0000021cd9f1a850: ; ImmutableOopMap {[96]=Oop r9=Oop [80]=Oop rax=Oop [88]=Oop }
                      ;*invokevirtual getClassLoader0 {reexecute=0 rethrow=0 return_oop=0}
                      ; - java.lang.ClassLoader::getClassLoader@7 (line 2045)
                      ; - java.lang.Class::forName@21 (line 460)
                      ;   {oop(NULL)}
  0x0000021cd9f1a850: c34a 0749 | b800 0000 | 0000 0000 | 0050 5349 | 8b58 1057 | 5652 5141 | 5041 5141 | 5241 5348 
  0x0000021cd9f1a870: 83ec 20f7 | c40f 0000 | 000f 841a | 0000 0048 

  0x0000021cd9f1a880: ;   {runtime_call}
  0x0000021cd9f1a880: 83ec 0849 | baa0 a7a4 | fafb 7f00 | 0041 ffd2 | 4883 c408 | e90d 0000 

  0x0000021cd9f1a898: ;   {runtime_call}
  0x0000021cd9f1a898: 0049 baa0 | a7a4 fafb | 7f00 0041 | ffd2 4883 | c420 415b | 415a 4159 | 4158 595a | 5e5f 483b 
  0x0000021cd9f1a8b8: 8338 0100 | 005b 580f | 850a 0000 | 00e9 f8fd | ffff b800 

  0x0000021cd9f1a8cc: ;   {runtime_call load_mirror_patching Runtime1 stub}
  0x0000021cd9f1a8cc: 7c72 0ae8 

  0x0000021cd9f1a8d0: ; ImmutableOopMap {[96]=Oop rsi=Oop [112]=Oop [80]=Oop }
                      ;*getstatic GET_CLASSLOADER_PERMISSION {reexecute=1 rethrow=0 return_oop=0}
                      ; - (reexecute) java.lang.Class::forName@33 (line 462)
  0x0000021cd9f1a8d0: 2c1a 4b07 | e9df fdff 

  0x0000021cd9f1a8d8: ;   {runtime_call throw_null_pointer_exception Runtime1 stub}
  0x0000021cd9f1a8d8: ffe8 42c3 

  0x0000021cd9f1a8dc: ; ImmutableOopMap {[96]=Oop rsi=Oop [112]=Oop [80]=Oop r8=Oop }
                      ;*getstatic GET_CLASSLOADER_PERMISSION {reexecute=1 rethrow=0 return_oop=0}
                      ; - (reexecute) java.lang.Class::forName@33 (line 462)
  0x0000021cd9f1a8dc: 4a07 458b | 8000 0000 | 00b8 000c 

  0x0000021cd9f1a8e8: ;   {runtime_call access_field_patching Runtime1 stub}
  0x0000021cd9f1a8e8: 0507 e811 

  0x0000021cd9f1a8ec: ; ImmutableOopMap {[96]=Oop rsi=Oop [112]=Oop [80]=Oop r8=Oop }
                      ;*getstatic GET_CLASSLOADER_PERMISSION {reexecute=1 rethrow=0 return_oop=0}
                      ; - (reexecute) java.lang.Class::forName@33 (line 462)
  0x0000021cd9f1a8ec: 0d4b 07e9 | d4fd ffff 

  0x0000021cd9f1a8f4: ;   {runtime_call throw_null_pointer_exception Runtime1 stub}
  0x0000021cd9f1a8f4: e827 c34a 

  0x0000021cd9f1a8f8: ; ImmutableOopMap {[96]=Oop rsi=Oop [112]=Oop [80]=Oop r8=Oop }
                      ;*invokevirtual checkPermission {reexecute=0 rethrow=0 return_oop=0}
                      ; - java.lang.Class::forName@36 (line 462)
                      ;   {internal_word}
  0x0000021cd9f1a8f8: 0749 babc | a7f1 d91c | 0200 004d | 8997 6003 

  0x0000021cd9f1a908: ;   {runtime_call SafepointBlob}
  0x0000021cd9f1a908: 0000 e971 | e340 0790 | 9049 8b87 | d803 0000 | 49c7 87d8 | 0300 0000 | 0000 0049 | c787 e003 
  0x0000021cd9f1a928: 0000 0000 | 0000 4881 | c480 0000 

  0x0000021cd9f1a934: ;   {runtime_call unwind_exception Runtime1 stub}
  0x0000021cd9f1a934: 005d e9c5 | b34a 07f4 | f4f4 f4f4 
[Stub Code]
  0x0000021cd9f1a940: ;   {no_reloc}
  0x0000021cd9f1a940: 0f1f 4400 

  0x0000021cd9f1a944: ;   {static_stub}
  0x0000021cd9f1a944: 0048 bb00 | 0000 0000 

  0x0000021cd9f1a94c: ;   {runtime_call}
  0x0000021cd9f1a94c: 0000 00e9 | fbff ffff 

  0x0000021cd9f1a954: ;   {static_stub}
  0x0000021cd9f1a954: 9048 bb00 | 0000 0000 

  0x0000021cd9f1a95c: ;   {runtime_call}
  0x0000021cd9f1a95c: 0000 00e9 | fbff ffff 

  0x0000021cd9f1a964: ;   {static_stub}
  0x0000021cd9f1a964: 9048 bb00 | 0000 0000 

  0x0000021cd9f1a96c: ;   {runtime_call}
  0x0000021cd9f1a96c: 0000 00e9 | fbff ffff 
[Exception Handler]
  0x0000021cd9f1a974: ;   {runtime_call handle_exception_from_callee Runtime1 stub}
  0x0000021cd9f1a974: e807 ed4a 

  0x0000021cd9f1a978: ;   {external_word}
  0x0000021cd9f1a978: 0748 b9a0 | e936 fbfb | 7f00 0048 

  0x0000021cd9f1a984: ;   {runtime_call}
  0x0000021cd9f1a984: 83e4 f049 | ba10 79ff | fafb 7f00 | 0041 ffd2 

  0x0000021cd9f1a994: ;   {section_word}
  0x0000021cd9f1a994: f449 ba95 | a9f1 d91c | 0200 0041 

  0x0000021cd9f1a9a0: ;   {runtime_call DeoptimizationBlob}
  0x0000021cd9f1a9a0: 52e9 7af7 | 4007 f4f4 
[/MachCode]


---------------  P R O C E S S  ---------------

Threads class SMR info:
_java_thread_list=0x0000021ce95bea40, length=14, elements={
0x0000021cd0a7a740, 0x0000021cd0af6570, 0x0000021cd0af7bb0, 0x0000021cd0b0ce40,
0x0000021cd0b0d910, 0x0000021cd0b11400, 0x0000021cd0b173e0, 0x0000021cd0b20840,
0x0000021cd0b22160, 0x0000021cd0b25220, 0x0000021ce92a9190, 0x0000021ce92ad930,
0x0000021ce9426bf0, 0x0000021ce9826620
}

Java Threads: ( => current thread )
=>0x0000021cd0a7a740 JavaThread "main" [_thread_in_vm, id=9396, stack(0x0000009e08e00000,0x0000009e08f00000)]
  0x0000021cd0af6570 JavaThread "Reference Handler" daemon [_thread_blocked, id=1740, stack(0x0000009e09000000,0x0000009e09100000)]
  0x0000021cd0af7bb0 JavaThread "Finalizer" daemon [_thread_blocked, id=6312, stack(0x0000009e09100000,0x0000009e09200000)]
  0x0000021cd0b0ce40 JavaThread "Signal Dispatcher" daemon [_thread_blocked, id=9004, stack(0x0000009e09200000,0x0000009e09300000)]
  0x0000021cd0b0d910 JavaThread "Attach Listener" daemon [_thread_blocked, id=16352, stack(0x0000009e09300000,0x0000009e09400000)]
  0x0000021cd0b11400 JavaThread "Service Thread" daemon [_thread_blocked, id=6740, stack(0x0000009e09400000,0x0000009e09500000)]
  0x0000021cd0b173e0 JavaThread "Monitor Deflation Thread" daemon [_thread_blocked, id=9244, stack(0x0000009e09500000,0x0000009e09600000)]
  0x0000021cd0b20840 JavaThread "C2 CompilerThread0" daemon [_thread_blocked, id=4808, stack(0x0000009e09600000,0x0000009e09700000)]
  0x0000021cd0b22160 JavaThread "C1 CompilerThread0" daemon [_thread_in_vm, id=6380, stack(0x0000009e09700000,0x0000009e09800000)]
  0x0000021cd0b25220 JavaThread "Sweeper thread" daemon [_thread_blocked, id=13368, stack(0x0000009e09800000,0x0000009e09900000)]
  0x0000021ce92a9190 JavaThread "Notification Thread" daemon [_thread_blocked, id=356, stack(0x0000009e09900000,0x0000009e09a00000)]
  0x0000021ce92ad930 JavaThread "Common-Cleaner" daemon [_thread_blocked, id=7104, stack(0x0000009e09b00000,0x0000009e09c00000)]
  0x0000021ce9426bf0 JavaThread "C2 CompilerThread1" daemon [_thread_blocked, id=760, stack(0x0000009e09c00000,0x0000009e09d00000)]
  0x0000021ce9826620 JavaThread "C2 CompilerThread2" daemon [_thread_blocked, id=16044, stack(0x0000009e09d00000,0x0000009e09e00000)]

Other Threads:
  0x0000021cd0aefe00 VMThread "VM Thread" [stack: 0x0000009e08f00000,0x0000009e09000000] [id=1052] _threads_hazard_ptr=0x0000021ce95bea40
  0x0000021ce92ad690 WatcherThread [stack: 0x0000009e09a00000,0x0000009e09b00000] [id=364]

Threads with active compile tasks:
C1 CompilerThread0     8523 1005       3       clojure.lang.RestFn::applyTo (3076 bytes)

VM state: synchronizing (normal execution)

VM Mutex/Monitor currently owned by a thread:  ([mutex/lock_event])
[0x0000021cd07f0890] Metaspace_lock - owner thread: 0x0000021cd0a7a740
[0x0000021cd07ef570] Threads_lock - owner thread: 0x0000021cd0aefe00
[0x0000021cd0a7a1f0] MethodData_lock - owner thread: 0x0000021cd0b22160

Heap address: 0x00000000f0000000, size: 256 MB, Compressed Oops mode: 32-bit

CDS archive(s) mapped at: [0x0000021c80000000-0x0000021c80bb0000-0x0000021c80bb0000), size 12255232, SharedBaseAddress: 0x0000021c80000000, ArchiveRelocationMode: 1.
Compressed class space mapped at: 0x0000021c81000000-0x0000021cc1000000, reserved size: 1073741824
Narrow klass base: 0x0000021c80000000, Narrow klass shift: 0, Narrow klass range: 0x100000000

GC Precious Log:
 CPUs: 8 total, 8 available
 Memory: 7932M
 Large Page Support: Disabled
 NUMA Support: Disabled
 Compressed Oops: Enabled (32-bit)
 Heap Min Capacity: 128M
 Heap Initial Capacity: 128M
 Heap Max Capacity: 256M
 Pre-touch: Disabled

Heap:
 def new generation   total 39296K, used 14674K [0x00000000f0000000, 0x00000000f2aa0000, 0x00000000f5550000)
  eden space 34944K,  29% used [0x00000000f0000000, 0x00000000f0a14b28, 0x00000000f2220000)
  from space 4352K, 100% used [0x00000000f2660000, 0x00000000f2aa0000, 0x00000000f2aa0000)
  to   space 4352K,   0% used [0x00000000f2220000, 0x00000000f2220000, 0x00000000f2660000)
 tenured generation   total 87424K, used 457K [0x00000000f5550000, 0x00000000faab0000, 0x0000000100000000)
   the space 87424K,   0% used [0x00000000f5550000, 0x00000000f55c2748, 0x00000000f55c2800, 0x00000000faab0000)
 Metaspace       used 10144K, committed 10240K, reserved 1114112K
  class space    used 2325K, committed 2368K, reserved 1048576K

Card table byte_map: [0x0000021ce8f90000,0x0000021ce9020000] _byte_map_base: 0x0000021ce8810000

Polling page: 0x0000021cd0b30000

Metaspace:

Usage:
  Non-class:      7.64 MB used.
      Class:      2.27 MB used.
       Both:      9.91 MB used.

Virtual space:
  Non-class space:       64.00 MB reserved,       7.69 MB ( 12%) committed,  1 nodes.
      Class space:        1.00 GB reserved,       2.31 MB ( <1%) committed,  1 nodes.
             Both:        1.06 GB reserved,      10.00 MB ( <1%) committed. 

Chunk freelists:
   Non-Class:  5.48 MB
       Class:  13.58 MB
        Both:  19.06 MB

MaxMetaspaceSize: unlimited
CompressedClassSpaceSize: 1.00 GB
Initial GC threshold: 21.00 MB
Current GC threshold: 21.00 MB
CDS: on
MetaspaceReclaimPolicy: balanced
 - commit_granule_bytes: 65536.
 - commit_granule_words: 8192.
 - virtual_space_node_default_size: 8388608.
 - enlarge_chunks_in_place: 1.
 - new_chunks_are_fully_committed: 0.
 - uncommit_free_chunks: 1.
 - use_allocation_guard: 0.
 - handle_deallocations: 1.


Internal statistics:

num_allocs_failed_limit: 0.
num_arena_births: 8.
num_arena_deaths: 0.
num_vsnodes_births: 2.
num_vsnodes_deaths: 0.
num_space_committed: 158.
num_space_uncommitted: 0.
num_chunks_returned_to_freelist: 0.
num_chunks_taken_from_freelist: 300.
num_chunk_merges: 0.
num_chunk_splits: 275.
num_chunks_enlarged: 258.
num_inconsistent_stats: 0.

CodeHeap 'non-profiled nmethods': size=120000Kb used=503Kb max_used=503Kb free=119496Kb
 bounds [0x0000021ce1870000, 0x0000021ce1ae0000, 0x0000021ce8da0000]
CodeHeap 'profiled nmethods': size=120000Kb used=1753Kb max_used=1753Kb free=118246Kb
 bounds [0x0000021cd9da0000, 0x0000021cda010000, 0x0000021ce12d0000]
CodeHeap 'non-nmethods': size=5760Kb used=1169Kb max_used=1216Kb free=4590Kb
 bounds [0x0000021ce12d0000, 0x0000021ce1540000, 0x0000021ce1870000]
 total_blobs=1447 nmethods=1004 adapters=357
 compilation: enabled
              stopped_count=0, restarted_count=0
 full_count=0

Compilation events (20 events):
Event: 6.399 Thread 0x0000021cd0b22160 nmethod 995 0x0000021cd9f53890 code [0x0000021cd9f53a20, 0x0000021cd9f53bb8]
Event: 6.402 Thread 0x0000021cd0b22160  996       3       clojure.core$keyword_QMARK_::invokeStatic (19 bytes)
Event: 6.402 Thread 0x0000021cd0b22160 nmethod 996 0x0000021cd9f53c90 code [0x0000021cd9f53e40, 0x0000021cd9f540b8]
Event: 6.402 Thread 0x0000021cd0b22160  997       3       clojure.lang.ArrayChunk::nth (12 bytes)
Event: 6.402 Thread 0x0000021cd0b22160 nmethod 997 0x0000021cd9f54190 code [0x0000021cd9f54320, 0x0000021cd9f54458]
Event: 6.402 Thread 0x0000021cd0b22160  998       3       java.lang.ThreadLocal::set (30 bytes)
Event: 6.403 Thread 0x0000021cd0b22160 nmethod 998 0x0000021cd9f54510 code [0x0000021cd9f546e0, 0x0000021cd9f54a58]
Event: 6.405 Thread 0x0000021cd0b22160  999       3       java.util.concurrent.atomic.AtomicBoolean::set (14 bytes)
Event: 6.405 Thread 0x0000021cd0b22160 nmethod 999 0x0000021cd9f54b90 code [0x0000021cd9f54d20, 0x0000021cd9f54e98]
Event: 6.405 Thread 0x0000021cd0b22160 1000       3       clojure.lang.Var$TBox::<init> (15 bytes)
Event: 6.405 Thread 0x0000021cd0b22160 nmethod 1000 0x0000021cd9f54f10 code [0x0000021cd9f550c0, 0x0000021cd9f55258]
Event: 6.405 Thread 0x0000021ce9426bf0 1001       4       clojure.lang.PersistentArrayMap::valAt (7 bytes)
Event: 6.415 Thread 0x0000021ce9426bf0 nmethod 1001 0x0000021ce18ec610 code [0x0000021ce18ec7c0, 0x0000021ce18ecbb8]
Event: 6.419 Thread 0x0000021ce9426bf0 1002       4       clojure.lang.PersistentHashMap$BitmapIndexedNode::find (91 bytes)
Event: 6.419 Thread 0x0000021cd0b22160 1004       3       clojure.lang.Util::compare (49 bytes)
Event: 6.419 Thread 0x0000021cd0b22160 nmethod 1004 0x0000021cd9f55310 code [0x0000021cd9f55520, 0x0000021cd9f55c78]
Event: 6.420 Thread 0x0000021cd0b22160 1003       3       clojure.lang.Symbol::compareTo (77 bytes)
Event: 6.420 Thread 0x0000021cd0b22160 nmethod 1003 0x0000021cd9f55d90 code [0x0000021cd9f55fa0, 0x0000021cd9f56488]
Event: 6.420 Thread 0x0000021cd0b22160 1005       3       clojure.lang.RestFn::applyTo (3076 bytes)
Event: 6.427 Thread 0x0000021ce9426bf0 nmethod 1002 0x0000021ce18ecf10 code [0x0000021ce18ed120, 0x0000021ce18ed860]

GC Heap History (2 events):
Event: 6.312 GC heap before
{Heap before GC invocations=0 (full 0):
 def new generation   total 39296K, used 34944K [0x00000000f0000000, 0x00000000f2aa0000, 0x00000000f5550000)
  eden space 34944K, 100% used [0x00000000f0000000, 0x00000000f2220000, 0x00000000f2220000)
  from space 4352K,   0% used [0x00000000f2220000, 0x00000000f2220000, 0x00000000f2660000)
  to   space 4352K,   0% used [0x00000000f2660000, 0x00000000f2660000, 0x00000000f2aa0000)
 tenured generation   total 87424K, used 0K [0x00000000f5550000, 0x00000000faab0000, 0x0000000100000000)
   the space 87424K,   0% used [0x00000000f5550000, 0x00000000f5550000, 0x00000000f5550200, 0x00000000faab0000)
 Metaspace       used 9282K, committed 9408K, reserved 1114112K
  class space    used 2173K, committed 2240K, reserved 1048576K
}
Event: 6.320 GC heap after
{Heap after GC invocations=1 (full 0):
 def new generation   total 39296K, used 4352K [0x00000000f0000000, 0x00000000f2aa0000, 0x00000000f5550000)
  eden space 34944K,   0% used [0x00000000f0000000, 0x00000000f0000000, 0x00000000f2220000)
  from space 4352K, 100% used [0x00000000f2660000, 0x00000000f2aa0000, 0x00000000f2aa0000)
  to   space 4352K,   0% used [0x00000000f2220000, 0x00000000f2220000, 0x00000000f2660000)
 tenured generation   total 87424K, used 457K [0x00000000f5550000, 0x00000000faab0000, 0x0000000100000000)
   the space 87424K,   0% used [0x00000000f5550000, 0x00000000f55c2748, 0x00000000f55c2800, 0x00000000faab0000)
 Metaspace       used 9282K, committed 9408K, reserved 1114112K
  class space    used 2173K, committed 2240K, reserved 1048576K
}

Dll operation events (6 events):
Event: 0.012 Loaded shared library C:\Program Files\Eclipse Adoptium\jdk-17.0.16.8-hotspot\bin\java.dll
Event: 0.038 Loaded shared library C:\Program Files\Eclipse Adoptium\jdk-17.0.16.8-hotspot\bin\jsvml.dll
Event: 0.085 Loaded shared library C:\Program Files\Eclipse Adoptium\jdk-17.0.16.8-hotspot\bin\net.dll
Event: 0.087 Loaded shared library C:\Program Files\Eclipse Adoptium\jdk-17.0.16.8-hotspot\bin\nio.dll
Event: 0.100 Loaded shared library C:\Program Files\Eclipse Adoptium\jdk-17.0.16.8-hotspot\bin\zip.dll
Event: 0.218 Loaded shared library C:\Program Files\Eclipse Adoptium\jdk-17.0.16.8-hotspot\bin\jimage.dll

Deoptimization events (20 events):
Event: 6.326 Thread 0x0000021cd0a7a740 DEOPT PACKING pc=0x0000021ce18c545c sp=0x0000009e08eff420
Event: 6.326 Thread 0x0000021cd0a7a740 DEOPT UNPACKING pc=0x0000021ce1329ea3 sp=0x0000009e08eff1b8 mode 2
Event: 6.326 Thread 0x0000021cd0a7a740 Uncommon trap: trap_request=0xffffff45 fr.pc=0x0000021ce18c5e00 relative=0x0000000000000340
Event: 6.326 Thread 0x0000021cd0a7a740 Uncommon trap: reason=unstable_if action=reinterpret pc=0x0000021ce18c5e00 method=clojure.lang.Util.equivPred(Ljava/lang/Object;)Lclojure/lang/Util$EquivPred; @ 23 c2
Event: 6.326 Thread 0x0000021cd0a7a740 DEOPT PACKING pc=0x0000021ce18c5e00 sp=0x0000009e08eff3b0
Event: 6.326 Thread 0x0000021cd0a7a740 DEOPT UNPACKING pc=0x0000021ce1329ea3 sp=0x0000009e08eff1b0 mode 2
Event: 6.326 Thread 0x0000021cd0a7a740 Uncommon trap: trap_request=0xffffff45 fr.pc=0x0000021ce18ca968 relative=0x0000000000000548
Event: 6.326 Thread 0x0000021cd0a7a740 Uncommon trap: reason=unstable_if action=reinterpret pc=0x0000021ce18ca968 method=clojure.lang.PersistentHashMap$BitmapIndexedNode.find(IILjava/lang/Object;)Lclojure/lang/IMapEntry; @ 53 c2
Event: 6.326 Thread 0x0000021cd0a7a740 DEOPT PACKING pc=0x0000021ce18ca968 sp=0x0000009e08eff1c0
Event: 6.326 Thread 0x0000021cd0a7a740 DEOPT UNPACKING pc=0x0000021ce1329ea3 sp=0x0000009e08eff068 mode 2
Event: 6.326 Thread 0x0000021cd0a7a740 Uncommon trap: trap_request=0xffffff45 fr.pc=0x0000021ce18cce5c relative=0x000000000000053c
Event: 6.326 Thread 0x0000021cd0a7a740 Uncommon trap: reason=unstable_if action=reinterpret pc=0x0000021ce18cce5c method=clojure.lang.PersistentHashMap$BitmapIndexedNode.find(IILjava/lang/Object;)Lclojure/lang/IMapEntry; @ 53 c2
Event: 6.326 Thread 0x0000021cd0a7a740 DEOPT PACKING pc=0x0000021ce18cce5c sp=0x0000009e08eff1b0
Event: 6.326 Thread 0x0000021cd0a7a740 DEOPT UNPACKING pc=0x0000021ce1329ea3 sp=0x0000009e08eff0d8 mode 2
Event: 6.346 Thread 0x0000021cd0a7a740 Uncommon trap: trap_request=0xffffff45 fr.pc=0x0000021ce18c8c34 relative=0x00000000000004d4
Event: 6.346 Thread 0x0000021cd0a7a740 Uncommon trap: reason=unstable_if action=reinterpret pc=0x0000021ce18c8c34 method=clojure.core$ns_publics$fn__6281.invoke(Ljava/lang/Object;)Ljava/lang/Object; @ 25 c2
Event: 6.346 Thread 0x0000021cd0a7a740 DEOPT PACKING pc=0x0000021ce18c8c34 sp=0x0000009e08efa7f0
Event: 6.346 Thread 0x0000021cd0a7a740 DEOPT UNPACKING pc=0x0000021ce1329ea3 sp=0x0000009e08efa7a0 mode 2
Event: 6.374 Thread 0x0000021cd0a7a740 DEOPT PACKING pc=0x0000021cd9dc924a sp=0x0000009e08efb7b0
Event: 6.374 Thread 0x0000021cd0a7a740 DEOPT UNPACKING pc=0x0000021ce132a9e3 sp=0x0000009e08efac38 mode 0

Classes loaded (20 events):
Event: 6.365 Loading class java/util/regex/Pattern$Loop
Event: 6.365 Loading class java/util/regex/Pattern$Loop done
Event: 6.365 Loading class java/util/regex/Pattern$Prolog
Event: 6.365 Loading class java/util/regex/Pattern$Prolog done
Event: 6.368 Loading class java/util/regex/Pattern$Pos
Event: 6.368 Loading class java/util/regex/Pattern$Pos done
Event: 6.368 Loading class java/lang/ProcessEnvironment
Event: 6.368 Loading class java/lang/ProcessEnvironment done
Event: 6.369 Loading class java/lang/ProcessEnvironment$NameComparator
Event: 6.369 Loading class java/lang/ProcessEnvironment$NameComparator done
Event: 6.369 Loading class java/lang/ProcessEnvironment$EntryComparator
Event: 6.369 Loading class java/lang/ProcessEnvironment$EntryComparator done
Event: 6.369 Loading class java/lang/ProcessEnvironment$CheckedEntrySet
Event: 6.369 Loading class java/lang/ProcessEnvironment$CheckedEntrySet done
Event: 6.369 Loading class java/lang/ProcessEnvironment$CheckedEntrySet$1
Event: 6.369 Loading class java/lang/ProcessEnvironment$CheckedEntrySet$1 done
Event: 6.369 Loading class java/lang/ProcessEnvironment$CheckedEntry
Event: 6.369 Loading class java/lang/ProcessEnvironment$CheckedEntry done
Event: 6.381 Loading class java/util/regex/Pattern$SliceI
Event: 6.381 Loading class java/util/regex/Pattern$SliceI done

Classes unloaded (0 events):
No events

Classes redefined (0 events):
No events

Internal exceptions (5 events):
Event: 6.321 Thread 0x0000021cd0a7a740 Implicit null exception at 0x0000021ce18c6d6c to 0x0000021ce18c73e8
Event: 6.321 Thread 0x0000021cd0a7a740 Implicit null exception at 0x0000021ce18c3f6c to 0x0000021ce18c40ec
Event: 6.322 Thread 0x0000021cd0a7a740 Implicit null exception at 0x0000021ce18c336c to 0x0000021ce18c34ec
Event: 6.326 Thread 0x0000021cd0a7a740 Implicit null exception at 0x0000021ce18ca5a5 to 0x0000021ce18ca94c
Event: 6.326 Thread 0x0000021cd0a7a740 Implicit null exception at 0x0000021ce18cca34 to 0x0000021ce18cce44

VM Operations (20 events):
Event: 0.225 Executing VM operation: HandshakeAllThreads done
Event: 0.633 Executing VM operation: HandshakeAllThreads
Event: 0.633 Executing VM operation: HandshakeAllThreads done
Event: 0.664 Executing VM operation: ICBufferFull
Event: 0.665 Executing VM operation: ICBufferFull done
Event: 1.675 Executing VM operation: Cleanup
Event: 1.676 Executing VM operation: Cleanup done
Event: 2.680 Executing VM operation: Cleanup
Event: 2.680 Executing VM operation: Cleanup done
Event: 4.030 Executing VM operation: HandshakeAllThreads
Event: 4.030 Executing VM operation: HandshakeAllThreads done
Event: 4.030 Executing VM operation: Cleanup
Event: 4.030 Executing VM operation: Cleanup done
Event: 5.036 Executing VM operation: Cleanup
Event: 5.036 Executing VM operation: Cleanup done
Event: 6.312 Executing VM operation: GenCollectForAllocation
Event: 6.320 Executing VM operation: GenCollectForAllocation done
Event: 6.369 Executing VM operation: HandshakeAllThreads
Event: 6.369 Executing VM operation: HandshakeAllThreads done
Event: 7.368 Executing VM operation: Cleanup

Memory protections (0 events):
No events

Nmethod flushes (0 events):
No events

Events (14 events):
Event: 0.038 Thread 0x0000021cd0a7a740 Thread added: 0x0000021cd0a7a740
Event: 0.044 Thread 0x0000021cd0a7a740 Thread added: 0x0000021cd0af6570
Event: 0.044 Thread 0x0000021cd0a7a740 Thread added: 0x0000021cd0af7bb0
Event: 0.051 Thread 0x0000021cd0a7a740 Thread added: 0x0000021cd0b0ce40
Event: 0.051 Thread 0x0000021cd0a7a740 Thread added: 0x0000021cd0b0d910
Event: 0.051 Thread 0x0000021cd0a7a740 Thread added: 0x0000021cd0b11400
Event: 0.051 Thread 0x0000021cd0a7a740 Thread added: 0x0000021cd0b173e0
Event: 0.052 Thread 0x0000021cd0a7a740 Thread added: 0x0000021cd0b20840
Event: 0.052 Thread 0x0000021cd0a7a740 Thread added: 0x0000021cd0b22160
Event: 0.052 Thread 0x0000021cd0a7a740 Thread added: 0x0000021cd0b25220
Event: 0.069 Thread 0x0000021cd0a7a740 Thread added: 0x0000021ce92a9190
Event: 0.077 Thread 0x0000021cd0a7a740 Thread added: 0x0000021ce92ad930
Event: 0.097 Thread 0x0000021cd0b20840 Thread added: 0x0000021ce9426bf0
Event: 0.705 Thread 0x0000021cd0b22160 Thread added: 0x0000021ce9826620


Dynamic libraries:
0x00007ff711660000 - 0x00007ff71166e000 	C:\Program Files\Eclipse Adoptium\jdk-17.0.16.8-hotspot\bin\java.exe
0x00007ffc75640000 - 0x00007ffc758a8000 	C:\WINDOWS\SYSTEM32\ntdll.dll
0x00007ffc74f40000 - 0x00007ffc75009000 	C:\WINDOWS\System32\KERNEL32.DLL
0x00007ffc72cc0000 - 0x00007ffc730b2000 	C:\WINDOWS\System32\KERNELBASE.dll
0x00007ffc72ad0000 - 0x00007ffc72c1b000 	C:\WINDOWS\System32\ucrtbase.dll
0x00007ffc6b100000 - 0x00007ffc6b11e000 	C:\Program Files\Eclipse Adoptium\jdk-17.0.16.8-hotspot\bin\VCRUNTIME140.dll
0x00007ffc6b120000 - 0x00007ffc6b137000 	C:\Program Files\Eclipse Adoptium\jdk-17.0.16.8-hotspot\bin\jli.dll
0x00007ffc74920000 - 0x00007ffc74ae5000 	C:\WINDOWS\System32\USER32.dll
0x00007ffc5cdb0000 - 0x00007ffc5d043000 	C:\WINDOWS\WinSxS\amd64_microsoft.windows.common-controls_6595b64144ccf1df_6.0.26100.6899_none_3e0efeeae32e88c1\COMCTL32.dll
0x00007ffc72aa0000 - 0x00007ffc72ac7000 	C:\WINDOWS\System32\win32u.dll
0x00007ffc73570000 - 0x00007ffc73619000 	C:\WINDOWS\System32\msvcrt.dll
0x00007ffc75030000 - 0x00007ffc7505b000 	C:\WINDOWS\System32\GDI32.dll
0x00007ffc730c0000 - 0x00007ffc731ed000 	C:\WINDOWS\System32\gdi32full.dll
0x00007ffc73360000 - 0x00007ffc73403000 	C:\WINDOWS\System32\msvcp_win.dll
0x00007ffc74570000 - 0x00007ffc7459f000 	C:\WINDOWS\System32\IMM32.DLL
0x00007ffc6b0a0000 - 0x00007ffc6b0ac000 	C:\Program Files\Eclipse Adoptium\jdk-17.0.16.8-hotspot\bin\vcruntime140_1.dll
0x00007ffc63c00000 - 0x00007ffc63c8d000 	C:\Program Files\Eclipse Adoptium\jdk-17.0.16.8-hotspot\bin\msvcp140.dll
0x00007ffbfaa40000 - 0x00007ffbfb6ab000 	C:\Program Files\Eclipse Adoptium\jdk-17.0.16.8-hotspot\bin\server\jvm.dll
0x00007ffc75110000 - 0x00007ffc751c4000 	C:\WINDOWS\System32\ADVAPI32.dll
0x00007ffc74870000 - 0x00007ffc74916000 	C:\WINDOWS\System32\sechost.dll
0x00007ffc752d0000 - 0x00007ffc753e8000 	C:\WINDOWS\System32\RPCRT4.dll
0x00007ffc73d70000 - 0x00007ffc73de4000 	C:\WINDOWS\System32\WS2_32.dll
0x00007ffc72650000 - 0x00007ffc726ae000 	C:\WINDOWS\SYSTEM32\POWRPROF.dll
0x00007ffc5cd70000 - 0x00007ffc5cda5000 	C:\WINDOWS\SYSTEM32\WINMM.dll
0x00007ffc68610000 - 0x00007ffc6861b000 	C:\WINDOWS\SYSTEM32\VERSION.dll
0x00007ffc72630000 - 0x00007ffc72644000 	C:\WINDOWS\SYSTEM32\UMPDC.dll
0x00007ffc715a0000 - 0x00007ffc715bb000 	C:\WINDOWS\SYSTEM32\kernel.appcore.dll
0x00007ffc68600000 - 0x00007ffc6860a000 	C:\Program Files\Eclipse Adoptium\jdk-17.0.16.8-hotspot\bin\jimage.dll
0x00007ffc70080000 - 0x00007ffc702c2000 	C:\WINDOWS\SYSTEM32\DBGHELP.DLL
0x00007ffc74b00000 - 0x00007ffc74e7b000 	C:\WINDOWS\System32\combase.dll
0x00007ffc745b0000 - 0x00007ffc74687000 	C:\WINDOWS\System32\OLEAUT32.dll
0x00007ffc5cc90000 - 0x00007ffc5cccc000 	C:\WINDOWS\SYSTEM32\dbgcore.DLL
0x00007ffc72c20000 - 0x00007ffc72cb8000 	C:\WINDOWS\System32\bcryptPrimitives.dll
0x00007ffc685d0000 - 0x00007ffc685f5000 	C:\Program Files\Eclipse Adoptium\jdk-17.0.16.8-hotspot\bin\java.dll
0x00007ffc5a6b0000 - 0x00007ffc5a787000 	C:\Program Files\Eclipse Adoptium\jdk-17.0.16.8-hotspot\bin\jsvml.dll
0x00007ffc73620000 - 0x00007ffc73d6d000 	C:\WINDOWS\System32\SHELL32.dll
0x00007ffc731f0000 - 0x00007ffc7335b000 	C:\WINDOWS\System32\wintypes.dll
0x00007ffc70460000 - 0x00007ffc70cbd000 	C:\WINDOWS\SYSTEM32\windows.storage.dll
0x00007ffc754e0000 - 0x00007ffc755d2000 	C:\WINDOWS\System32\SHCORE.dll
0x00007ffc73ed0000 - 0x00007ffc73f32000 	C:\WINDOWS\System32\shlwapi.dll
0x00007ffc726f0000 - 0x00007ffc72719000 	C:\WINDOWS\SYSTEM32\profapi.dll
0x00007ffc685b0000 - 0x00007ffc685c9000 	C:\Program Files\Eclipse Adoptium\jdk-17.0.16.8-hotspot\bin\net.dll
0x00007ffc64d70000 - 0x00007ffc64e8f000 	C:\WINDOWS\SYSTEM32\WINHTTP.dll
0x00007ffc71b10000 - 0x00007ffc71b7b000 	C:\WINDOWS\system32\mswsock.dll
0x00007ffc64260000 - 0x00007ffc64276000 	C:\Program Files\Eclipse Adoptium\jdk-17.0.16.8-hotspot\bin\nio.dll
0x00007ffc64240000 - 0x00007ffc64258000 	C:\Program Files\Eclipse Adoptium\jdk-17.0.16.8-hotspot\bin\zip.dll

dbghelp: loaded successfully - version: 4.0.5 - missing functions: none
symbol engine: initialized successfully - sym options: 0x614 - pdb path: .;C:\Program Files\Eclipse Adoptium\jdk-17.0.16.8-hotspot\bin;C:\WINDOWS\SYSTEM32;C:\WINDOWS\WinSxS\amd64_microsoft.windows.common-controls_6595b64144ccf1df_6.0.26100.6899_none_3e0efeeae32e88c1;C:\Program Files\Eclipse Adoptium\jdk-17.0.16.8-hotspot\bin\server

VM Arguments:
jvm_args: -Xmx256m -Xms128m -XX:+UseSerialGC -Dfile.encoding=UTF-8 -Dclojure.compile.path=C:\Users\Admin\Documents\FP\functional_programming\lab2\sc-bag/target/classes -Dleiningen.original.pwd=C:\Users\Admin\Documents\FP\functional_programming\lab2\sc-bag 
java_command: clojure.main -m leiningen.core.main compile
java_class_path (initial): C:\Users\Admin\.lein\self-installs\leiningen-2.12.0-standalone.jar
Launcher Type: SUN_STANDARD

[Global flags]
     intx CICompilerCount                          = 4                                         {product} {ergonomic}
   size_t InitialHeapSize                          = 134217728                                 {product} {command line}
   size_t MaxHeapSize                              = 268435456                                 {product} {command line}
   size_t MaxNewSize                               = 89456640                                  {product} {ergonomic}
   size_t MinHeapDeltaBytes                        = 196608                                    {product} {ergonomic}
   size_t MinHeapSize                              = 134217728                                 {product} {command line}
   size_t NewSize                                  = 44695552                                  {product} {ergonomic}
    uintx NonNMethodCodeHeapSize                   = 5839372                                {pd product} {ergonomic}
    uintx NonProfiledCodeHeapSize                  = 122909434                              {pd product} {ergonomic}
   size_t OldSize                                  = 89522176                                  {product} {ergonomic}
    uintx ProfiledCodeHeapSize                     = 122909434                              {pd product} {ergonomic}
    uintx ReservedCodeCacheSize                    = 251658240                              {pd product} {ergonomic}
     bool SegmentedCodeCache                       = true                                      {product} {ergonomic}
   size_t SoftMaxHeapSize                          = 268435456                              {manageable} {ergonomic}
     bool UseCompressedClassPointers               = true                           {product lp64_product} {ergonomic}
     bool UseCompressedOops                        = true                           {product lp64_product} {ergonomic}
     bool UseLargePagesIndividualAllocation        = false                                  {pd product} {ergonomic}
     bool UseSerialGC                              = true                                      {product} {command line}

Logging:
Log output configuration:
 #0: stdout all=warning uptime,level,tags
 #1: stderr all=off uptime,level,tags

Environment Variables:
JAVA_HOME=C:\Program Files\Java\jdk-17
CLASSPATH=C:\Users\Admin\.lein\self-installs\leiningen-2.12.0-standalone.jar
PATH=C:\Users\Admin\miniconda3\condabin;C:\Program Files\Eclipse Adoptium\jdk-17.0.16.8-hotspot\bin;C:\Program Files\Common Files\Oracle\Java\javapath;C:\Python313\Scripts\;C:\Python313\;C:\Program Files (x86)\Common Files\Intel\Shared Libraries\redist\intel64\compiler;C:\WINDOWS\system32;C:\WINDOWS;C:\WINDOWS\System32\Wbem;C:\WINDOWS\System32\WindowsPowerShell\v1.0\;C:\WINDOWS\System32\OpenSSH\;C:\Program Files\dotnet\;C:\Program Files\Microsoft SQL Server\150\Tools\Binn\;C:\Program Files\GitHub CLI\;C:\Program Files (x86)\Nodist\bin;C:\Program Files\nodejs\;C:\ProgramData\chocolatey\bin;C:\Program Files\Git\cmd;C:\tools\groovy-3.0.25\bin;C:\Users\Admin\miniconda3;C:\Users\Admin\miniconda3\Library\mingw-w64\bin;C:\Users\Admin\miniconda3\Library\usr\bin;C:\Users\Admin\miniconda3\Library\bin;C:\Users\Admin\miniconda3\Scripts;C:\Users\Admin\AppData\Local\Microsoft\WindowsApps;C:\Users\Admin\AppData\Local\Programs\Microsoft VS Code\bin;C:\Users\Admin\.dotnet\tools;C:\Users\Admin\AppData\Local\GitHubDesktop\bin;C:\Users\Admin\AppData\Local\Programs\cursor\resources\app\bin;C:\Users\Admin\AppData\Roaming\npm;C:\Users\Admin\lein;C:\iverilog\bin;C:\iverilog\gtkwave\bin
USERNAME=Admin
LANG=en_US.UTF-8
OS=Windows_NT
PROCESSOR_IDENTIFIER=Intel64 Family 6 Model 126 Stepping 5, GenuineIntel
TMP=C:\Users\Admin\AppData\Local\Temp
TEMP=C:\Users\Admin\AppData\Local\Temp



Periodic native trim disabled


---------------  S Y S T E M  ---------------

OS:
 Windows 11 , 64 bit Build 26100 (10.0.26100.6725)
OS uptime: 0 days 6:32 hours

CPU: total 8 (initial active 8) (4 cores per cpu, 2 threads per core) family 6 model 126 stepping 5 microcode 0xa6, cx8, cmov, fxsr, ht, mmx, 3dnowpref, sse, sse2, sse3, ssse3, sse4.1, sse4.2, popcnt, lzcnt, tsc, tscinvbit, avx, avx2, aes, erms, clmul, bmi1, bmi2, adx, avx512f, avx512dq, avx512cd, avx512bw, avx512vl, sha, fma, vzeroupper, avx512_vpopcntdq, avx512_vpclmulqdq, avx512_vaes, avx512_vnni, clflush, clflushopt, avx512_vbmi2, avx512_vbmi
Processor Information for processor 0
  Max Mhz: 1201, Current Mhz: 1000, Mhz Limit: 1201
Processor Information for processor 1
  Max Mhz: 1201, Current Mhz: 1000, Mhz Limit: 1201
Processor Information for processor 2
  Max Mhz: 1201, Current Mhz: 1000, Mhz Limit: 1201
Processor Information for processor 3
  Max Mhz: 1201, Current Mhz: 1000, Mhz Limit: 1201
Processor Information for processor 4
  Max Mhz: 1201, Current Mhz: 1201, Mhz Limit: 1201
Processor Information for processor 5
  Max Mhz: 1201, Current Mhz: 1000, Mhz Limit: 1201
Processor Information for processor 6
  Max Mhz: 1201, Current Mhz: 1000, Mhz Limit: 1201
Processor Information for processor 7
  Max Mhz: 1201, Current Mhz: 1000, Mhz Limit: 1201

Memory: 4k page, system-wide physical 7932M (1707M free)
TotalPageFile size 7932M (AvailPageFile size 2M)
current process WorkingSet (physical memory assigned to process): 99M, peak: 99M
current process commit charge ("private bytes"): 178M, peak: 185M

vm_info: OpenJDK 64-Bit Server VM (17.0.16+8) for windows-amd64 JRE (17.0.16+8), built on Jul 16 2025 10:37:56 by "admin" with MS VC++ 17.7 (VS2022)

END.
