#
# There is insufficient memory for the Java Runtime Environment to continue.
# Native memory allocation (malloc) failed to allocate 1808976 bytes. Error detail: Chunk::new
# Possible reasons:
#   The system is out of physical RAM or swap space
#   This process is running with CompressedOops enabled, and the Java Heap may be blocking the growth of the native heap
# Possible solutions:
#   Reduce memory load on the system
#   Increase physical memory or swap space
#   Check if swap backing store is full
#   Decrease Java heap size (-Xmx/-Xms)
#   Decrease number of Java threads
#   Decrease Java thread stack sizes (-Xss)
#   Set larger code cache with -XX:ReservedCodeCacheSize=
#   JVM is running with Unscaled Compressed Oops mode in which the Java heap is
#     placed in the first 4GB address space. The Java Heap base address is the
#     maximum limit for the native heap growth. Please use -XX:HeapBaseMinAddress
#     to set the Java Heap base and to place the Java Heap above 4GB virtual address.
# This output file may be truncated or incomplete.
#
#  Out of Memory Error (arena.cpp:191), pid=1284, tid=15708
#
# JRE version: OpenJDK Runtime Environment Temurin-17.0.16+8 (17.0.16+8) (build 17.0.16+8)
# Java VM: OpenJDK 64-Bit Server VM Temurin-17.0.16+8 (17.0.16+8, mixed mode, sharing, tiered, compressed oops, compressed class ptrs, serial gc, windows-amd64)
# No core dump will be written. Minidumps are not enabled by default on client versions of Windows
#

---------------  S U M M A R Y ------------

Command Line: -Dfile.encoding=UTF-8 -Xmx256m -Xms128m -XX:+UseSerialGC -Dclojure.compile.path=C:\Users\Admin\Documents\FP\functional_programming\lab2\sc-bag\target\test+test\classes -Dsc-bag.version=0.1.0-SNAPSHOT -Dclojure.debug=false clojure.main -i C:\Users\Admin\AppData\Local\Temp\form-init6610965900864837102.clj

Host: Intel(R) Core(TM) i5-1035G1 CPU @ 1.00GHz, 8 cores, 7G,  Windows 11 , 64 bit Build 26100 (10.0.26100.6725)
Time: Mon Nov 17 20:22:50 2025 RTZ 2 (s 11 , 64 bit Build 26100 (10.0.26100.6725) elapsed time: 5.397884 seconds (0d 0h 0m 5s)

---------------  T H R E A D  ---------------

Current thread (0x000001d8c56c9940):  JavaThread "C2 CompilerThread2" daemon [_thread_in_native, id=15708, stack(0x0000000fd1600000,0x0000000fd1700000)]


Current CompileTask:
C2:   5397 2250   !   4       clojure.lang.Compiler::analyze (368 bytes)

Stack: [0x0000000fd1600000,0x0000000fd1700000]
Native frames: (J=compiled Java code, j=interpreted, Vv=VM code, C=native code)
V  [jvm.dll+0x683169]
V  [jvm.dll+0x839ac8]
V  [jvm.dll+0x83b573]
V  [jvm.dll+0x83bbe3]
V  [jvm.dll+0x2473ff]
V  [jvm.dll+0xace94]
V  [jvm.dll+0xad52c]
V  [jvm.dll+0x365dbf]
V  [jvm.dll+0x32fff8]
V  [jvm.dll+0x32f47a]
V  [jvm.dll+0x21831f]
V  [jvm.dll+0x21775f]
V  [jvm.dll+0x1a32a0]
V  [jvm.dll+0x227b3c]
V  [jvm.dll+0x225ccb]
V  [jvm.dll+0x7ef2d8]
V  [jvm.dll+0x7e979c]
V  [jvm.dll+0x682047]
C  [ucrtbase.dll+0x37b0]
C  [KERNEL32.DLL+0x2e8d7]
C  [ntdll.dll+0x8c53c]


---------------  P R O C E S S  ---------------

Threads class SMR info:
_java_thread_list=0x000001d8c59e4bb0, length=14, elements={
0x000001d8e8cbd610, 0x000001d8e8d35790, 0x000001d8e8d36350, 0x000001d8e8d4cff0,
0x000001d8e8d4dbb0, 0x000001d8e8d512f0, 0x000001d8e8d564e0, 0x000001d8e8d580f0,
0x000001d8e8d5a880, 0x000001d8e8d5b190, 0x000001d8c50210e0, 0x000001d8c502b7b0,
0x000001d8c561c810, 0x000001d8c56c9940
}

Java Threads: ( => current thread )
  0x000001d8e8cbd610 JavaThread "main" [_thread_in_Java, id=12624, stack(0x0000000fd0700000,0x0000000fd0800000)]
  0x000001d8e8d35790 JavaThread "Reference Handler" daemon [_thread_blocked, id=13384, stack(0x0000000fd0900000,0x0000000fd0a00000)]
  0x000001d8e8d36350 JavaThread "Finalizer" daemon [_thread_blocked, id=3740, stack(0x0000000fd0a00000,0x0000000fd0b00000)]
  0x000001d8e8d4cff0 JavaThread "Signal Dispatcher" daemon [_thread_blocked, id=6988, stack(0x0000000fd0b00000,0x0000000fd0c00000)]
  0x000001d8e8d4dbb0 JavaThread "Attach Listener" daemon [_thread_blocked, id=6016, stack(0x0000000fd0c00000,0x0000000fd0d00000)]
  0x000001d8e8d512f0 JavaThread "Service Thread" daemon [_thread_blocked, id=13804, stack(0x0000000fd0d00000,0x0000000fd0e00000)]
  0x000001d8e8d564e0 JavaThread "Monitor Deflation Thread" daemon [_thread_blocked, id=11624, stack(0x0000000fd0e00000,0x0000000fd0f00000)]
  0x000001d8e8d580f0 JavaThread "C2 CompilerThread0" daemon [_thread_in_native, id=16204, stack(0x0000000fd0f00000,0x0000000fd1000000)]
  0x000001d8e8d5a880 JavaThread "C1 CompilerThread0" daemon [_thread_in_native, id=14616, stack(0x0000000fd1000000,0x0000000fd1100000)]
  0x000001d8e8d5b190 JavaThread "Sweeper thread" daemon [_thread_blocked, id=7624, stack(0x0000000fd1100000,0x0000000fd1200000)]
  0x000001d8c50210e0 JavaThread "Notification Thread" daemon [_thread_blocked, id=2884, stack(0x0000000fd1200000,0x0000000fd1300000)]
  0x000001d8c502b7b0 JavaThread "Common-Cleaner" daemon [_thread_blocked, id=6084, stack(0x0000000fd1400000,0x0000000fd1500000)]
  0x000001d8c561c810 JavaThread "C2 CompilerThread1" daemon [_thread_in_native, id=8608, stack(0x0000000fd1500000,0x0000000fd1600000)]
=>0x000001d8c56c9940 JavaThread "C2 CompilerThread2" daemon [_thread_in_native, id=15708, stack(0x0000000fd1600000,0x0000000fd1700000)]

Other Threads:
  0x000001d8e8d2ff40 VMThread "VM Thread" [stack: 0x0000000fd0800000,0x0000000fd0900000] [id=2720]
  0x000001d8c5024540 WatcherThread [stack: 0x0000000fd1300000,0x0000000fd1400000] [id=7804]

Threads with active compile tasks:
C2 CompilerThread0     6444 2261       4       clojure.spec.alpha$deriv::invokeStatic (1364 bytes)
C1 CompilerThread0     6444 2451       3       clojure.lang.Compiler$ObjExpr::compile (1935 bytes)
C2 CompilerThread1     6444 2430       4       clojure.asm.SymbolTable::addConstantMemberReference (147 bytes)
C2 CompilerThread2     6445 2250   !   4       clojure.lang.Compiler::analyze (368 bytes)

VM state: not at safepoint (normal execution)

VM Mutex/Monitor currently owned by a thread: None

Heap address: 0x00000000f0000000, size: 256 MB, Compressed Oops mode: 32-bit

CDS archive(s) mapped at: [0x000001d880000000-0x000001d880bb0000-0x000001d880bb0000), size 12255232, SharedBaseAddress: 0x000001d880000000, ArchiveRelocationMode: 1.
Compressed class space mapped at: 0x000001d881000000-0x000001d8c1000000, reserved size: 1073741824
Narrow klass base: 0x000001d880000000, Narrow klass shift: 0, Narrow klass range: 0x100000000

GC Precious Log:
 CPUs: 8 total, 8 available
 Memory: 7932M
 Large Page Support: Disabled
 NUMA Support: Disabled
 Compressed Oops: Enabled (32-bit)
 Heap Min Capacity: 128M
 Heap Initial Capacity: 128M
 Heap Max Capacity: 256M
 Pre-touch: Disabled

Heap:
 def new generation   total 39296K, used 33792K [0x00000000f0000000, 0x00000000f2aa0000, 0x00000000f5550000)
  eden space 34944K,  90% used [0x00000000f0000000, 0x00000000f1edcf30, 0x00000000f2220000)
  from space 4352K,  50% used [0x00000000f2220000, 0x00000000f2443348, 0x00000000f2660000)
  to   space 4352K,   0% used [0x00000000f2660000, 0x00000000f2660000, 0x00000000f2aa0000)
 tenured generation   total 87424K, used 3563K [0x00000000f5550000, 0x00000000faab0000, 0x0000000100000000)
   the space 87424K,   4% used [0x00000000f5550000, 0x00000000f58cac58, 0x00000000f58cae00, 0x00000000faab0000)
 Metaspace       used 13693K, committed 14400K, reserved 1114112K
  class space    used 2928K, committed 3200K, reserved 1048576K

Card table byte_map: [0x000001d8e8d70000,0x000001d8e8e00000] _byte_map_base: 0x000001d8e85f0000

Polling page: 0x000001d8e7480000

Metaspace:

Usage:
  Non-class:     10.51 MB used.
      Class:      2.86 MB used.
       Both:     13.37 MB used.

Virtual space:
  Non-class space:       64.00 MB reserved,      10.94 MB ( 17%) committed,  1 nodes.
      Class space:        1.00 GB reserved,       3.12 MB ( <1%) committed,  1 nodes.
             Both:        1.06 GB reserved,      14.06 MB (  1%) committed. 

Chunk freelists:
   Non-Class:  3.36 MB
       Class:  12.93 MB
        Both:  16.28 MB

MaxMetaspaceSize: unlimited
CompressedClassSpaceSize: 1.00 GB
Initial GC threshold: 21.00 MB
Current GC threshold: 21.00 MB
CDS: on
MetaspaceReclaimPolicy: balanced
 - commit_granule_bytes: 65536.
 - commit_granule_words: 8192.
 - virtual_space_node_default_size: 8388608.
 - enlarge_chunks_in_place: 1.
 - new_chunks_are_fully_committed: 0.
 - uncommit_free_chunks: 1.
 - use_allocation_guard: 0.
 - handle_deallocations: 1.


Internal statistics:

num_allocs_failed_limit: 0.
num_arena_births: 350.
num_arena_deaths: 0.
num_vsnodes_births: 2.
num_vsnodes_deaths: 0.
num_space_committed: 223.
num_space_uncommitted: 0.
num_chunks_returned_to_freelist: 0.
num_chunks_taken_from_freelist: 823.
num_chunk_merges: 0.
num_chunk_splits: 574.
num_chunks_enlarged: 373.
num_inconsistent_stats: 0.

CodeHeap 'non-profiled nmethods': size=120000Kb used=1430Kb max_used=1430Kb free=118569Kb
 bounds [0x000001d8f83c0000, 0x000001d8f8630000, 0x000001d8ff8f0000]
CodeHeap 'profiled nmethods': size=120000Kb used=5580Kb max_used=5580Kb free=114419Kb
 bounds [0x000001d8f08f0000, 0x000001d8f0e70000, 0x000001d8f7e20000]
CodeHeap 'non-nmethods': size=5760Kb used=1186Kb max_used=1236Kb free=4573Kb
 bounds [0x000001d8f7e20000, 0x000001d8f8090000, 0x000001d8f83c0000]
 total_blobs=2906 nmethods=2440 adapters=380
 compilation: enabled
              stopped_count=0, restarted_count=0
 full_count=0

Compilation events (20 events):
Event: 4.362 Thread 0x000001d8e8d5a880 nmethod 2441 0x000001d8f0e42b90 code [0x000001d8f0e42d60, 0x000001d8f0e43128]
Event: 4.362 Thread 0x000001d8e8d5a880 2439       3       jdk.internal.reflect.ReflectionFactory::copyConstructor (11 bytes)
Event: 4.362 Thread 0x000001d8e8d5a880 nmethod 2439 0x000001d8f0e43290 code [0x000001d8f0e43440, 0x000001d8f0e43628]
Event: 4.362 Thread 0x000001d8e8d5a880 2440       3       java.lang.reflect.ReflectAccess::copyConstructor (5 bytes)
Event: 4.362 Thread 0x000001d8e8d5a880 nmethod 2440 0x000001d8f0e43790 code [0x000001d8f0e43940, 0x000001d8f0e43a88]
Event: 4.363 Thread 0x000001d8e8d5a880 2442       3       clojure.lang.RT::first (35 bytes)
Event: 4.363 Thread 0x000001d8e8d5a880 nmethod 2442 0x000001d8f0e43b90 code [0x000001d8f0e43dc0, 0x000001d8f0e44838]
Event: 4.365 Thread 0x000001d8e8d5a880 2444       3       java.util.ArrayList::<init> (61 bytes)
Event: 4.366 Thread 0x000001d8e8d5a880 nmethod 2444 0x000001d8f0e44a10 code [0x000001d8f0e44c60, 0x000001d8f0e45538]
Event: 4.366 Thread 0x000001d8e8d5a880 2445       1       clojure.core$merge::getRequiredArity (2 bytes)
Event: 4.366 Thread 0x000001d8e8d5a880 nmethod 2445 0x000001d8f8525690 code [0x000001d8f8525820, 0x000001d8f85258f8]
Event: 4.368 Thread 0x000001d8e8d5a880 2446       3       clojure.lang.Util::isInteger (34 bytes)
Event: 4.368 Thread 0x000001d8e8d5a880 nmethod 2446 0x000001d8f0e45810 code [0x000001d8f0e459e0, 0x000001d8f0e45fb8]
Event: 4.368 Thread 0x000001d8e8d5a880 2447       3       clojure.lang.Compiler$MethodExpr::<init> (5 bytes)
Event: 4.368 Thread 0x000001d8e8d5a880 nmethod 2447 0x000001d8f0e46090 code [0x000001d8f0e46240, 0x000001d8f0e463f8]
Event: 4.369 Thread 0x000001d8e8d5a880 2449       3       java.lang.StringLatin1$CharsSpliterator::<init> (10 bytes)
Event: 4.369 Thread 0x000001d8e8d5a880 nmethod 2449 0x000001d8f0e46510 code [0x000001d8f0e466c0, 0x000001d8f0e46808]
Event: 4.372 Thread 0x000001d8e8d5a880 2450       3       clojure.lang.Compiler::access$900 (4 bytes)
Event: 4.372 Thread 0x000001d8e8d5a880 nmethod 2450 0x000001d8f0e46910 code [0x000001d8f0e46ac0, 0x000001d8f0e46bc8]
Event: 4.378 Thread 0x000001d8e8d5a880 2451       3       clojure.lang.Compiler$ObjExpr::compile (1935 bytes)

GC Heap History (4 events):
Event: 2.765 GC heap before
{Heap before GC invocations=0 (full 0):
 def new generation   total 39296K, used 34944K [0x00000000f0000000, 0x00000000f2aa0000, 0x00000000f5550000)
  eden space 34944K, 100% used [0x00000000f0000000, 0x00000000f2220000, 0x00000000f2220000)
  from space 4352K,   0% used [0x00000000f2220000, 0x00000000f2220000, 0x00000000f2660000)
  to   space 4352K,   0% used [0x00000000f2660000, 0x00000000f2660000, 0x00000000f2aa0000)
 tenured generation   total 87424K, used 0K [0x00000000f5550000, 0x00000000faab0000, 0x0000000100000000)
   the space 87424K,   0% used [0x00000000f5550000, 0x00000000f5550000, 0x00000000f5550200, 0x00000000faab0000)
 Metaspace       used 7575K, committed 7744K, reserved 1114112K
  class space    used 1694K, committed 1792K, reserved 1048576K
}
Event: 2.775 GC heap after
{Heap after GC invocations=1 (full 0):
 def new generation   total 39296K, used 3653K [0x00000000f0000000, 0x00000000f2aa0000, 0x00000000f5550000)
  eden space 34944K,   0% used [0x00000000f0000000, 0x00000000f0000000, 0x00000000f2220000)
  from space 4352K,  83% used [0x00000000f2660000, 0x00000000f29f17c0, 0x00000000f2aa0000)
  to   space 4352K,   0% used [0x00000000f2220000, 0x00000000f2220000, 0x00000000f2660000)
 tenured generation   total 87424K, used 0K [0x00000000f5550000, 0x00000000faab0000, 0x0000000100000000)
   the space 87424K,   0% used [0x00000000f5550000, 0x00000000f5550000, 0x00000000f5550200, 0x00000000faab0000)
 Metaspace       used 7575K, committed 7744K, reserved 1114112K
  class space    used 1694K, committed 1792K, reserved 1048576K
}
Event: 3.741 GC heap before
{Heap before GC invocations=1 (full 0):
 def new generation   total 39296K, used 38597K [0x00000000f0000000, 0x00000000f2aa0000, 0x00000000f5550000)
  eden space 34944K, 100% used [0x00000000f0000000, 0x00000000f2220000, 0x00000000f2220000)
  from space 4352K,  83% used [0x00000000f2660000, 0x00000000f29f17c0, 0x00000000f2aa0000)
  to   space 4352K,   0% used [0x00000000f2220000, 0x00000000f2220000, 0x00000000f2660000)
 tenured generation   total 87424K, used 0K [0x00000000f5550000, 0x00000000faab0000, 0x0000000100000000)
   the space 87424K,   0% used [0x00000000f5550000, 0x00000000f5550000, 0x00000000f5550200, 0x00000000faab0000)
 Metaspace       used 12236K, committed 12608K, reserved 1114112K
  class space    used 2604K, committed 2752K, reserved 1048576K
}
Event: 3.752 GC heap after
{Heap after GC invocations=2 (full 0):
 def new generation   total 39296K, used 2188K [0x00000000f0000000, 0x00000000f2aa0000, 0x00000000f5550000)
  eden space 34944K,   0% used [0x00000000f0000000, 0x00000000f0000000, 0x00000000f2220000)
  from space 4352K,  50% used [0x00000000f2220000, 0x00000000f2443348, 0x00000000f2660000)
  to   space 4352K,   0% used [0x00000000f2660000, 0x00000000f2660000, 0x00000000f2aa0000)
 tenured generation   total 87424K, used 3563K [0x00000000f5550000, 0x00000000faab0000, 0x0000000100000000)
   the space 87424K,   4% used [0x00000000f5550000, 0x00000000f58cac58, 0x00000000f58cae00, 0x00000000faab0000)
 Metaspace       used 12236K, committed 12608K, reserved 1114112K
  class space    used 2604K, committed 2752K, reserved 1048576K
}

Dll operation events (6 events):
Event: 0.010 Loaded shared library C:\Program Files\Eclipse Adoptium\jdk-17.0.16.8-hotspot\bin\java.dll
Event: 0.026 Loaded shared library C:\Program Files\Eclipse Adoptium\jdk-17.0.16.8-hotspot\bin\jsvml.dll
Event: 0.069 Loaded shared library C:\Program Files\Eclipse Adoptium\jdk-17.0.16.8-hotspot\bin\net.dll
Event: 0.071 Loaded shared library C:\Program Files\Eclipse Adoptium\jdk-17.0.16.8-hotspot\bin\nio.dll
Event: 0.084 Loaded shared library C:\Program Files\Eclipse Adoptium\jdk-17.0.16.8-hotspot\bin\zip.dll
Event: 0.544 Loaded shared library C:\Program Files\Eclipse Adoptium\jdk-17.0.16.8-hotspot\bin\jimage.dll

Deoptimization events (20 events):
Event: 4.363 Thread 0x000001d8e8cbd610 Uncommon trap: trap_request=0xffffffc6 fr.pc=0x000001d8f8493f1c relative=0x0000000000000e7c
Event: 4.363 Thread 0x000001d8e8cbd610 Uncommon trap: reason=bimorphic_or_optimized_type_check action=maybe_recompile pc=0x000001d8f8493f1c method=clojure.lang.RT.first(Ljava/lang/Object;)Ljava/lang/Object; @ 29 c2
Event: 4.363 Thread 0x000001d8e8cbd610 DEOPT PACKING pc=0x000001d8f8493f1c sp=0x0000000fd07f69e0
Event: 4.363 Thread 0x000001d8e8cbd610 DEOPT UNPACKING pc=0x000001d8f7e79ea3 sp=0x0000000fd07f69e0 mode 2
Event: 4.363 Thread 0x000001d8e8cbd610 Uncommon trap: trap_request=0xffffffc6 fr.pc=0x000001d8f8493f1c relative=0x0000000000000e7c
Event: 4.363 Thread 0x000001d8e8cbd610 Uncommon trap: reason=bimorphic_or_optimized_type_check action=maybe_recompile pc=0x000001d8f8493f1c method=clojure.lang.RT.first(Ljava/lang/Object;)Ljava/lang/Object; @ 29 c2
Event: 4.363 Thread 0x000001d8e8cbd610 DEOPT PACKING pc=0x000001d8f8493f1c sp=0x0000000fd07f69e0
Event: 4.363 Thread 0x000001d8e8cbd610 DEOPT UNPACKING pc=0x000001d8f7e79ea3 sp=0x0000000fd07f69e0 mode 2
Event: 4.363 Thread 0x000001d8e8cbd610 Uncommon trap: trap_request=0xffffffde fr.pc=0x000001d8f8474dc0 relative=0x00000000000008a0
Event: 4.363 Thread 0x000001d8e8cbd610 Uncommon trap: reason=class_check action=maybe_recompile pc=0x000001d8f8474dc0 method=clojure.lang.RT.next(Ljava/lang/Object;)Lclojure/lang/ISeq; @ 29 c2
Event: 4.363 Thread 0x000001d8e8cbd610 DEOPT PACKING pc=0x000001d8f8474dc0 sp=0x0000000fd07f69e0
Event: 4.363 Thread 0x000001d8e8cbd610 DEOPT UNPACKING pc=0x000001d8f7e79ea3 sp=0x0000000fd07f69e0 mode 2
Event: 4.367 Thread 0x000001d8e8cbd610 Uncommon trap: trap_request=0xffffffde fr.pc=0x000001d8f8474dc0 relative=0x00000000000008a0
Event: 4.367 Thread 0x000001d8e8cbd610 Uncommon trap: reason=class_check action=maybe_recompile pc=0x000001d8f8474dc0 method=clojure.lang.RT.next(Ljava/lang/Object;)Lclojure/lang/ISeq; @ 29 c2
Event: 4.367 Thread 0x000001d8e8cbd610 DEOPT PACKING pc=0x000001d8f8474dc0 sp=0x0000000fd07f69e0
Event: 4.367 Thread 0x000001d8e8cbd610 DEOPT UNPACKING pc=0x000001d8f7e79ea3 sp=0x0000000fd07f69e0 mode 2
Event: 4.368 Thread 0x000001d8e8cbd610 Uncommon trap: trap_request=0xffffffde fr.pc=0x000001d8f8474dc0 relative=0x00000000000008a0
Event: 4.368 Thread 0x000001d8e8cbd610 Uncommon trap: reason=class_check action=maybe_recompile pc=0x000001d8f8474dc0 method=clojure.lang.RT.next(Ljava/lang/Object;)Lclojure/lang/ISeq; @ 29 c2
Event: 4.368 Thread 0x000001d8e8cbd610 DEOPT PACKING pc=0x000001d8f8474dc0 sp=0x0000000fd07f5700
Event: 4.368 Thread 0x000001d8e8cbd610 DEOPT UNPACKING pc=0x000001d8f7e79ea3 sp=0x0000000fd07f5700 mode 2

Classes loaded (20 events):
Event: 4.183 Loading class jdk/internal/reflect/ByteVectorImpl
Event: 4.183 Loading class jdk/internal/reflect/ByteVector
Event: 4.183 Loading class jdk/internal/reflect/ByteVector done
Event: 4.183 Loading class jdk/internal/reflect/ByteVectorImpl done
Event: 4.183 Loading class jdk/internal/reflect/ClassFileAssembler
Event: 4.183 Loading class jdk/internal/reflect/ClassFileAssembler done
Event: 4.183 Loading class jdk/internal/reflect/UTF8
Event: 4.183 Loading class jdk/internal/reflect/UTF8 done
Event: 4.184 Loading class jdk/internal/reflect/Label
Event: 4.184 Loading class jdk/internal/reflect/Label done
Event: 4.184 Loading class jdk/internal/reflect/Label$PatchInfo
Event: 4.184 Loading class jdk/internal/reflect/Label$PatchInfo done
Event: 4.184 Loading class jdk/internal/reflect/MethodAccessorGenerator$1
Event: 4.184 Loading class jdk/internal/reflect/MethodAccessorGenerator$1 done
Event: 4.184 Loading class jdk/internal/reflect/ClassDefiner
Event: 4.184 Loading class jdk/internal/reflect/ClassDefiner done
Event: 4.184 Loading class jdk/internal/reflect/ClassDefiner$1
Event: 4.184 Loading class jdk/internal/reflect/ClassDefiner$1 done
Event: 4.326 Loading class java/util/function/UnaryOperator
Event: 4.326 Loading class java/util/function/UnaryOperator done

Classes unloaded (0 events):
No events

Classes redefined (0 events):
No events

Internal exceptions (20 events):
Event: 2.950 Thread 0x000001d8e8cbd610 Implicit null exception at 0x000001d8f843f16f to 0x000001d8f84413bc
Event: 2.963 Thread 0x000001d8e8cbd610 Implicit null exception at 0x000001d8f8442c55 to 0x000001d8f8442df8
Event: 2.965 Thread 0x000001d8e8cbd610 Exception <a 'java/lang/NoSuchMethodError'{0x00000000f088ae58}: 'int java.lang.invoke.DirectMethodHandle$Holder.invokeSpecial(java.lang.Object, java.lang.Object, java.lang.Object)'> (0x00000000f088ae58) 
thrown [s\src\hotspot\share\interpreter\linkResolver.cpp, line 759]
Event: 2.965 Thread 0x000001d8e8cbd610 Exception <a 'java/lang/NoSuchMethodError'{0x00000000f0891450}: 'int java.lang.invoke.DirectMethodHandle$Holder.invokeSpecial(java.lang.Object, java.lang.Object, java.lang.Object, java.lang.Object)'> (0x00000000f0891450) 
thrown [s\src\hotspot\share\interpreter\linkResolver.cpp, line 759]
Event: 2.968 Thread 0x000001d8e8cbd610 Exception <a 'java/lang/NoSuchMethodError'{0x00000000f08a6350}: 'java.lang.Object java.lang.invoke.DirectMethodHandle$Holder.invokeStatic(java.lang.Object, java.lang.Object, int)'> (0x00000000f08a6350) 
thrown [s\src\hotspot\share\interpreter\linkResolver.cpp, line 759]
Event: 2.969 Thread 0x000001d8e8cbd610 Exception <a 'java/lang/NoSuchMethodError'{0x00000000f08aaf50}: 'void java.lang.invoke.DirectMethodHandle$Holder.invokeStatic(java.lang.Object, java.lang.Object, int, java.lang.Object)'> (0x00000000f08aaf50) 
thrown [s\src\hotspot\share\interpreter\linkResolver.cpp, line 759]
Event: 2.969 Thread 0x000001d8e8cbd610 Exception <a 'java/lang/NoSuchMethodError'{0x00000000f08b26e0}: 'void java.lang.invoke.DelegatingMethodHandle$Holder.delegate(java.lang.Object, java.lang.Object, int, java.lang.Object)'> (0x00000000f08b26e0) 
thrown [s\src\hotspot\share\interpreter\linkResolver.cpp, line 759]
Event: 2.972 Thread 0x000001d8e8cbd610 Exception <a 'java/lang/NoSuchMethodError'{0x00000000f08c8c00}: 'int java.lang.invoke.DirectMethodHandle$Holder.invokeStatic(java.lang.Object, java.lang.Object, int)'> (0x00000000f08c8c00) 
thrown [s\src\hotspot\share\interpreter\linkResolver.cpp, line 759]
Event: 2.973 Thread 0x000001d8e8cbd610 Exception <a 'java/lang/NoSuchMethodError'{0x00000000f08cca08}: 'int java.lang.invoke.DirectMethodHandle$Holder.invokeSpecial(java.lang.Object, java.lang.Object, java.lang.Object, int)'> (0x00000000f08cca08) 
thrown [s\src\hotspot\share\interpreter\linkResolver.cpp, line 759]
Event: 2.974 Thread 0x000001d8e8cbd610 Exception <a 'java/lang/NoSuchMethodError'{0x00000000f08df890}: 'java.lang.Object java.lang.invoke.DirectMethodHandle$Holder.invokeStatic(java.lang.Object, java.lang.Object, java.lang.Object, java.lang.Object, int)'> (0x00000000f08df890) 
thrown [s\src\hotspot\share\interpreter\linkResolver.cpp, line 759]
Event: 3.313 Thread 0x000001d8e8cbd610 Exception <a 'java/lang/NoSuchMethodError'{0x00000000f1188388}: 'java.lang.Object java.lang.invoke.DirectMethodHandle$Holder.invokeStaticInit(java.lang.Object, int, int, int, int)'> (0x00000000f1188388) 
thrown [s\src\hotspot\share\interpreter\linkResolver.cpp, line 759]
Event: 3.396 Thread 0x000001d8e8cbd610 Exception <a 'java/lang/NoSuchMethodError'{0x00000000f11f0878}: 'java.lang.Object java.lang.invoke.DirectMethodHandle$Holder.invokeStaticInit(java.lang.Object, java.lang.Object, int, int, int, int)'> (0x00000000f11f0878) 
thrown [s\src\hotspot\share\interpreter\linkResolver.cpp, line 759]
Event: 3.568 Thread 0x000001d8e8cbd610 Implicit null exception at 0x000001d8f8496eb9 to 0x000001d8f8497020
Event: 3.667 Thread 0x000001d8e8cbd610 Exception <a 'java/lang/NoSuchMethodError'{0x00000000f1d516a0}: 'java.lang.Object java.lang.invoke.DirectMethodHandle$Holder.invokeInterface(java.lang.Object, java.lang.Object)'> (0x00000000f1d516a0) 
thrown [s\src\hotspot\share\interpreter\linkResolver.cpp, line 759]
Event: 3.668 Thread 0x000001d8e8cbd610 Exception <a 'java/lang/IncompatibleClassChangeError'{0x00000000f1d55140}: Found class java.lang.Object, but interface was expected> (0x00000000f1d55140) 
thrown [s\src\hotspot\share\interpreter\linkResolver.cpp, line 826]
Event: 3.672 Thread 0x000001d8e8cbd610 Implicit null exception at 0x000001d8f84aee1b to 0x000001d8f84afc54
Event: 3.811 Thread 0x000001d8e8cbd610 Implicit null exception at 0x000001d8f84b222c to 0x000001d8f84b3654
Event: 3.813 Thread 0x000001d8e8cbd610 Implicit null exception at 0x000001d8f84b09f4 to 0x000001d8f84b11ac
Event: 4.057 Thread 0x000001d8e8cbd610 Exception <a 'java/lang/NoSuchMethodError'{0x00000000f0c154a0}: 'int java.lang.invoke.Invokers$Holder.invoke_MT(java.lang.Object, java.lang.Object, java.lang.Object, java.lang.Object)'> (0x00000000f0c154a0) 
thrown [s\src\hotspot\share\interpreter\linkResolver.cpp, line 759]
Event: 4.058 Thread 0x000001d8e8cbd610 Exception <a 'java/lang/NoSuchMethodError'{0x00000000f0c19b60}: 'java.lang.Object java.lang.invoke.Invokers$Holder.invokeExact_MT(java.lang.Object, java.lang.Object, java.lang.Object)'> (0x00000000f0c19b60) 
thrown [s\src\hotspot\share\interpreter\linkResolver.cpp, line 759]

VM Operations (20 events):
Event: 3.335 Executing VM operation: HandshakeAllThreads done
Event: 3.486 Executing VM operation: ICBufferFull
Event: 3.486 Executing VM operation: ICBufferFull done
Event: 3.600 Executing VM operation: ICBufferFull
Event: 3.600 Executing VM operation: ICBufferFull done
Event: 3.684 Executing VM operation: ICBufferFull
Event: 3.684 Executing VM operation: ICBufferFull done
Event: 3.741 Executing VM operation: GenCollectForAllocation
Event: 3.753 Executing VM operation: GenCollectForAllocation done
Event: 3.808 Executing VM operation: HandshakeAllThreads
Event: 3.808 Executing VM operation: HandshakeAllThreads done
Event: 3.808 Executing VM operation: HandshakeAllThreads
Event: 3.808 Executing VM operation: HandshakeAllThreads done
Event: 3.969 Executing VM operation: ICBufferFull
Event: 3.970 Executing VM operation: ICBufferFull done
Event: 4.055 Executing VM operation: HandshakeAllThreads
Event: 4.055 Executing VM operation: HandshakeAllThreads done
Event: 4.153 Executing VM operation: ICBufferFull
Event: 4.153 Executing VM operation: ICBufferFull done
Event: 5.158 Executing VM operation: Cleanup

Memory protections (0 events):
No events

Nmethod flushes (0 events):
No events

Events (14 events):
Event: 0.026 Thread 0x000001d8e8cbd610 Thread added: 0x000001d8e8cbd610
Event: 0.029 Thread 0x000001d8e8cbd610 Thread added: 0x000001d8e8d35790
Event: 0.029 Thread 0x000001d8e8cbd610 Thread added: 0x000001d8e8d36350
Event: 0.036 Thread 0x000001d8e8cbd610 Thread added: 0x000001d8e8d4cff0
Event: 0.036 Thread 0x000001d8e8cbd610 Thread added: 0x000001d8e8d4dbb0
Event: 0.036 Thread 0x000001d8e8cbd610 Thread added: 0x000001d8e8d512f0
Event: 0.036 Thread 0x000001d8e8cbd610 Thread added: 0x000001d8e8d564e0
Event: 0.036 Thread 0x000001d8e8cbd610 Thread added: 0x000001d8e8d580f0
Event: 0.036 Thread 0x000001d8e8cbd610 Thread added: 0x000001d8e8d5a880
Event: 0.036 Thread 0x000001d8e8cbd610 Thread added: 0x000001d8e8d5b190
Event: 0.062 Thread 0x000001d8e8cbd610 Thread added: 0x000001d8c50210e0
Event: 0.066 Thread 0x000001d8e8cbd610 Thread added: 0x000001d8c502b7b0
Event: 1.247 Thread 0x000001d8e8d5a880 Thread added: 0x000001d8c561c810
Event: 1.557 Thread 0x000001d8e8d5a880 Thread added: 0x000001d8c56c9940


Dynamic libraries:
0x00007ff711660000 - 0x00007ff71166e000 	C:\Program Files\Eclipse Adoptium\jdk-17.0.16.8-hotspot\bin\java.exe
0x00007ffc75640000 - 0x00007ffc758a8000 	C:\WINDOWS\SYSTEM32\ntdll.dll
0x00007ffc74f40000 - 0x00007ffc75009000 	C:\WINDOWS\System32\KERNEL32.DLL
0x00007ffc72cc0000 - 0x00007ffc730b2000 	C:\WINDOWS\System32\KERNELBASE.dll
0x00007ffc72ad0000 - 0x00007ffc72c1b000 	C:\WINDOWS\System32\ucrtbase.dll
0x00007ffc6b120000 - 0x00007ffc6b137000 	C:\Program Files\Eclipse Adoptium\jdk-17.0.16.8-hotspot\bin\jli.dll
0x00007ffc6b100000 - 0x00007ffc6b11e000 	C:\Program Files\Eclipse Adoptium\jdk-17.0.16.8-hotspot\bin\VCRUNTIME140.dll
0x00007ffc74920000 - 0x00007ffc74ae5000 	C:\WINDOWS\System32\USER32.dll
0x00007ffc5cdb0000 - 0x00007ffc5d043000 	C:\WINDOWS\WinSxS\amd64_microsoft.windows.common-controls_6595b64144ccf1df_6.0.26100.6899_none_3e0efeeae32e88c1\COMCTL32.dll
0x00007ffc72aa0000 - 0x00007ffc72ac7000 	C:\WINDOWS\System32\win32u.dll
0x00007ffc73570000 - 0x00007ffc73619000 	C:\WINDOWS\System32\msvcrt.dll
0x00007ffc75030000 - 0x00007ffc7505b000 	C:\WINDOWS\System32\GDI32.dll
0x00007ffc730c0000 - 0x00007ffc731ed000 	C:\WINDOWS\System32\gdi32full.dll
0x00007ffc73360000 - 0x00007ffc73403000 	C:\WINDOWS\System32\msvcp_win.dll
0x00007ffc74570000 - 0x00007ffc7459f000 	C:\WINDOWS\System32\IMM32.DLL
0x00007ffc6b0a0000 - 0x00007ffc6b0ac000 	C:\Program Files\Eclipse Adoptium\jdk-17.0.16.8-hotspot\bin\vcruntime140_1.dll
0x00007ffc63c00000 - 0x00007ffc63c8d000 	C:\Program Files\Eclipse Adoptium\jdk-17.0.16.8-hotspot\bin\msvcp140.dll
0x00007ffbfaa40000 - 0x00007ffbfb6ab000 	C:\Program Files\Eclipse Adoptium\jdk-17.0.16.8-hotspot\bin\server\jvm.dll
0x00007ffc75110000 - 0x00007ffc751c4000 	C:\WINDOWS\System32\ADVAPI32.dll
0x00007ffc74870000 - 0x00007ffc74916000 	C:\WINDOWS\System32\sechost.dll
0x00007ffc752d0000 - 0x00007ffc753e8000 	C:\WINDOWS\System32\RPCRT4.dll
0x00007ffc73d70000 - 0x00007ffc73de4000 	C:\WINDOWS\System32\WS2_32.dll
0x00007ffc72650000 - 0x00007ffc726ae000 	C:\WINDOWS\SYSTEM32\POWRPROF.dll
0x00007ffc68610000 - 0x00007ffc6861b000 	C:\WINDOWS\SYSTEM32\VERSION.dll
0x00007ffc5cd70000 - 0x00007ffc5cda5000 	C:\WINDOWS\SYSTEM32\WINMM.dll
0x00007ffc72630000 - 0x00007ffc72644000 	C:\WINDOWS\SYSTEM32\UMPDC.dll
0x00007ffc715a0000 - 0x00007ffc715bb000 	C:\WINDOWS\SYSTEM32\kernel.appcore.dll
0x00007ffc68600000 - 0x00007ffc6860a000 	C:\Program Files\Eclipse Adoptium\jdk-17.0.16.8-hotspot\bin\jimage.dll
0x00007ffc70080000 - 0x00007ffc702c2000 	C:\WINDOWS\SYSTEM32\DBGHELP.DLL
0x00007ffc74b00000 - 0x00007ffc74e7b000 	C:\WINDOWS\System32\combase.dll
0x00007ffc745b0000 - 0x00007ffc74687000 	C:\WINDOWS\System32\OLEAUT32.dll
0x00007ffc5cc90000 - 0x00007ffc5cccc000 	C:\WINDOWS\SYSTEM32\dbgcore.DLL
0x00007ffc72c20000 - 0x00007ffc72cb8000 	C:\WINDOWS\System32\bcryptPrimitives.dll
0x00007ffc685d0000 - 0x00007ffc685f5000 	C:\Program Files\Eclipse Adoptium\jdk-17.0.16.8-hotspot\bin\java.dll
0x00007ffc5a6b0000 - 0x00007ffc5a787000 	C:\Program Files\Eclipse Adoptium\jdk-17.0.16.8-hotspot\bin\jsvml.dll
0x00007ffc73620000 - 0x00007ffc73d6d000 	C:\WINDOWS\System32\SHELL32.dll
0x00007ffc731f0000 - 0x00007ffc7335b000 	C:\WINDOWS\System32\wintypes.dll
0x00007ffc70460000 - 0x00007ffc70cbd000 	C:\WINDOWS\SYSTEM32\windows.storage.dll
0x00007ffc754e0000 - 0x00007ffc755d2000 	C:\WINDOWS\System32\SHCORE.dll
0x00007ffc73ed0000 - 0x00007ffc73f32000 	C:\WINDOWS\System32\shlwapi.dll
0x00007ffc726f0000 - 0x00007ffc72719000 	C:\WINDOWS\SYSTEM32\profapi.dll
0x00007ffc685b0000 - 0x00007ffc685c9000 	C:\Program Files\Eclipse Adoptium\jdk-17.0.16.8-hotspot\bin\net.dll
0x00007ffc64d70000 - 0x00007ffc64e8f000 	C:\WINDOWS\SYSTEM32\WINHTTP.dll
0x00007ffc71b10000 - 0x00007ffc71b7b000 	C:\WINDOWS\system32\mswsock.dll
0x00007ffc64260000 - 0x00007ffc64276000 	C:\Program Files\Eclipse Adoptium\jdk-17.0.16.8-hotspot\bin\nio.dll
0x00007ffc64240000 - 0x00007ffc64258000 	C:\Program Files\Eclipse Adoptium\jdk-17.0.16.8-hotspot\bin\zip.dll
0x00007ffc71dc0000 - 0x00007ffc71ddb000 	C:\WINDOWS\SYSTEM32\CRYPTSP.dll
0x00007ffc71500000 - 0x00007ffc7153b000 	C:\WINDOWS\system32\rsaenh.dll
0x00007ffc71bb0000 - 0x00007ffc71bdb000 	C:\WINDOWS\SYSTEM32\USERENV.dll
0x00007ffc726c0000 - 0x00007ffc726e6000 	C:\WINDOWS\SYSTEM32\bcrypt.dll
0x00007ffc71de0000 - 0x00007ffc71dec000 	C:\WINDOWS\SYSTEM32\CRYPTBASE.dll
0x00007ffc70fc0000 - 0x00007ffc70ff4000 	C:\WINDOWS\SYSTEM32\IPHLPAPI.DLL
0x00007ffc73e70000 - 0x00007ffc73e7a000 	C:\WINDOWS\System32\NSI.dll
0x00007ffc68620000 - 0x00007ffc6863e000 	C:\WINDOWS\SYSTEM32\dhcpcsvc6.DLL
0x00007ffc64b00000 - 0x00007ffc64b23000 	C:\WINDOWS\SYSTEM32\dhcpcsvc.DLL
0x00007ffc71050000 - 0x00007ffc71176000 	C:\WINDOWS\SYSTEM32\DNSAPI.dll

dbghelp: loaded successfully - version: 4.0.5 - missing functions: none
symbol engine: initialized successfully - sym options: 0x614 - pdb path: .;C:\Program Files\Eclipse Adoptium\jdk-17.0.16.8-hotspot\bin;C:\WINDOWS\SYSTEM32;C:\WINDOWS\WinSxS\amd64_microsoft.windows.common-controls_6595b64144ccf1df_6.0.26100.6899_none_3e0efeeae32e88c1;C:\Program Files\Eclipse Adoptium\jdk-17.0.16.8-hotspot\bin\server

VM Arguments:
jvm_args: -Dfile.encoding=UTF-8 -Xmx256m -Xms128m -XX:+UseSerialGC -Dclojure.compile.path=C:\Users\Admin\Documents\FP\functional_programming\lab2\sc-bag\target\test+test\classes -Dsc-bag.version=0.1.0-SNAPSHOT -Dclojure.debug=false 
java_command: clojure.main -i C:\Users\Admin\AppData\Local\Temp\form-init6610965900864837102.clj
java_class_path (initial): C:\Users\Admin\Documents\FP\functional_programming\lab2\sc-bag\test;C:\Users\Admin\Documents\FP\functional_programming\lab2\sc-bag\src;C:\Users\Admin\Documents\FP\functional_programming\lab2\sc-bag\dev-resources;C:\Users\Admin\Documents\FP\functional_programming\lab2\sc-bag\resources;C:\Users\Admin\Documents\FP\functional_programming\lab2\sc-bag\target\test+test\classes;C:\Users\Admin\.m2\repository\org\clojure\clojure\1.11.1\clojure-1.11.1.jar;C:\Users\Admin\.m2\repository\org\clojure\spec.alpha\0.3.218\spec.alpha-0.3.218.jar;C:\Users\Admin\.m2\repository\org\clojure\core.specs.alpha\0.2.62\core.specs.alpha-0.2.62.jar;C:\Users\Admin\.m2\repository\nrepl\nrepl\1.0.0\nrepl-1.0.0.jar;C:\Users\Admin\.m2\repository\org\nrepl\incomplete\0.1.0\incomplete-0.1.0.jar;C:\Users\Admin\.m2\repository\org\clojure\test.check\1.1.1\test.check-1.1.1.jar
Launcher Type: SUN_STANDARD

[Global flags]
     intx CICompilerCount                          = 4                                         {product} {ergonomic}
   size_t InitialHeapSize                          = 134217728                                 {product} {command line}
   size_t MaxHeapSize                              = 268435456                                 {product} {command line}
   size_t MaxNewSize                               = 89456640                                  {product} {ergonomic}
   size_t MinHeapDeltaBytes                        = 196608                                    {product} {ergonomic}
   size_t MinHeapSize                              = 134217728                                 {product} {command line}
   size_t NewSize                                  = 44695552                                  {product} {ergonomic}
    uintx NonNMethodCodeHeapSize                   = 5839372                                {pd product} {ergonomic}
    uintx NonProfiledCodeHeapSize                  = 122909434                              {pd product} {ergonomic}
   size_t OldSize                                  = 89522176                                  {product} {ergonomic}
    uintx ProfiledCodeHeapSize                     = 122909434                              {pd product} {ergonomic}
    uintx ReservedCodeCacheSize                    = 251658240                              {pd product} {ergonomic}
     bool SegmentedCodeCache                       = true                                      {product} {ergonomic}
   size_t SoftMaxHeapSize                          = 268435456                              {manageable} {ergonomic}
     bool UseCompressedClassPointers               = true                           {product lp64_product} {ergonomic}
     bool UseCompressedOops                        = true                           {product lp64_product} {ergonomic}
     bool UseLargePagesIndividualAllocation        = false                                  {pd product} {ergonomic}
     bool UseSerialGC                              = true                                      {product} {command line}

Logging:
Log output configuration:
 #0: stdout all=warning uptime,level,tags
 #1: stderr all=off uptime,level,tags

Environment Variables:
JAVA_HOME=C:\Program Files\Java\jdk-17
CLASSPATH=C:\Users\Admin\.lein\self-installs\leiningen-2.12.0-standalone.jar
PATH=C:\Users\Admin\miniconda3\condabin;C:\Program Files\Eclipse Adoptium\jdk-17.0.16.8-hotspot\bin;C:\Program Files\Common Files\Oracle\Java\javapath;C:\Python313\Scripts\;C:\Python313\;C:\Program Files (x86)\Common Files\Intel\Shared Libraries\redist\intel64\compiler;C:\WINDOWS\system32;C:\WINDOWS;C:\WINDOWS\System32\Wbem;C:\WINDOWS\System32\WindowsPowerShell\v1.0\;C:\WINDOWS\System32\OpenSSH\;C:\Program Files\dotnet\;C:\Program Files\Microsoft SQL Server\150\Tools\Binn\;C:\Program Files\GitHub CLI\;C:\Program Files (x86)\Nodist\bin;C:\Program Files\nodejs\;C:\ProgramData\chocolatey\bin;C:\Program Files\Git\cmd;C:\tools\groovy-3.0.25\bin;C:\Users\Admin\miniconda3;C:\Users\Admin\miniconda3\Library\mingw-w64\bin;C:\Users\Admin\miniconda3\Library\usr\bin;C:\Users\Admin\miniconda3\Library\bin;C:\Users\Admin\miniconda3\Scripts;C:\Users\Admin\AppData\Local\Microsoft\WindowsApps;C:\Users\Admin\AppData\Local\Programs\Microsoft VS Code\bin;C:\Users\Admin\.dotnet\tools;C:\Users\Admin\AppData\Local\GitHubDesktop\bin;C:\Users\Admin\AppData\Local\Programs\cursor\resources\app\bin;C:\Users\Admin\AppData\Roaming\npm;C:\Users\Admin\lein;C:\iverilog\bin;C:\iverilog\gtkwave\bin
USERNAME=Admin
LANG=en_US.UTF-8
OS=Windows_NT
PROCESSOR_IDENTIFIER=Intel64 Family 6 Model 126 Stepping 5, GenuineIntel
TMP=C:\Users\Admin\AppData\Local\Temp
TEMP=C:\Users\Admin\AppData\Local\Temp



Periodic native trim disabled


---------------  S Y S T E M  ---------------

OS:
 Windows 11 , 64 bit Build 26100 (10.0.26100.6725)
OS uptime: 0 days 6:16 hours

CPU: total 8 (initial active 8) (4 cores per cpu, 2 threads per core) family 6 model 126 stepping 5 microcode 0xa6, cx8, cmov, fxsr, ht, mmx, 3dnowpref, sse, sse2, sse3, ssse3, sse4.1, sse4.2, popcnt, lzcnt, tsc, tscinvbit, avx, avx2, aes, erms, clmul, bmi1, bmi2, adx, avx512f, avx512dq, avx512cd, avx512bw, avx512vl, sha, fma, vzeroupper, avx512_vpopcntdq, avx512_vpclmulqdq, avx512_vaes, avx512_vnni, clflush, clflushopt, avx512_vbmi2, avx512_vbmi
Processor Information for processor 0
  Max Mhz: 1201, Current Mhz: 1000, Mhz Limit: 1201
Processor Information for processor 1
  Max Mhz: 1201, Current Mhz: 1201, Mhz Limit: 1201
Processor Information for processor 2
  Max Mhz: 1201, Current Mhz: 1201, Mhz Limit: 1201
Processor Information for processor 3
  Max Mhz: 1201, Current Mhz: 1000, Mhz Limit: 1201
Processor Information for processor 4
  Max Mhz: 1201, Current Mhz: 1000, Mhz Limit: 1201
Processor Information for processor 5
  Max Mhz: 1201, Current Mhz: 1201, Mhz Limit: 1201
Processor Information for processor 6
  Max Mhz: 1201, Current Mhz: 1201, Mhz Limit: 1201
Processor Information for processor 7
  Max Mhz: 1201, Current Mhz: 1000, Mhz Limit: 1201

Memory: 4k page, system-wide physical 7932M (1837M free)
TotalPageFile size 7932M (AvailPageFile size 7M)
current process WorkingSet (physical memory assigned to process): 142M, peak: 145M
current process commit charge ("private bytes"): 215M, peak: 218M

vm_info: OpenJDK 64-Bit Server VM (17.0.16+8) for windows-amd64 JRE (17.0.16+8), built on Jul 16 2025 10:37:56 by "admin" with MS VC++ 17.7 (VS2022)

END.
