#
# There is insufficient memory for the Java Runtime Environment to continue.
# Native memory allocation (mmap) failed to map 130023424 bytes. Error detail: G1 virtual space
# Possible reasons:
#   The system is out of physical RAM or swap space
#   This process is running with CompressedOops enabled, and the Java Heap may be blocking the growth of the native heap
# Possible solutions:
#   Reduce memory load on the system
#   Increase physical memory or swap space
#   Check if swap backing store is full
#   Decrease Java heap size (-Xmx/-Xms)
#   Decrease number of Java threads
#   Decrease Java thread stack sizes (-Xss)
#   Set larger code cache with -XX:ReservedCodeCacheSize=
#   JVM is running with Unscaled Compressed Oops mode in which the Java heap is
#     placed in the first 4GB address space. The Java Heap base address is the
#     maximum limit for the native heap growth. Please use -XX:HeapBaseMinAddress
#     to set the Java Heap base and to place the Java Heap above 4GB virtual address.
# This output file may be truncated or incomplete.
#
#  Out of Memory Error (os_windows.cpp:3618), pid=12416, tid=16180
#
# JRE version:  (17.0.16+8) (build )
# Java VM: OpenJDK 64-Bit Server VM (17.0.16+8, mixed mode, sharing, tiered, compressed oops, compressed class ptrs, g1 gc, windows-amd64)
# No core dump will be written. Minidumps are not enabled by default on client versions of Windows
#

---------------  S U M M A R Y ------------

Command Line: -Dfile.encoding=UTF-8 -XX:-OmitStackTraceInFastThrow -Dclojure.compile.path=C:\Users\Admin\Documents\FP\functional_programming\lab2\sc-bag\target\test+test\classes -Dsc-bag.version=0.1.0-SNAPSHOT -Dclojure.debug=false clojure.main -i C:\Users\Admin\AppData\Local\Temp\form-init15465837218406267259.clj

Host: Intel(R) Core(TM) i5-1035G1 CPU @ 1.00GHz, 8 cores, 7G,  Windows 11 , 64 bit Build 26100 (10.0.26100.6725)
Time: Mon Nov 17 20:11:16 2025 RTZ 2 (s 11 , 64 bit Build 26100 (10.0.26100.6725) elapsed time: 1.038988 seconds (0d 0h 0m 1s)

---------------  T H R E A D  ---------------

Current thread (0x00000201e439c2f0):  JavaThread "Unknown thread" [_thread_in_vm, id=16180, stack(0x000000d57a300000,0x000000d57a400000)]

Stack: [0x000000d57a300000,0x000000d57a400000]
Native frames: (J=compiled Java code, j=interpreted, Vv=VM code, C=native code)
V  [jvm.dll+0x683169]
V  [jvm.dll+0x839ac8]
V  [jvm.dll+0x83b573]
V  [jvm.dll+0x83bbe3]
V  [jvm.dll+0x2473ff]
V  [jvm.dll+0x67ff49]
V  [jvm.dll+0x674e3a]
V  [jvm.dll+0x304ea6]
V  [jvm.dll+0x30c366]
V  [jvm.dll+0x35deee]
V  [jvm.dll+0x35e12d]
V  [jvm.dll+0x2dc26c]
V  [jvm.dll+0x2dd184]
V  [jvm.dll+0x80ba1b]
V  [jvm.dll+0x36b921]
V  [jvm.dll+0x7ea5df]
V  [jvm.dll+0x3f24fe]
V  [jvm.dll+0x3f4031]
C  [jli.dll+0x5278]
C  [ucrtbase.dll+0x37b0]
C  [KERNEL32.DLL+0x2e8d7]
C  [ntdll.dll+0x8c53c]


---------------  P R O C E S S  ---------------

Threads class SMR info:
_java_thread_list=0x00007ffbfb577f58, length=0, elements={
}

Java Threads: ( => current thread )

Other Threads:
  0x00000201e43f7b30 GCTaskThread "GC Thread#0" [stack: 0x000000d57a400000,0x000000d57a500000] [id=5920]
  0x00000201e4408280 ConcurrentGCThread "G1 Main Marker" [stack: 0x000000d57a500000,0x000000d57a600000] [id=5628]
  0x00000201e440a820 ConcurrentGCThread "G1 Conc#0" [stack: 0x000000d57a600000,0x000000d57a700000] [id=15984]

[error occurred during error reporting (printing all threads), id 0xc0000005, EXCEPTION_ACCESS_VIOLATION (0xc0000005) at pc=0x00007ffbfad2cd97]

VM state: not at safepoint (not fully initialized)

VM Mutex/Monitor currently owned by a thread:  ([mutex/lock_event])
[0x00000201e4396c90] Heap_lock - owner thread: 0x00000201e439c2f0

Heap address: 0x0000000084000000, size: 1984 MB, Compressed Oops mode: 32-bit

CDS archive(s) mapped at: [0x0000000000000000-0x0000000000000000-0x0000000000000000), size 0, SharedBaseAddress: 0x0000000800000000, ArchiveRelocationMode: 1.
Narrow klass base: 0x0000000000000000, Narrow klass shift: 0, Narrow klass range: 0x0

GC Precious Log:
<Empty>

Heap:
 garbage-first heap   total 0K, used 0K [0x0000000084000000, 0x0000000100000000)
  region size 1024K, 0 young (0K), 0 survivors (0K)

[error occurred during error reporting (printing heap information), id 0xc0000005, EXCEPTION_ACCESS_VIOLATION (0xc0000005) at pc=0x00007ffbfb11c869]

GC Heap History (0 events):
No events

Dll operation events (1 events):
Event: 0.010 Loaded shared library C:\Program Files\Eclipse Adoptium\jdk-17.0.16.8-hotspot\bin\java.dll

Deoptimization events (0 events):
No events

Classes loaded (0 events):
No events

Classes unloaded (0 events):
No events

Classes redefined (0 events):
No events

Internal exceptions (0 events):
No events

VM Operations (0 events):
No events

Memory protections (0 events):
No events

Nmethod flushes (0 events):
No events

Events (0 events):
No events


Dynamic libraries:
0x00007ff711660000 - 0x00007ff71166e000 	C:\Program Files\Eclipse Adoptium\jdk-17.0.16.8-hotspot\bin\java.exe
0x00007ffc75640000 - 0x00007ffc758a8000 	C:\WINDOWS\SYSTEM32\ntdll.dll
0x00007ffc74f40000 - 0x00007ffc75009000 	C:\WINDOWS\System32\KERNEL32.DLL
0x00007ffc72cc0000 - 0x00007ffc730b2000 	C:\WINDOWS\System32\KERNELBASE.dll
0x00007ffc72ad0000 - 0x00007ffc72c1b000 	C:\WINDOWS\System32\ucrtbase.dll
0x00007ffc6b100000 - 0x00007ffc6b11e000 	C:\Program Files\Eclipse Adoptium\jdk-17.0.16.8-hotspot\bin\VCRUNTIME140.dll
0x00007ffc6b120000 - 0x00007ffc6b137000 	C:\Program Files\Eclipse Adoptium\jdk-17.0.16.8-hotspot\bin\jli.dll
0x00007ffc74920000 - 0x00007ffc74ae5000 	C:\WINDOWS\System32\USER32.dll
0x00007ffc5cdb0000 - 0x00007ffc5d043000 	C:\WINDOWS\WinSxS\amd64_microsoft.windows.common-controls_6595b64144ccf1df_6.0.26100.6899_none_3e0efeeae32e88c1\COMCTL32.dll
0x00007ffc72aa0000 - 0x00007ffc72ac7000 	C:\WINDOWS\System32\win32u.dll
0x00007ffc75030000 - 0x00007ffc7505b000 	C:\WINDOWS\System32\GDI32.dll
0x00007ffc73570000 - 0x00007ffc73619000 	C:\WINDOWS\System32\msvcrt.dll
0x00007ffc730c0000 - 0x00007ffc731ed000 	C:\WINDOWS\System32\gdi32full.dll
0x00007ffc73360000 - 0x00007ffc73403000 	C:\WINDOWS\System32\msvcp_win.dll
0x00007ffc74570000 - 0x00007ffc7459f000 	C:\WINDOWS\System32\IMM32.DLL
0x00007ffc6b0a0000 - 0x00007ffc6b0ac000 	C:\Program Files\Eclipse Adoptium\jdk-17.0.16.8-hotspot\bin\vcruntime140_1.dll
0x00007ffc63c00000 - 0x00007ffc63c8d000 	C:\Program Files\Eclipse Adoptium\jdk-17.0.16.8-hotspot\bin\msvcp140.dll
0x00007ffbfaa40000 - 0x00007ffbfb6ab000 	C:\Program Files\Eclipse Adoptium\jdk-17.0.16.8-hotspot\bin\server\jvm.dll
0x00007ffc75110000 - 0x00007ffc751c4000 	C:\WINDOWS\System32\ADVAPI32.dll
0x00007ffc74870000 - 0x00007ffc74916000 	C:\WINDOWS\System32\sechost.dll
0x00007ffc752d0000 - 0x00007ffc753e8000 	C:\WINDOWS\System32\RPCRT4.dll
0x00007ffc73d70000 - 0x00007ffc73de4000 	C:\WINDOWS\System32\WS2_32.dll
0x00007ffc72650000 - 0x00007ffc726ae000 	C:\WINDOWS\SYSTEM32\POWRPROF.dll
0x00007ffc68610000 - 0x00007ffc6861b000 	C:\WINDOWS\SYSTEM32\VERSION.dll
0x00007ffc5cd70000 - 0x00007ffc5cda5000 	C:\WINDOWS\SYSTEM32\WINMM.dll
0x00007ffc72630000 - 0x00007ffc72644000 	C:\WINDOWS\SYSTEM32\UMPDC.dll
0x00007ffc715a0000 - 0x00007ffc715bb000 	C:\WINDOWS\SYSTEM32\kernel.appcore.dll
0x00007ffc68600000 - 0x00007ffc6860a000 	C:\Program Files\Eclipse Adoptium\jdk-17.0.16.8-hotspot\bin\jimage.dll
0x00007ffc70080000 - 0x00007ffc702c2000 	C:\WINDOWS\SYSTEM32\DBGHELP.DLL
0x00007ffc74b00000 - 0x00007ffc74e7b000 	C:\WINDOWS\System32\combase.dll
0x00007ffc745b0000 - 0x00007ffc74687000 	C:\WINDOWS\System32\OLEAUT32.dll
0x00007ffc5cc90000 - 0x00007ffc5cccc000 	C:\WINDOWS\SYSTEM32\dbgcore.DLL
0x00007ffc72c20000 - 0x00007ffc72cb8000 	C:\WINDOWS\System32\bcryptPrimitives.dll
0x00007ffc685d0000 - 0x00007ffc685f5000 	C:\Program Files\Eclipse Adoptium\jdk-17.0.16.8-hotspot\bin\java.dll

dbghelp: loaded successfully - version: 4.0.5 - missing functions: none
symbol engine: initialized successfully - sym options: 0x614 - pdb path: .;C:\Program Files\Eclipse Adoptium\jdk-17.0.16.8-hotspot\bin;C:\WINDOWS\SYSTEM32;C:\WINDOWS\WinSxS\amd64_microsoft.windows.common-controls_6595b64144ccf1df_6.0.26100.6899_none_3e0efeeae32e88c1;C:\Program Files\Eclipse Adoptium\jdk-17.0.16.8-hotspot\bin\server

VM Arguments:
jvm_args: -Dfile.encoding=UTF-8 -XX:-OmitStackTraceInFastThrow -Dclojure.compile.path=C:\Users\Admin\Documents\FP\functional_programming\lab2\sc-bag\target\test+test\classes -Dsc-bag.version=0.1.0-SNAPSHOT -Dclojure.debug=false 
java_command: clojure.main -i C:\Users\Admin\AppData\Local\Temp\form-init15465837218406267259.clj
java_class_path (initial): C:\Users\Admin\Documents\FP\functional_programming\lab2\sc-bag\test;C:\Users\Admin\Documents\FP\functional_programming\lab2\sc-bag\src;C:\Users\Admin\Documents\FP\functional_programming\lab2\sc-bag\dev-resources;C:\Users\Admin\Documents\FP\functional_programming\lab2\sc-bag\resources;C:\Users\Admin\Documents\FP\functional_programming\lab2\sc-bag\target\test+test\classes;C:\Users\Admin\.m2\repository\org\clojure\clojure\1.11.1\clojure-1.11.1.jar;C:\Users\Admin\.m2\repository\org\clojure\spec.alpha\0.3.218\spec.alpha-0.3.218.jar;C:\Users\Admin\.m2\repository\org\clojure\core.specs.alpha\0.2.62\core.specs.alpha-0.2.62.jar;C:\Users\Admin\.m2\repository\nrepl\nrepl\1.0.0\nrepl-1.0.0.jar;C:\Users\Admin\.m2\repository\org\nrepl\incomplete\0.1.0\incomplete-0.1.0.jar;C:\Users\Admin\.m2\repository\org\clojure\test.check\1.1.1\test.check-1.1.1.jar
Launcher Type: SUN_STANDARD

[Global flags]
     intx CICompilerCount                          = 4                                         {product} {ergonomic}
     uint ConcGCThreads                            = 2                                         {product} {ergonomic}
     uint G1ConcRefinementThreads                  = 8                                         {product} {ergonomic}
   size_t G1HeapRegionSize                         = 1048576                                   {product} {ergonomic}
    uintx GCDrainStackTargetSize                   = 64                                        {product} {ergonomic}
   size_t InitialHeapSize                          = 130023424                                 {product} {ergonomic}
   size_t MarkStackSize                            = 4194304                                   {product} {ergonomic}
   size_t MaxHeapSize                              = 2080374784                                {product} {ergonomic}
   size_t MinHeapDeltaBytes                        = 1048576                                   {product} {ergonomic}
   size_t MinHeapSize                              = 8388608                                   {product} {ergonomic}
    uintx NonNMethodCodeHeapSize                   = 5839372                                {pd product} {ergonomic}
    uintx NonProfiledCodeHeapSize                  = 122909434                              {pd product} {ergonomic}
     bool OmitStackTraceInFastThrow                = false                                     {product} {command line}
    uintx ProfiledCodeHeapSize                     = 122909434                              {pd product} {ergonomic}
    uintx ReservedCodeCacheSize                    = 251658240                              {pd product} {ergonomic}
     bool SegmentedCodeCache                       = true                                      {product} {ergonomic}
   size_t SoftMaxHeapSize                          = 2080374784                             {manageable} {ergonomic}
     bool UseCompressedClassPointers               = true                           {product lp64_product} {ergonomic}
     bool UseCompressedOops                        = true                           {product lp64_product} {ergonomic}
     bool UseG1GC                                  = true                                      {product} {ergonomic}
     bool UseLargePagesIndividualAllocation        = false                                  {pd product} {ergonomic}

Logging:
Log output configuration:
 #0: stdout all=warning uptime,level,tags
 #1: stderr all=off uptime,level,tags

Environment Variables:
JAVA_HOME=C:\Program Files\Java\jdk-17
CLASSPATH=C:\Users\Admin\.lein\self-installs\leiningen-2.12.0-standalone.jar
PATH=C:\Users\Admin\miniconda3\condabin;C:\Program Files\Eclipse Adoptium\jdk-17.0.16.8-hotspot\bin;C:\Program Files\Common Files\Oracle\Java\javapath;C:\Python313\Scripts\;C:\Python313\;C:\Program Files (x86)\Common Files\Intel\Shared Libraries\redist\intel64\compiler;C:\WINDOWS\system32;C:\WINDOWS;C:\WINDOWS\System32\Wbem;C:\WINDOWS\System32\WindowsPowerShell\v1.0\;C:\WINDOWS\System32\OpenSSH\;C:\Program Files\dotnet\;C:\Program Files\Microsoft SQL Server\150\Tools\Binn\;C:\Program Files\GitHub CLI\;C:\Program Files (x86)\Nodist\bin;C:\Program Files\nodejs\;C:\ProgramData\chocolatey\bin;C:\Program Files\Git\cmd;C:\tools\groovy-3.0.25\bin;C:\Users\Admin\miniconda3;C:\Users\Admin\miniconda3\Library\mingw-w64\bin;C:\Users\Admin\miniconda3\Library\usr\bin;C:\Users\Admin\miniconda3\Library\bin;C:\Users\Admin\miniconda3\Scripts;C:\Users\Admin\AppData\Local\Microsoft\WindowsApps;C:\Users\Admin\AppData\Local\Programs\Microsoft VS Code\bin;C:\Users\Admin\.dotnet\tools;C:\Users\Admin\AppData\Local\GitHubDesktop\bin;C:\Users\Admin\AppData\Local\Programs\cursor\resources\app\bin;C:\Users\Admin\AppData\Roaming\npm;C:\Users\Admin\lein;C:\iverilog\bin;C:\iverilog\gtkwave\bin
USERNAME=Admin
LANG=en_US.UTF-8
OS=Windows_NT
PROCESSOR_IDENTIFIER=Intel64 Family 6 Model 126 Stepping 5, GenuineIntel
TMP=C:\Users\Admin\AppData\Local\Temp
TEMP=C:\Users\Admin\AppData\Local\Temp



Periodic native trim disabled


---------------  S Y S T E M  ---------------

OS:
 Windows 11 , 64 bit Build 26100 (10.0.26100.6725)
OS uptime: 0 days 6:04 hours

CPU: total 8 (initial active 8) (4 cores per cpu, 2 threads per core) family 6 model 126 stepping 5 microcode 0xa6, cx8, cmov, fxsr, ht, mmx, 3dnowpref, sse, sse2, sse3, ssse3, sse4.1, sse4.2, popcnt, lzcnt, tsc, tscinvbit, avx, avx2, aes, erms, clmul, bmi1, bmi2, adx, avx512f, avx512dq, avx512cd, avx512bw, avx512vl, sha, fma, vzeroupper, avx512_vpopcntdq, avx512_vpclmulqdq, avx512_vaes, avx512_vnni, clflush, clflushopt, avx512_vbmi2, avx512_vbmi
Processor Information for all 8 processors :
  Max Mhz: 1201, Current Mhz: 1201, Mhz Limit: 1201

Memory: 4k page, system-wide physical 7932M (1806M free)
TotalPageFile size 7932M (AvailPageFile size 36M)
current process WorkingSet (physical memory assigned to process): 12M, peak: 12M
current process commit charge ("private bytes"): 60M, peak: 184M

vm_info: OpenJDK 64-Bit Server VM (17.0.16+8) for windows-amd64 JRE (17.0.16+8), built on Jul 16 2025 10:37:56 by "admin" with MS VC++ 17.7 (VS2022)

END.
